4678.-https://www.instructables.com/id/Tattooed-Candles/
4679.-https://www.instructables.com/id/Lolly-Pop-Pot/
4680.-https://www.instructables.com/id/Scan-Photo-With-Your-Mobile-Phone/
4681.-https://www.instructables.com/id/An-Easy-Care-Fun-Fern-Myers-or-Foxtail-Fern/
4682.-https://www.instructables.com/id/Fake-Aquarium-Plants/
4683.-https://www.instructables.com/id/DIY-Plant-Hanger/
4684.-https://www.instructables.com/id/Easter-DIY-How-to-Make-3-Different-Egg-Candles/
4685.-https://www.instructables.com/id/How-to-Make-Bucket-Gardening-With-Water-Level-Indi/
4686.-https://www.instructables.com/id/DIY-Drill-and-Plywood-Illustration/
4687.-https://www.instructables.com/id/SIMPLE-PLYWOOD-SHELVES/
4688.-https://www.instructables.com/id/Visited-Countries-String-Art-Map/
4689.-https://www.instructables.com/id/Replacement-Watch-Strap-From-an-Old-Inner-Tire/
4690.-https://www.instructables.com/id/Canvas-Painting/
4691.-https://www.instructables.com/id/Scooby-Doo-Mystery-Machine-Toddler-Bed/
4692.-https://www.instructables.com/id/Game-of-Thrones-Cardboard-Art/
4693.-https://www.instructables.com/id/Flat-Bottom-Light-Bulb-Vase/
4694.-https://www.instructables.com/id/Before-and-After-Kitchen-Table-to-Nightstand-Catch/
4695.-https://www.instructables.com/id/Wood-Handles-for-Cast-Iron-Skillets/
4696.-https://www.instructables.com/id/How-To-Dye-Easter-Eggs-With-Rice/
4697.-https://www.instructables.com/id/Lingerie-Sock-Storage-no-Sew/
4698.-https://www.instructables.com/id/RATBUSTER-4000/
4699.-https://www.instructables.com/id/Got-Foot-Odor-Heres-What-You-Need-to-Stop-Doing/
4700.-https://www.instructables.com/id/Decorate-Your-Home-With-Balloons-Floating-in-Air/
4701.-https://www.instructables.com/id/Bead-Roses-for-Your-Special-Someone/
4702.-https://www.instructables.com/id/Tv-Unit-Media-Display-From-Old-Scaffold-Planks/
4703.-https://www.instructables.com/id/Before-After-Decorative-Tiles-Replace-Wooden-Spind/
4704.-https://www.instructables.com/id/Home-Office-Conversion/
4705.-https://www.instructables.com/id/A-Cheap-No-Maintenance-LED-Fan-Mosquito-Trap/
4706.-https://www.instructables.com/id/Grommeted-Tough-Bag/
4707.-https://www.instructables.com/id/What-Happened-With-Coca-Cola-Green/
4708.-https://www.instructables.com/id/How-to-Steampunk-Decorate-an-Electrical-Wall-Plate/
4709.-https://www.instructables.com/id/Homemade-Magnetic-Frame/
4710.-https://www.instructables.com/id/Marcel-Curling-Iron-Tutorial/
4711.-https://www.instructables.com/id/Butterfly-Cork-Clock/
4712.-https://www.instructables.com/id/Dramatic-Blue-Pink-Cut-Crease/
4713.-https://www.instructables.com/id/Orbit-Lamp/
4714.-https://www.instructables.com/id/Magnet-Trampoline/
4715.-https://www.instructables.com/id/5-Ways-to-Keep-Cockroaches-Off-Your-House/
4716.-https://www.instructables.com/id/Float-Racers/
4717.-https://www.instructables.com/id/Writing-Secret-Messages-in-Color/
4718.-https://www.instructables.com/id/Balloon-Trombone/
4719.-https://www.instructables.com/id/Tangle-Proof-Earbud-Tie/
4720.-https://www.instructables.com/id/Siphon-Chain-Reaction-1/
4721.-https://www.instructables.com/id/How-to-Use-Pantiliners-As-First-Aid-Bandages/
4722.-https://www.instructables.com/id/Hanging-Storage-Bins/
4723.-https://www.instructables.com/id/Sorry-Bambi-the-Restaurant-Is-Closed/
4724.-https://www.instructables.com/id/IKEA-Spice-Rack-Jewelry-Holder/
4725.-https://www.instructables.com/id/Scary-Stairwell-to-Playful-Pathway/
4726.-https://www.instructables.com/id/Tic-Tac-Torch-1/
4727.-https://www.instructables.com/id/DIY-Build-for-an-LED-Backlight-Behind-TV-for-Under/
4728.-https://www.instructables.com/id/Shelf-R2-D2/
4729.-https://www.instructables.com/id/MouseRat-Bait-Box/
4730.-https://www.instructables.com/id/Adding-a-Simple-Lock-to-a-Refrigerator/
4731.-https://www.instructables.com/id/Lanyard-Hack-Adjustable-Lanyard/
4732.-https://www.instructables.com/id/Drill-Powered-Bathroom-Brush/
4733.-https://www.instructables.com/id/Trip-themed-Luggage-Tag/
4734.-https://www.instructables.com/id/Necronomicon-Couplet-on-Plywood/
4735.-https://www.instructables.com/id/Holi-Lights-Programmable-Multi-Holiday-Wreath/
4736.-https://www.instructables.com/id/Under-Stairs-Storage/
4737.-https://www.instructables.com/id/Water-Bead-Ice-Pack/
4738.-https://www.instructables.com/id/DIY-Stretchy-Wrap-for-Newborn-Babywearing/
4739.-https://www.instructables.com/id/Power-Antenna-Hack/
4740.-https://www.instructables.com/id/-Unusual-Uses-for-Tweezers/
4741.-https://www.instructables.com/id/Copper-Paneled-French-Door/
4742.-https://www.instructables.com/id/Pen-Holder-From-a-Old-Crashers-Bottle/
4743.-https://www.instructables.com/id/Valentines-Day-Table-Decoration/
4744.-https://www.instructables.com/id/SUN-JAR-VALENTINES-DAY-GLOW-JAR/
4745.-https://www.instructables.com/id/DIY-PBC-Vertical-Garden/
4746.-https://www.instructables.com/id/Cat-Bed-from-Scratch/
4747.-https://www.instructables.com/id/Plywood-Storage-Case/
4748.-https://www.instructables.com/id/Photo-Embroidery-DIY/
4749.-https://www.instructables.com/id/Simple-Huge-Plywood-and-2x-Lumber-Shelf/
4750.-https://www.instructables.com/id/DIY-FLower-Tower-From-an-Antique-Washing-Bin/
4751.-https://www.instructables.com/id/Mini-Containers-From-Bottle-Jar-Caps/
4752.-https://www.instructables.com/id/10-Things-to-Make-With-an-Old-Pair-of-Jeans/
4753.-https://www.instructables.com/id/DIY-Inexpensive-Bendable-Waterproof-Vines/
4754.-https://www.instructables.com/id/Humane-Mousetrap-Capture-Beacon/
4755.-https://www.instructables.com/id/Sexy-Smokey-Eye-Valentines-Makeup-Look/
4756.-https://www.instructables.com/id/USB-Charging-Station/
4757.-https://www.instructables.com/id/Thrive-for-Five-Five-minute-Exercises-You-Can-Do-a/
4758.-https://www.instructables.com/id/Make-a-Cheap-Protective-Case-for-Makey-Makey-in-Ju/
4759.-https://www.instructables.com/id/The-Color-Changing-Rose/
4760.-https://www.instructables.com/id/Freedom-Frame/
4761.-https://www.instructables.com/id/Crack-Nuts-With-Your-Bare-Hands/
4762.-https://www.instructables.com/id/Shiny-CD-Frame/
4763.-https://www.instructables.com/id/Super-Tall-Custom-Bookshelf/
4764.-https://www.instructables.com/id/Menu-Planning-Made-Easy-and-Beautiful/
4765.-https://www.instructables.com/id/Casa-Para-Gatos/
4766.-https://www.instructables.com/id/Tax-Prep-for-Creative-Professionals/
4767.-https://www.instructables.com/id/Super-Sturdy-Floating-Shelf-From-Barn-Wood/
4768.-https://www.instructables.com/id/A-Birdcage-Makeover-Into-a-DIY-Cat-Bed-Sylvester-t/
4769.-https://www.instructables.com/id/Giant-Dice-Game/
4770.-https://www.instructables.com/id/Fix-Your-Ethernet-Plug-using-Zip-Tie/
4771.-https://www.instructables.com/id/Drab-to-FAB-Ikea-Jug/
4772.-https://www.instructables.com/id/Kids-Science-Project-Reusable-Hand-Warmers/
4773.-https://www.instructables.com/id/Caring-for-Bromeliads-What-You-Need-to-Know-to-Gro/
4774.-https://www.instructables.com/id/3-Things-to-Do-on-a-Rainy-Day/
4775.-https://www.instructables.com/id/Freestanding-Bike-RackBookcase/
4776.-https://www.instructables.com/id/Dog-Agility-Tire-Jump-From-Pallet/
4777.-https://www.instructables.com/id/Vertical-Tree-Lamp/
4778.-https://www.instructables.com/id/Paper-Roll-Wall-Organizer/
4779.-https://www.instructables.com/id/Hallway-Landing-Zone/
4780.-https://www.instructables.com/id/Spiral-Garden-With-Recycled-Bottles/
4781.-https://www.instructables.com/id/Vanilla-Lip-Balm/
4782.-https://www.instructables.com/id/Dresser-Platform-Bed-From-Scratch/
4783.-https://www.instructables.com/id/DIY-Vintage-Jewellery-Box/
4784.-https://www.instructables.com/id/A-Safe-Painting/
4785.-https://www.instructables.com/id/Organize-a-Messy-Desk/
4786.-https://www.instructables.com/id/Cupboard-Restoration/
4787.-https://www.instructables.com/id/DIY-Massage-Candles/
4788.-https://www.instructables.com/id/Dated-Table-to-Fab-Rolling-Chair/
4789.-https://www.instructables.com/id/How-to-Make-Knotty-Pine-Look-Like-Sheetrock/
4790.-https://www.instructables.com/id/Paper-Made-Wall-mat/
4791.-https://www.instructables.com/id/DIY-Pallet-Headboard-With-Lights/
4792.-https://www.instructables.com/id/How-to-Design-Your-Tiny-House-or-Gispy-Wagon/
4793.-https://www.instructables.com/id/Fitted-Camera-Case-From-Old-Tool-Case/
4794.-https://www.instructables.com/id/9-Cozy-Cat-Nap-Nooks/
4795.-https://www.instructables.com/id/Illuminated-Pencil-Box-With-Arduino/
4796.-https://www.instructables.com/id/Valentines-Day-Wax-Melts/
4797.-https://www.instructables.com/id/Valentines-Day-Gift-Jar/
4798.-https://www.instructables.com/id/Handy-Tip-1-Fixing-Cabinet-Door-Hinge-With-Chopsti/
4799.-https://www.instructables.com/id/Valentines-Day-Pillows/
4800.-https://www.instructables.com/id/Ladder-Shelving/
4801.-https://www.instructables.com/id/Apartment-closet/
4802.-https://www.instructables.com/id/Tablet-Stand-of-Recipes/
4803.-https://www.instructables.com/id/DIY-Food-Cover/
4804.-https://www.instructables.com/id/Puzzle-Chair/
4805.-https://www.instructables.com/id/A-Display-of-Love/
4806.-https://www.instructables.com/id/Health-Benefits-From-Papaya-Seeds-and-Male-Contrac/
4807.-https://www.instructables.com/id/Dog-Waste-Bag-Dispenser/
4808.-https://www.instructables.com/id/Fancy-Twist-ties-Youll-Wanna-Wear/
4809.-https://www.instructables.com/id/Mud-Room-Coat-Rack-and-Bench/
4810.-https://www.instructables.com/id/Home-Made-Laundry-Detergent-1/
4811.-https://www.instructables.com/id/Recover-Dining-Room-Chairs/
4812.-https://www.instructables.com/id/Book-Assistant/
4813.-https://www.instructables.com/id/Mile-high-Knifeblock-EZ-Insert-EZ-Clean/
4814.-https://www.instructables.com/id/GRWM-Brown-Smokey-Eye-Makeup-Look/
4815.-https://www.instructables.com/id/DIY-Mercury-Glass/
4816.-https://www.instructables.com/id/How-to-Paint-Distress-Mason-Jars/
4817.-https://www.instructables.com/id/Succah-a-Temporary-Shelter-Covered-in-Natural-Mate/
4818.-https://www.instructables.com/id/Swirly-Negative-Space-Nail-Art/
4819.-https://www.instructables.com/id/Siphon-for-Mini-Aquariums/
4820.-https://www.instructables.com/id/Polymer-Clay-Candy-Hearts/
4821.-https://www.instructables.com/id/DIY-MINI-SHOT-GLASSES-OF-COCA-COLA/
4822.-https://www.instructables.com/id/Beer-Tray/
4823.-https://www.instructables.com/id/Die-Cut-Wall-Stencil/
4824.-https://www.instructables.com/id/Hand-Carved-2x4s/
4825.-https://www.instructables.com/id/DIY-Coffee-Filter/
4826.-https://www.instructables.com/id/Magnet-Building-Sticks/
4827.-https://www.instructables.com/id/Mini-Wave-Model-1/
4828.-https://www.instructables.com/id/How-to-Change-a-Old-Shoes-Into-a-Flower-Pot-Easy/
4829.-https://www.instructables.com/id/Vegetable-Peeler-From-a-Soda-Can/
4830.-https://www.instructables.com/id/Hand-Pump/
4831.-https://www.instructables.com/id/Ikea-Doll-Turned-Adjustable-Lamp/
4832.-https://www.instructables.com/id/Making-Color-Mash-Ups/
4833.-https://www.instructables.com/id/Indoor-Pet-Flap/
4834.-https://www.instructables.com/id/Portable-Cone-Burner-Kit/
4835.-https://www.instructables.com/id/Baby-Proof-Cushioned-Stair-Runners/
4836.-https://www.instructables.com/id/IKEA-Kvissle-Letter-Tray-Mini-Rackable-Shelf-Syste/
4837.-https://www.instructables.com/id/Carriage-Lamp-Restoration/
4838.-https://www.instructables.com/id/7-Winter-Life-Hacks-to-Keep-You-Warm/
4839.-https://www.instructables.com/id/Dinosaur-Coat-Rack/
4840.-https://www.instructables.com/id/Zip-Tie-Fence-Fix/
4841.-https://www.instructables.com/id/No-Closet-No-Problem/
4842.-https://www.instructables.com/id/Poormans-Bottle-cutter/
4843.-https://www.instructables.com/id/GRWM-Makeup-Revolution-Chocolate-Palette/
4844.-https://www.instructables.com/id/Wood-2x4-Balancing-Pour-Over-Coffee-Maker/
4845.-https://www.instructables.com/id/Dream-Island-Mapping-Project/
4846.-https://www.instructables.com/id/Light-a-Storage-Room-With-LED-Rope-Light/
4847.-https://www.instructables.com/id/How-to-Make-a-Monopod-Selfie-Stick/
4848.-https://www.instructables.com/id/How-to-Excercise-Your-Horse-With-Time-Management/
4849.-https://www.instructables.com/id/Kids-Solar-Water-Heater/
4850.-https://www.instructables.com/id/Pull-Through-Braid-HairByRachel/
4851.-https://www.instructables.com/id/DIY-Darts-made-Out-of-Matches/
4852.-https://www.instructables.com/id/Ziptie-Phone-Holder/
4853.-https://www.instructables.com/id/Organize-With-Zip-Ties/
4854.-https://www.instructables.com/id/Peg-Ladder-Shoe-Rack/
4855.-https://www.instructables.com/id/Doomguys-Expressions/
4856.-https://www.instructables.com/id/Faux-Cactus-W-Zip-Tie-Thorns/
4857.-https://www.instructables.com/id/Jungle-Animal-Mobile-Light/
4858.-https://www.instructables.com/id/Clear-Snow-the-Laziest-Way-Imaginable/
4859.-https://www.instructables.com/id/Burn-Seashell-Lime-in-a-Primitive-StrawClay-Kiln/
4860.-https://www.instructables.com/id/Solar-Powered-Air-Conditioner/
4861.-https://www.instructables.com/id/Lets-Make-Warhol-Art/
4862.-https://www.instructables.com/id/DIY-Chefs-Herb-Wreath/
4863.-https://www.instructables.com/id/DIY-Bath-Snow/
4864.-https://www.instructables.com/id/martini-Side-Table/
4865.-https://www.instructables.com/id/Kitchen-Roll-House/
4866.-https://www.instructables.com/id/Old-Wood-Log-to-a-Planter/
4867.-https://www.instructables.com/id/3D-Inspirational-Wall-Art/
4868.-https://www.instructables.com/id/Hanging-Zip-Tie-Pencil-Organizer/
4869.-https://www.instructables.com/id/Before-and-After-Room-Makeover/
4870.-https://www.instructables.com/id/Extend-the-Handle-of-a-Phil-and-Teds-Explorer-Bugg/
4871.-https://www.instructables.com/id/Cardboard-Lamp/
4872.-https://www.instructables.com/id/Cardboard-Monitor-Stand/
4873.-https://www.instructables.com/id/Flexible-Shelf/
4874.-https://www.instructables.com/id/DIY-Valentines-Day-Gift-Pencil-Case-Recycling-Card/
4875.-https://www.instructables.com/id/Showerloop/
4876.-https://www.instructables.com/id/Dressing-Table-Makeover/
4877.-https://www.instructables.com/id/grass-lunch-tray/
4878.-https://www.instructables.com/id/Cardboard-Box-Transformation-Shoe-box-Photo-Frame/
4879.-https://www.instructables.com/id/How-to-Make-a-Computerstand-Out-of-a-Computerbox/
4880.-https://www.instructables.com/id/A-CARDBOARD-FRAME-TO-SHOW-YOUR-LP-RECORDS/
4881.-https://www.instructables.com/id/Cardboard-Clothing-Hanger/
4882.-https://www.instructables.com/id/Push-Bike-Station/
4883.-https://www.instructables.com/id/Solar-Thermal-Air-Heater-on-a-Shipping-Container/
4884.-https://www.instructables.com/id/Cardboard-Wine-Holder/
4885.-https://www.instructables.com/id/Cardboard-Champagne-Coolbox/
4886.-https://www.instructables.com/id/Litter-Sifter-1/
4887.-https://www.instructables.com/id/Guitar-Wall-Holder/
4888.-https://www.instructables.com/id/Nespresso-Capsules-Holder/
4889.-https://www.instructables.com/id/Hack-Your-Paper-Towel-Holder/
4890.-https://www.instructables.com/id/Shelf-Mounted-Bubble-Cubbies/
4891.-https://www.instructables.com/id/Pencil-Case-2/
4892.-https://www.instructables.com/id/My-Favorite-Candy-Magnets/
4893.-https://www.instructables.com/id/Lap-Table-and-Decorative-Cushion/
4894.-https://www.instructables.com/id/Furniture-Hack-Old-Mahogany-Headboard-Repurposed-I/
4895.-https://www.instructables.com/id/TV-Coffee-Table/
4896.-https://www.instructables.com/id/Plywood-Honey-Bee-Swarm-Bait-Catch-Hive-and-Nucleu/
4897.-https://www.instructables.com/id/Naked-Makeup-Tutorial/
4898.-https://www.instructables.com/id/Growing-Radishes/
4899.-https://www.instructables.com/id/DIY-Mason-Jar-Planters/
4900.-https://www.instructables.com/id/Repairing-a-Toilet/
4901.-https://www.instructables.com/id/36-Cool-Indoor-Garden-Ideas-to-Grow-Food/
4902.-https://www.instructables.com/id/Post-Holiday-Lamp/
4903.-https://www.instructables.com/id/Body-Lip-Sugar-Scrub/
4904.-https://www.instructables.com/id/Instant-Light-Boom/
4905.-https://www.instructables.com/id/Coat-Rack-2/
4906.-https://www.instructables.com/id/Fancy-Paper-Pots/
4907.-https://www.instructables.com/id/Minecraft-Christmas-Tree-1/
4908.-https://www.instructables.com/id/Indoor-Herb-Garden-With-Automatic-Watering/
4909.-https://www.instructables.com/id/The-Mouse-Hole/
4910.-https://www.instructables.com/id/Shelf-Bed-Storage/
4911.-https://www.instructables.com/id/Inground-Greenhouse-Growing-including-Recipes/
4912.-https://www.instructables.com/id/Canvas-Wall-Frame/
4913.-https://www.instructables.com/id/Huge-Desk-Lamp-Floorlamp/
no info
4914.-https://www.instructables.com/id/The-Mood-Wine/
4915.-https://www.instructables.com/id/Experiment-to-See-If-Green-Onions-Regrow-Better-in/
4916.-https://www.instructables.com/id/Cozy-Winelamp/
4917.-https://www.instructables.com/id/How-to-Make-a-Stunning-Bespoke-Reading-Lamp/
4918.-https://www.instructables.com/id/Broken-Bowl-to-Catcus-Plant-Holder/
4919.-https://www.instructables.com/id/Fertigation/
4920.-https://www.instructables.com/id/Outdoor-Movie-Theater-With-Snow-Wall-and-Projector/
4921.-https://www.instructables.com/id/Beautiful-Fountain/
4922.-https://www.instructables.com/id/Stroller-Connectors/
4923.-https://www.instructables.com/id/DIY-Bakers-Gift-Box/
4924.-https://www.instructables.com/id/Ikea-LACK-Corner-Table/
4925.-https://www.instructables.com/id/Foiling-Art/
4926.-https://www.instructables.com/id/The-Force-Awakens-Knife-Block/
4927.-https://www.instructables.com/id/Custom-Character-Hanger-Hooks/
4928.-https://www.instructables.com/id/Lightsaber-Headboard/
4929.-https://www.instructables.com/id/Floss-Refill/
4930.-https://www.instructables.com/id/How-to-Eat-Bottle-of-Coke/
4931.-https://www.instructables.com/id/Starting-a-Bonsai-From-Seed/
4932.-https://www.instructables.com/id/Homemade-Bike-Rack/
4933.-https://www.instructables.com/id/Indoor-Magnet-Plant-Decor/
4934.-https://www.instructables.com/id/Redo-a-Vintage-Sideboard/
4935.-https://www.instructables.com/id/A-Best-Kept-Secret-to-Losing-Weight/
4936.-https://www.instructables.com/id/Coffee-Maker-Heater-for-Seed-Starting/
4937.-https://www.instructables.com/id/Repair-a-Broken-Crock-Pot-Lid/
4938.-https://www.instructables.com/id/Food-Dehydrator-1/
4939.-https://www.instructables.com/id/SECRET-MAGNETIC-LOCK-DRAWER/
4940.-https://www.instructables.com/id/Drill-Powered-Ice-Crusher/
4941.-https://www.instructables.com/id/Indoor-AquaponicHydroponic-Food-System/
4942.-https://www.instructables.com/id/Custom-look-Treatments-From-Purchased-Thermal-Pane/
4943.-https://www.instructables.com/id/Cardboard-Bookshelf-Elements/
4944.-https://www.instructables.com/id/Illuminated-Glass-Gift-Decoration/
4945.-https://www.instructables.com/id/Square-Edge-Bench-Cushions/
4946.-https://www.instructables.com/id/How-to-Get-Your-Baby-Used-to-Bathing-in-5-Days/
4947.-https://www.instructables.com/id/Designer-Indoor-Plant-Grower-for-Less-Than-15-upcy/
4948.-https://www.instructables.com/id/Bathroom-Counter-Burn-Removed-Without-Removing-the/
4949.-https://www.instructables.com/id/How-to-Wrap-Last-Minute-Gifts-Made-From-Pasta-and--1/
4950.-https://www.instructables.com/id/Zip-Tie-Wheat-Eater/
4951.-https://www.instructables.com/id/Universal-SmartPhone-Car-Mount/
4952.-https://www.instructables.com/id/El-Wire-Neon-Sign/
4953.-https://www.instructables.com/id/Mini-Fabric-Bolt-Storage/
4954.-https://www.instructables.com/id/DIY-Plastic-String-from-a-PET-Bottle/
4955.-https://www.instructables.com/id/Hack-a-LACK-in-a-Play-Doh-Play-Table-With-Extra-St/
4956.-https://www.instructables.com/id/CHICKEN-ZIP-TIE-DESKLAMP/
4957.-https://www.instructables.com/id/2x2-Glowing-Minecraft-Ore-Night-Light/
4958.-https://www.instructables.com/id/Graber-MAG-Trainer-Spring-Loaded-Passive-Vibration/
4959.-https://www.instructables.com/id/DIY-One-of-a-Kind-Ceramic-Mugs/
4960.-https://www.instructables.com/id/Important-Car-Cleaning-Areas/
4961.-https://www.instructables.com/id/Backlit-Star-Trek-Combadge-Wall-Decoration/
4962.-https://www.instructables.com/id/Zip-Tie-Fruit-Bowl/
4963.-https://www.instructables.com/id/Fifth-Element-Stones/
4964.-https://www.instructables.com/id/Cloud-LED-Lamp/
4965.-https://www.instructables.com/id/Chalk-Board-Serving-Platter/
4966.-https://www.instructables.com/id/Big-Wardrobe-in-a-Tiny-House/
4967.-https://www.instructables.com/id/Fishtail-Rainbow-Loom-Bracelet-Tutorial/
4968.-https://www.instructables.com/id/Kitchen-Unit-Hydroponics/
4969.-https://www.instructables.com/id/Make-an-Amazing-Reading-Lamp-With-Your-Phone/
4970.-https://www.instructables.com/id/Poopy-The-Disposable-Cat-Litter-Box/
4971.-https://www.instructables.com/id/Heat-Sensitive-Colour-Change-Table/
4972.-https://www.instruc/
5076.-https://www.instructables.com/id/Origami-Halloween-Claws/
5077.-https://www.instructables.com/id/Cartoon-Character-Pumpkin-Carve/
5078.-https://www.instructables.com/id/Hedgehog-Pumpkin-Lollipop-Holder/
5079.-https://www.instructables.com/id/A-DOUBLE-Elder-Wand/
5080.-https://www.instructables.com/id/Transferring-Photos-to-Canvas/
5081.-https://www.instructables.com/id/Emoji-Magnets/
5082.-https://www.instructables.com/id/14-Face-Globe-Knot/
5083.-https://www.instructables.com/id/Rug-With-LEDs-That-Lights-Up-at-Night/
5084.-https://www.instructables.com/id/Interactive-Halloween-Decor/
5085.-https://www.instructables.com/id/Super-Easy-DIY-Scrunchie/
5086.-https://www.instructables.com/id/Pumpkin-Hand-Carving/
5087.-https://www.instructables.com/id/Haute-Couture-Choker-With-Beaded-Roses/
5088.-https://www.instructables.com/id/NHL-Pumpkin-Carving/
5089.-https://www.instructables.com/id/Circular-Rag-Rug-Crocheted/
5090.-https://www.instructables.com/id/Spider-Cocoon-Kid/
5091.-https://www.instructables.com/id/Sparkle-Unicorn-Floof-Hat/
5092.-https://www.instructables.com/id/Quilled-Fairy-Wall-Hanging/
5093.-https://www.instructables.com/id/How-to-Make-a-Hair-Accessory-With-Coffee-Pods/
5094.-https://www.instructables.com/id/Crochet-Cupcakes/
5095.-https://www.instructables.com/id/MAKE-GLUE-IN-5-MINUTES/
5096.-https://www.instructables.com/id/SoulBottle-Bag/
5097.-https://www.instructables.com/id/Crafting-Wire-Elf-Ears-With-StarlitSkies-Our-2-S-S/
5098.-https://www.instructables.com/id/Cardboards-Drawer-for-Bookshelf/
5099.-https://www.instructables.com/id/Crochet-Owl-Amigurumi/
5100.-https://www.instructables.com/id/LED-Pumpkin-Eyes/
5101.-https://www.instructables.com/id/Money-Origami-Butterfly/
5102.-https://www.instructables.com/id/SHARKIN-Carving/
5103.-https://www.instructables.com/id/Quilling-Thank-You-Card/
5104.-https://www.instructables.com/id/Homemade-Pop-Up-Cards/
5105.-https://www.instructables.com/id/Hot-Plate-Wood-Slice/
5106.-https://www.instructables.com/id/No-Sew-Christmas-Tree-Skirt/
5107.-https://www.instructables.com/id/DIY-Short-Horns-Circus-Monster-Horns/
5108.-https://www.instructables.com/id/DIY-3D-Skull-Picture-Frames/
5109.-https://www.instructables.com/id/Ship-in-a-Bottle-Chinese-Junk/
5110.-https://www.instructables.com/id/Ship-in-a-Bottle-Full-Rigged-Ship/
5111.-https://www.instructables.com/id/Silk-Spinning-for-Lazy-People-Part-2/
5112.-https://www.instructables.com/id/DIY-Mason-Jar-Luminaries/
5113.-https://www.instructables.com/id/Warzone-Tower-Defense-2/
5114.-https://www.instructables.com/id/Crochet-Scrubby-Sponge/
5115.-https://www.instructables.com/id/No-Sew-Dog-Beds/
5116.-https://www.instructables.com/id/Furoshiki-Bedsocks/
5117.-https://www.instructables.com/id/DIY-Personalized-Tombstones/
5118.-https://www.instructables.com/id/DIY-Chicken-Wire-Ghosts/
5119.-https://www.instructables.com/id/Plastic-Bottle-Hack-Make-Easy-Gemstones/
5120.-https://www.instructables.com/id/FORMcard-Pumpkin/
5121.-https://www.instructables.com/id/The-Tree-Driftwood-Decorative-Art/
5122.-https://www.instructables.com/id/Spanish-Ring-Knot/
5123.-https://www.instructables.com/id/DIY-Cardboard-Mobile-Stand/
5124.-https://www.instructables.com/id/Hnefatafl-Roll/
5125.-https://www.instructables.com/id/DIY-Pokeball-Keychain/
5126.-https://www.instructables.com/id/Chibi-Elf-Amigurumi/
5127.-https://www.instructables.com/id/Leather-EyeGlass-Case-1/
5128.-https://www.instructables.com/id/Scary-Eyes-1/
5129.-https://www.instructables.com/id/Phone-Dock-Hot-Glue-and-Leather/
5130.-https://www.instructables.com/id/No-sew-Shoes/
5131.-https://www.instructables.com/id/How-to-Make-Square-Knot-Braided-Couple-Bracelet-Wi/
5132.-https://www.instructables.com/id/Weaving-in-the-Round-an-Experiment/
5133.-https://www.instructables.com/id/Easy-Crochet-Doughnut/
5134.-https://www.instructables.com/id/Flaming-Jack/
5135.-https://www.instructables.com/id/Jacked-O-Lantern/
5136.-https://www.instructables.com/id/Laser-Cut-Fish-Skin-Leather-Watch-Band-With-Lining/
5137.-https://www.instructables.com/id/DIY-Up-cycled-Make-Up-Brush