0.-https://www.instructables.com/id/Strawberry-Napoleon/
1.-https://www.instructables.com/id/Greek-Inspired-Pie-for-Pi-Day/
2.-https://www.instructables.com/id/Key-Lime-Meringue-Pie-or-Tartlets/
3.-https://www.instructables.com/id/Sous-Vide-Apple-Pie/
4.-https://www.instructables.com/id/Homemade-Salsa-From-Scratch/
5.-https://www.instructables.com/id/Arkansas-Mudpies/
6.-https://www.instructables.com/id/Lemon-Mousse-Pie/
7.-https://www.instructables.com/id/Easy-to-Make-Salmon-Pie/
8.-https://www.instructables.com/id/Easy-Apple-Roses/
9.-https://www.instructables.com/id/How-to-Make-Dulce-De-Leche-in-the-Instant-Pot/
10.-https://www.instructables.com/id/Clear-Lime-Pie/
11.-https://www.instructables.com/id/Italian-Ricotta-Pie/
12.-https://www.instructables.com/id/Clover-Pie/
13.-https://www.instructables.com/id/Peanut-Pie/
14.-https://www.instructables.com/id/Easy-Omelet-Omelette/
15.-https://www.instructables.com/id/Cherry-Pie-2/
16.-https://www.instructables.com/id/Caramel-Rose-Apple-Pie/
17.-https://www.instructables.com/id/Coconut-Thai-Curry-Gnocchi/
18.-https://www.instructables.com/id/Greek-Bougatsa/
19.-https://www.instructables.com/id/No-Bake-Birthday-Cake/
20.-https://www.instructables.com/id/Individual-Beef-Wellington-Pies/
21.-https://www.instructables.com/id/Sneeuwster-and-Advocaat-a-Dutch-Treat-for-Easter/
22.-https://www.instructables.com/id/How-to-Make-Brown-Sugar-Apple-Pie/
23.-https://www.instructables.com/id/Easy-Red-Velvet-Cake/
24.-https://www.instructables.com/id/Muffin-Tin-Popovers/
25.-https://www.instructables.com/id/Pi-Day-Pie-Recipes/
26.-https://www.instructables.com/id/Lemon-Ricotta-Pie/
27.-https://www.instructables.com/id/English-Breakfast-in-a-Pie/
28.-https://www.instructables.com/id/Coconut-Chutney-Recipe-South-Indian-Coconut-Chutne/
29.-https://www.instructables.com/id/Chocolate-Crepes-Recipe/
30.-https://www.instructables.com/id/Classic-Strawberry-Rhubarb-Pie/
31.-https://www.instructables.com/id/Chicken-Pot-Pie-314-Ways/
32.-https://www.instructables.com/id/Chicken-Pesto-Pie/
33.-https://www.instructables.com/id/Raspberry-Pi-Pie/
34.-https://www.instructables.com/id/Easy-Apple-and-Blackberry-Pie/
35.-https://www.instructables.com/id/Lattice-Crust-Apple-Pie/
36.-https://www.instructables.com/id/Creamy-Mac-N-Cheese/
37.-https://www.instructables.com/id/Strawberry-Sauce-Compote/
38.-https://www.instructables.com/id/BASBOUSA-Baked-Semolina-Cake-in-Sugar-Syrup/
39.-https://www.instructables.com/id/Healthy-Recipes-Sprouts-Chilla-Sprouts-Moong-Cheel/
40.-https://www.instructables.com/id/Moong-Dal-Cheela-How-to-Make-Moong-Dal-Cheela-Reci/
41.-https://www.instructables.com/id/Chikki-Aka-PEANUT-JAGGERY-BAR/
42.-https://www.instructables.com/id/Peanut-Butter-Filled-Chocolate-Cupcakes-1/
43.-https://www.instructables.com/id/How-to-Make-Aloo-Paratha/
44.-https://www.instructables.com/id/Sweet-Valentine-Heart-Shaped-Raspberry-Marshmallow/
45.-https://www.instructables.com/id/Chocolate-Dipped-Orange-Peel-Orangette/
46.-https://www.instructables.com/id/Raspberry-Bark/
47.-https://www.instructables.com/id/DIY-Hand-Painted-Hollow-Chocolate-Easter-Egg-with-/
48.-https://www.instructables.com/id/Dry-Brined-Spicy-Kimchi/
49.-https://www.instructables.com/id/Hot-Dog-Buns/
50.-https://www.instructables.com/id/Chocolate-Lava-Cake-Molten-Cake/
51.-https://www.instructables.com/id/Peanut-Butter-Fudge-The-Best-Youll-Ever-Have/
52.-https://www.instructables.com/id/Mini-Chocolate-Cakes/
53.-https://www.instructables.com/id/Greek-Baklava-Bites/
54.-https://www.instructables.com/id/Kaiserschmarrn/
55.-https://www.instructables.com/id/Zesty-Fruit-Salad/
56.-https://www.instructables.com/id/French-Toast-Skewers/
57.-https://www.instructables.com/id/Mooncakes/
58.-https://www.instructables.com/id/White-Chocolate-Strawberry-Pavlova-Cookies/
59.-https://www.instructables.com/id/Chocolate-Cherry-Baklava/
60.-https://www.instructables.com/id/Intro-How-to-Make-Snow-Geese-Meatballs/
61.-https://www.instructables.com/id/EASY-ReMix-Cake-Mix-Cookies/
62.-https://www.instructables.com/id/Brigadeiro-Brazilian-Chocolate-Treat-3-Ingredients/
63.-https://www.instructables.com/id/In-N-Out-Double-Double-Cheeseburger-Copycat/
64.-https://www.instructables.com/id/Great-Grans-Tan-Slice-a-Delicable-Sweet-Treat/
65.-https://www.instructables.com/id/Swirled-Marshmallow-Lollipops/
66.-https://www.instructables.com/id/Chocolate-Peanut-Butter-Cups-2/
67.-https://www.instructables.com/id/Blooming-Birch-Swiss-Roll-Cake/
68.-https://www.instructables.com/id/Sour-Patch-Grapes-the-Healthier-Alternative/
69.-https://www.instructables.com/id/Chocolate-Nutella-Tart/
70.-https://www.instructables.com/id/BREAD-GULAB-JAMUNS-IN-JAGGERY-SYRUP/
71.-https://www.instructables.com/id/Cherry-Cheesecake-Twists/
72.-https://www.instructables.com/id/Cake-Mix-Pancakes-Funfetti-Pancakes/
73.-https://www.instructables.com/id/Sugar-Tomato-Rugelach/
74.-https://www.instructables.com/id/Creamy-Chocolate-Toffee-Torte/
75.-https://www.instructables.com/id/Crustless-Custard-Pie/
76.-https://www.instructables.com/id/Irish-Potatoes-Candy/
77.-https://www.instructables.com/id/Making-Delicious-Kheer-an-Indian-Desert/
78.-https://www.instructables.com/id/The-Best-Dutch-Stroopkoeken-Recipe/
79.-https://www.instructables.com/id/Financier-Sweet-Bite-to-Go-With-Your-Coffee/
80.-https://www.instructables.com/id/Three-Ingredient-Nutella-Mousse/
81.-https://www.instructables.com/id/Brown-Butter-Spiced-Maple-Cookies/
82.-https://www.instructables.com/id/Saint-Mark-Cake-12th-Century-Recipe/
83.-https://www.instructables.com/id/Ground-Beef-Tacos/
84.-https://www.instructables.com/id/Vanilla-Creme-Brulee/
85.-https://www.instructables.com/id/Mini-Hamburger-Cookies/
86.-https://www.instructables.com/id/Doin-the-Hokey-Pokey/
87.-https://www.instructables.com/id/Triple-Chocolate-School-Bun-Schulbroetchen/
88.-https://www.instructables.com/id/Edible-Cookie-Dough-5-Ways/
89.-https://www.instructables.com/id/Steamed-Ginger-Cakes/
90.-https://www.instructables.com/id/The-Swedish-Killevipp-Or-Dessert-Goes-Supernova/
91.-https://www.instructables.com/id/Carrot-Fries/
92.-https://www.instructables.com/id/Gluten-Free-Black-Bean-Brownies/
93.-https://www.instructables.com/id/Guilty-Pleasure-Bonbons-and-More/
94.-https://www.instructables.com/id/Hokey-Pokey-Candy/
95.-https://www.instructables.com/id/Homemade-Cake-Pops/
96.-https://www.instructables.com/id/Strawberries-Cream-Cake/
97.-https://www.instructables.com/id/Chocolate-Peppermint-Brownies/
98.-https://www.instructables.com/id/Vegetable-Chilli/
99.-https://www.instructables.com/id/MLab-3D-Printed-Cookie-Cutter-Inspired-by-LEGO-Mov/
100.-https://www.instructables.com/id/Instant-Pot-Chicken-Tikka-Masala/
101.-https://www.instructables.com/id/Chocolate-Balloon-Bowls-1/
102.-https://www.instructables.com/id/Buttermilk-Biscuits-1/
103.-https://www.instructables.com/id/How-to-Make-Chinese-Hot-Pot-1/
104.-https://www.instructables.com/id/Instant-Pot-Chicken-Stoup/
105.-https://www.instructables.com/id/Chocolate-Pancakes/
106.-https://www.instructables.com/id/Hot-Stuff-Building-a-Wood-Fired-Oven-at-Home/
107.-https://www.instructables.com/id/Sausage-Tortellini-Soup/
108.-https://www.instructables.com/id/Delicious-Saltine-Toffee/
109.-https://www.instructables.com/id/Classic-Beef-Stew/
110.-https://www.instructables.com/id/Hearty-Lentil-Soup/
111.-https://www.instructables.com/id/Easy-Hamburger-Cookies/
112.-https://www.instructables.com/id/Egg-Devil-With-Chicken-Mince/
113.-https://www.instructables.com/id/Pozole/
114.-https://www.instructables.com/id/Mushroom-Powder-Long-Term-Storage-for-Mushrooms/
115.-https://www.instructables.com/id/Spicy-Shakshuka/
116.-https://www.instructables.com/id/Low-Lectin-Tomato-Soup-Recipe/
117.-https://www.instructables.com/id/Pierogi-Potato-Cheese-Dumplings/
118.-https://www.instructables.com/id/Rolled-Chickens-With-Roasted-Rice/
119.-https://www.instructables.com/id/Dutch-Baby-Pancake/
120.-https://www.instructables.com/id/Pickle-Spice-Chicken-Tacos/
121.-https://www.instructables.com/id/White-Clam-Pie-With-a-Japanese-Touch/
122.-https://www.instructables.com/id/RAVIOLI-RAMEN-veg-Italy-Meets-Japan/
123.-https://www.instructables.com/id/Pressure-Cooker-Chicken-Soup-in-Only-1-Hour/
124.-https://www.instructables.com/id/L%C3%A1ngos-Deep-Fried-Flatbread/
125.-https://www.instructables.com/id/Royal-Hawaiian-Banana-Bread/
126.-https://www.instructables.com/id/Cream-of-Zucchini-Soup/
127.-https://www.instructables.com/id/Super-Bowl-Guac/
128.-https://www.instructables.com/id/Chinese-PotstickersDumplings/
129.-https://www.instructables.com/id/Acorn-Bread/
130.-https://www.instructables.com/id/Best-Banana-Bread-With-Walnuts/
131.-https://www.instructables.com/id/Homemade-Banana-Nut-Bread/
132.-https://www.instructables.com/id/Quick-Potato-and-Leek-Soup/
133.-https://www.instructables.com/id/Cozy-Pumpkin-and-Lentil-Soup-With-Indian-Flavours/
134.-https://www.instructables.com/id/Ultimate-Chili-Stuffed-Cornbread/
135.-https://www.instructables.com/id/Making-Mantu-Tajik-Dumplings/
136.-https://www.instructables.com/id/Crispy-Pork-Dumplings-From-Scratch/
137.-https://www.instructables.com/id/One-Hour-Cinnamon-Rolls/
138.-https://www.instructables.com/id/Homemade-Pumpkin-Beer/
139.-https://www.instructables.com/id/Zuppa-Toscana-Olive-Garden-Copycat/
140.-https://www.instructables.com/id/French-Apple-Pie-Crumbly-Crunchy-Delicious/
141.-https://www.instructables.com/id/Slow-Cooked-Venison-in-Red-Wine/
142.-https://www.instructables.com/id/Mac-N-Cheese-Bread-Bowls/
143.-https://www.instructables.com/id/Meat-Stuffed-Pancakes-Hungarian-Style/
144.-https://www.instructables.com/id/Cider-Press/
145.-https://www.instructables.com/id/Hearty-Hamburger-Gravy/
146.-https://www.instructables.com/id/Apple-Cobbler/
147.-https://www.instructables.com/id/No-Bake-Chocolate-Oatmeal-Cookies-1/
148.-https://www.instructables.com/id/Juicy-Lucy-Cheeseburger/
149.-https://www.instructables.com/id/Chicken-Stew-With-Home-made-Noodles/
150.-https://www.instructables.com/id/Cheesy-Bacon-and-Onion-Potato-Croquette/
151.-https://www.instructables.com/id/Low-Carb-and-Sugar-Free-Shortbread-Cookies-Keto-Fr/
152.-https://www.instructables.com/id/Nutella-Banana-Muffins/
153.-https://www.instructables.com/id/Spicy-Chicken-Veggie-Mix/
154.-https://www.instructables.com/id/Tapioca-Pudding-Old-Fashioned/
155.-https://www.instructables.com/id/Spreadable-Orange-Marmalade/
156.-https://www.instructables.com/id/How-to-Make-the-Perfect-Chocolate-Chip-Cookie/
157.-https://www.instructables.com/id/Parmesan-Encrusted-Tilapia/
158.-https://www.instructables.com/id/Cream-of-Courgettes-and-Carrots-With-Curry/
159.-https://www.instructables.com/id/German-Quark-Stollen/
160.-https://www.instructables.com/id/Grilled-Cheese-Sandwich-All-American/
161.-https://www.instructables.com/id/Amazing-Apple-Crisp/
162.-https://www.instructables.com/id/Chicken-Curry-Pot-Pie/
163.-https://www.instructables.com/id/Grandmas-Salt-Cod-Fritters-and-Anchovy-Sauce/
164.-https://www.instructables.com/id/Honey-Garlic-Spareribs-Chinese-Restaurant-Style/
165.-https://www.instructables.com/id/Russian-Salad-Olivier/
166.-https://www.instructables.com/id/Grandmas-Knedliky/
167.-https://www.instructables.com/id/Oven-Roasted-Lamb-Chops/
168.-https://www.instructables.com/id/Apple-and-Banana-Pancakes/
169.-https://www.instructables.com/id/Low-Carb-and-Sugar-Free-Peanut-Butter-Cups-Keto-Fr/
170.-https://www.instructables.com/id/Delicious-Homemade-Cinnamon-Rolls/
171.-https://www.instructables.com/id/Indonesian-Bakso-Beef-Surimi-Meatballs/
172.-https://www.instructables.com/id/Creamy-Lemon-Garlic-Chicken-Piccata/
173.-https://www.instructables.com/id/Acorn-and-Blueberry-Muffins/
174.-https://www.instructables.com/id/New-England-Style-Roast-Beef-Sandwiches/
175.-https://www.instructables.com/id/Mango-Eclair-With-Raspberry-Glaze/
176.-https://www.instructables.com/id/Hot-Paprika-Cream-Feta-Cheese-Tortilla-Pizza-Cake-/
177.-https://www.instructables.com/id/Joergelette/
178.-https://www.instructables.com/id/How-to-Make-a-French-Rolling-Pin-Without-a-Lathe/
179.-https://www.instructables.com/id/Truffle-Cake/
180.-https://www.instructables.com/id/Mayo-Maggie-With-Cheese/
181.-https://www.instructables.com/id/Giant-Smore/
182.-https://www.instructables.com/id/Robust-Cast-Iron-Pot-Pie/
183.-https://www.instructables.com/id/Two-Tone-Coffee-and-Cardamom-Cookies/
184.-https://www.instructables.com/id/Easy-5-Ingredient-Custard/
185.-https://www.instructables.com/id/Whole-Wheat-Chocolate-Banana-Bread-Eggless/
186.-https://www.instructables.com/id/Cultivate-Wild-Yeast-to-Make-Almond-Flour-Sourdoug/
187.-https://www.instructables.com/id/Pineapple-Cake-With-Pineapple-Buttercream-Frosting/
188.-https://www.instructables.com/id/Yummy-Berry-Pies/
189.-https://www.instructables.com/id/Oven-Baked-Fried-Donuts/
190.-https://www.instructables.com/id/Best-Sourdough-Pizza-Recipe-Sauce/
191.-https://www.instructables.com/id/Cheddar-Drop-Biscuits/
192.-https://www.instructables.com/id/Traditional-Swedish-Saffron-Buns-with-a-Twist/
193.-https://www.instructables.com/id/Chelsea-Buns/
194.-https://www.instructables.com/id/Loaded-Mac-N-Cheese/
195.-https://www.instructables.com/id/Twelfth-Night-Cake-Baked-in-a-Paper-Hoop/
196.-https://www.instructables.com/id/Tiny-Gingerbread-Houses-for-Your-Cup/
197.-https://www.instructables.com/id/Keto-Pizza-Gluten-Free-and-Low-Carb/
198.-https://www.instructables.com/id/Indian-Spiced-Tofu-Puff-Pastry-Braid/
199.-https://www.instructables.com/id/Dog-Bicuits/
200.-https://www.instructables.com/id/Gingerbread-Waffles/
201.-https://www.instructables.com/id/English-Mufin-in-a-Loaf/
202.-https://www.instructables.com/id/Delicous-Macarons/
203.-https://www.instructables.com/id/Pumpkin-Cookies-for-the-Whole-Party/
204.-https://www.instructables.com/id/Chocolate-Brioche/
205.-https://www.instructables.com/id/Best-Ever-Chocolate-Chip-Cookie/
206.-https://www.instructables.com/id/Chocolate-Sweet-Rolls/
207.-https://www.instructables.com/id/Chocolate-Overload/
208.-https://www.instructables.com/id/Cream-Puffs-2/
209.-https://www.instructables.com/id/Karachi-BiscuitsEggless-Candied-Fruit-Cookies/
210.-https://www.instructables.com/id/Mexican-Conchas/
211.-https://www.instructables.com/id/Deep-Dish-Spinach-Stuffed-Pizza-with-Whole-Wheat-F/
212.-https://www.instructables.com/id/%C3%89clairs-1/
213.-https://www.instructables.com/id/Giant-Twix-Bars/
214.-https://www.instructables.com/id/Low-Carb-Lemon-Cheesecake-Bites/
215.-https://www.instructables.com/id/Ice-Cream-Cake-2/
216.-https://www.instructables.com/id/Kouign-Amann/
217.-https://www.instructables.com/id/Siberian-Hot-Cheese-Cakes/
218.-https://www.instructables.com/id/Chocolate-Nutella-Strawberry-Pavlova/
219.-https://www.instructables.com/id/Strawberry-Ice-Cream-Mochi/
220.-https://www.instructables.com/id/Biochemists-Way-of-Baking-Bread-Snuggle-Up-to-Yeas/
221.-https://www.instructables.com/id/Lemon-Cream-Cake/
222.-https://www.instructables.com/id/Sponge-Cake-Only-3-Ingredients/
223.-https://www.instructables.com/id/Buttery-Biscuits/
224.-https://www.instructables.com/id/Strawberry-Shortcake-2/
225.-https://www.instructables.com/id/Creating-Textures-With-Phyllo-Turkish-Cheese-Borek/
226.-https://www.instructables.com/id/Cocoa-Granola/
227.-https://www.instructables.com/id/Chocolate-Cake-5/
228.-https://www.instructables.com/id/5-Minute-Omelet/
229.-https://www.instructables.com/id/Sweet-Dinner-Rolls/
230.-https://www.instructables.com/id/Braided-Challah-Bread-2-Ways/
231.-https://www.instructables.com/id/Japanese-Jiggly-Cheesecake/
232.-https://www.instructables.com/id/Keto-Pancakes/
233.-https://www.instructables.com/id/Easy-Chicken-Pot-Pie-1/
234.-https://www.instructables.com/id/Raspberry-Sour-Cream-Cake/
235.-https://www.instructables.com/id/Nussecken-German-Nut-Corners/
236.-https://www.instructables.com/id/Gingerbread-House/
237.-https://www.instructables.com/id/Christmas-Cheesecake-With-Walnuts-and-Peaches/
238.-https://www.instructables.com/id/Gingerbread-Apartment-Building-Vegan/
239.-https://www.instructables.com/id/Tres-Leches-Cake-1/
240.-https://www.instructables.com/id/Cheese-Fatayer/
241.-https://www.instructables.com/id/Mini-Bapao-From-the-Oven/
242.-https://www.instructables.com/id/Cilantro-Lime-Rice/
243.-https://www.instructables.com/id/One-Box-Lumberjack-Cake/
244.-https://www.instructables.com/id/Garlic-Mushroom-Gnocchi/
245.-https://www.instructables.com/id/How-to-Make-Chocolate-Eclairs/
246.-https://www.instructables.com/id/Giant-Pumpkin-Cupcakes-With-Cheesecake-Filling/
247.-https://www.instructables.com/id/No-Bake-Chocolate-Peanut-Butter-Bars/
248.-https://www.instructables.com/id/Instant-Semolina-Paniyaram-Appe/
249.-https://www.instructables.com/id/The-Best-V%C3%A1no%C4%8Dka/
250.-https://www.instructables.com/id/Almond-Roca/
251.-https://www.instructables.com/id/Giant-Cupcake-Cake/
252.-https://www.instructables.com/id/Spinach-and-Cheese-Christmas-Tree/
253.-https://www.instructables.com/id/Chocolate-Ball/
254.-https://www.instructables.com/id/Chocolate-Truffles-2-Ingredients/
255.-https://www.instructables.com/id/DIY-Spiced-Carrot-Cake-Squares/
256.-https://www.instructables.com/id/Hand-Painted-Bird-Birthday-Cake/
257.-https://www.instructables.com/id/Linzer-Cookies-With-Raspberry-Curd/
258.-https://www.instructables.com/id/Christmas-Cookies-Whole-Wheat/
259.-https://www.instructables.com/id/Homemade-Panettone/
260.-https://www.instructables.com/id/Baked-Carmel-Popcorn-Without-Corn-Syrup/
261.-https://www.instructables.com/id/Chocolate-Cookies-4/
262.-https://www.instructables.com/id/Gingerbread-Hobbit-House-1/
263.-https://www.instructables.com/id/How-to-Make-a-Homemade-Pizza/
264.-https://www.instructables.com/id/Holiday-Hot-Chocolate/
265.-https://www.instructables.com/id/Easy-Homemade-Oreos/
266.-https://www.instructables.com/id/Dark-Larry-Cake-With-Chocolate-Filling/
267.-https://www.instructables.com/id/Yeast-Buns/
268.-https://www.instructables.com/id/Babka-Basics/
269.-https://www.instructables.com/id/Angel-Food-Cake/
270.-https://www.instructables.com/id/Nutella-Babka-Braids/
271.-https://www.instructables.com/id/The-Ultimate-Sweet-Dough-Recipe/
272.-https://www.instructables.com/id/Beef-Noodle-Soup-Instant-Pot/
273.-https://www.instructables.com/id/Santas-Trash-Cookies/
274.-https://www.instructables.com/id/Soft-Buttery-No-Knead-Dinner-Rolls/
275.-https://www.instructables.com/id/Vegan-Latte/
276.-https://www.instructables.com/id/Blaze-Cake/
277.-https://www.instructables.com/id/Fruitcake-Cookies/
278.-https://www.instructables.com/id/Christmas-Spice-Palmiers/
279.-https://www.instructables.com/id/Apple-Walnut-Spice-Bread/
280.-https://www.instructables.com/id/Meringue-Delights/
281.-https://www.instructables.com/id/Cookies-and-Cream-Cupcakes/
282.-https://www.instructables.com/id/Turkish-Manti-Ravioli-Dumplings/
283.-https://www.instructables.com/id/Easy-Homemade-French-Bread/
284.-https://www.instructables.com/id/Woven-Braid/
285.-https://www.instructables.com/id/Christmas-Cranberry-Orange-Glaze-Muffins/
286.-https://www.instructables.com/id/Blueberry-Spice-Coffee-Cake/
287.-https://www.instructables.com/id/Baklava-Recipe-1/
288.-https://www.instructables.com/id/Chessboard-Cookies/
289.-https://www.instructables.com/id/Foolproof-Biscuits/
290.-https://www.instructables.com/id/Chicken-Bacon-and-Monterey-Jack-Cheese-Pithivier/
291.-https://www.instructables.com/id/Apple-Walnut-Strudel/
292.-https://www.instructables.com/id/Indian-Garlic-Naan/
293.-https://www.instructables.com/id/Honey-Senpais-Strawberry-Shortcake/
294.-https://www.instructables.com/id/Amazing-Pizza-Sauce/
295.-https://www.instructables.com/id/Dutch-Apple-Pie-From-Scratch-DIY/
296.-https://www.instructables.com/id/Classic-Gingerbread-Cookies/
297.-https://www.instructables.com/id/Cinnamon-Sugar-Pie-Crust-Cookies/
298.-https://www.instructables.com/id/Savory-Pumpkin-Soup/
299.-https://www.instructables.com/id/Smoking-Food-Using-a-Kettle-BBQ/
300.-https://www.instructables.com/id/Amazing-Cinnamon-Roll-Twist-Bread/
301.-https://www.instructables.com/id/2-Ingredient-Ice-Cream-Banana-Peanut-Butter/
302.-https://www.instructables.com/id/Apple-Caramels-Recipe/
303.-https://www.instructables.com/id/Broccoli-Oyako-Soup-Easy-and-Tasty/
304.-https://www.instructables.com/id/Easy-Classic-Stuffing/
305.-https://www.instructables.com/id/Good-Luck-Cookies/
306.-https://www.instructables.com/id/Classic-Pineapple-Upside-Down-Cake/
307.-https://www.instructables.com/id/Easy-Soft-Flour-Tortillas/
308.-https://www.instructables.com/id/Christmas-Shortbread-Cookies/
309.-https://www.instructables.com/id/Peruvian-Sole-Ceviche/
310.-https://www.instructables.com/id/Pumpkin-Patch-Cupcakes-1/
311.-https://www.instructables.com/id/Green-Bean-Casserole-1/
312.-https://www.instructables.com/id/Pumpkin-Pie-Brownies/
313.-https://www.instructables.com/id/Peanut-Butter-Dipped-Pretzels/
314.-https://www.instructables.com/id/Office-Farming-Growing-Broccoli-Microgreens-Indoor/
315.-https://www.instructables.com/id/Naan-Indian-Flatbread/
316.-https://www.instructables.com/id/Skull-Bread/
317.-https://www.instructables.com/id/Eyeball-Icebox-Cookies/
318.-https://www.instructables.com/id/Michael-Myers-Halloween-Cake/
319.-https://www.instructables.com/id/Pumpkin-Cookies-With-White-Chocolate/
320.-https://www.instructables.com/id/Halloween-Pancake-Art/
321.-https://www.instructables.com/id/Halloween-Rainbow-Cookie-Pops/
322.-https://www.instructables.com/id/Soft-Pretzel-Taste-Just-Like-the-Mall-Version/
323.-https://www.instructables.com/id/Easy-Bloody-Knife-Cake/
324.-https://www.instructables.com/id/Pumpkin-Pie-Made-With-a-Real-Pie-Pumpkin/
325.-https://www.instructables.com/id/Easy-Oven-Baked-Crispy-Chicken-Wings/
326.-https://www.instructables.com/id/Easy-Amazing-Guacamole/
327.-https://www.instructables.com/id/Gastly-Ghost-Meringues/
328.-https://www.instructables.com/id/Arsenic-Float/
329.-https://www.instructables.com/id/How-to-Make-Delicious-Mini-Cheesecakes/
330.-https://www.instructables.com/id/The-Perfect-Pumpkin-Pie/
331.-https://www.instructables.com/id/How-to-Make-Chocolate-Covered-PB-Balls/
332.-https://www.instructables.com/id/Critter-Cookie-Cutters/
333.-https://www.instructables.com/id/Peanut-Butter-Energy-Balls/
334.-https://www.instructables.com/id/Easy-Rock-Candy/
335.-https://www.instructables.com/id/Yogurt-Sweet-Bread/
336.-https://www.instructables.com/id/The-Mutant-Toad-Cake-With-Tricky-Treats/
337.-https://www.instructables.com/id/How-to-Make-a-Pie-Crust-for-the-Holiday-Season/
338.-https://www.instructables.com/id/Skull-Crossbones-Watermelon-Carving/
339.-https://www.instructables.com/id/How-to-Make-a-Cold-Smoke-Generator-Door/
340.-https://www.instructables.com/id/Halloween-OLED-Eye-Salad/
341.-https://www.instructables.com/id/Creepy-Citrus-Snacks-Shrunken-Heads-and-Spooky-Oct/
342.-https://www.instructables.com/id/Giant-Spaghetti-Stuffed-Turkey-Meatball/
343.-https://www.instructables.com/id/Pumpkin-Muffins-With-Spelt-Flour/
344.-https://www.instructables.com/id/Smokey-Mountain-Pastrami/
345.-https://www.instructables.com/id/Aloo-Matar-Samosa/
346.-https://www.instructables.com/id/Tempeh-Kering-Vegetarian-Indonesian-Side-dish/
347.-https://www.instructables.com/id/Stove-top-Boston-Baked-Beans-Variation-English-Bre/
348.-https://www.instructables.com/id/Awesome-English-Breakfast-Muffins/
349.-https://www.instructables.com/id/Easy-Chocolate-Cake-Wheel/
350.-https://www.instructables.com/id/Witches-Head-in-Fondant/
351.-https://www.instructables.com/id/Caramel-Apple-Frappuccino/
352.-https://www.instructables.com/id/Mashed-Potatoes-With-a-Twist/
353.-https://www.instructables.com/id/Cheesy-Potato-Gratin/
354.-https://www.instructables.com/id/Pan-Seared-Brussel-Sprouts-Mushrooms/
355.-https://www.instructables.com/id/Celeriac-Pear-Blue-Cheese/
356.-https://www.instructables.com/id/Smashed-Pan-roasted-Indian-Spiced-Potatoes/
357.-https://www.instructables.com/id/Blinis-With-Molecular-Techniques/
358.-https://www.instructables.com/id/Delicious-Kumara-Sweet-Potato-Bake-With-a-Hint-of-/
359.-https://www.instructables.com/id/Garlic-Miso-Braised-Artichokes/
360.-https://www.instructables.com/id/Pumpkin-Rice-Krispies-Treats/
361.-https://www.instructables.com/id/Slappy-the-Dummy-Cake/
362.-https://www.instructables.com/id/Sweet-Monkey-Bread-With-Glaze/
363.-https://www.instructables.com/id/Instant-Pot-Thanksgiving-Side-Dishes/
364.-https://www.instructables.com/id/Vegan-Butternut-Squash-Risotto/
365.-https://www.instructables.com/id/Versatile-Uses-of-Beetroot-III-Colored-Gnocchi/
366.-https://www.instructables.com/id/Buffalo-Chicken-Mac-N-Cheese/
367.-https://www.instructables.com/id/Purple-Cauliflower-Puree/
368.-https://www.instructables.com/id/Trick-and-Treat-but-Mostly-Trick-Cupcakes/
369.-https://www.instructables.com/id/Avocado-Gelato-Ice-Cream-Dairy-Free-Completely-Edi/
370.-https://www.instructables.com/id/Easy-Twisted-Potatoes/
371.-https://www.instructables.com/id/Harvest-Vs-Halloween-Pumpkin-Cake/
372.-https://www.instructables.com/id/Cr%C3%AApe-Swirls-French-Pancakes-With-Horseradish-and-/
373.-https://www.instructables.com/id/Butter-Rice-Salad/
374.-https://www.instructables.com/id/Easy-Pumpkin-Bread-1/
375.-https://www.instructables.com/id/Rice-Krispies-Treat-Candles/
376.-https://www.instructables.com/id/Duck-Stuffing/
377.-https://www.instructables.com/id/Cheesy-Leftover-Mashed-Potato-Cups/
378.-https://www.instructables.com/id/Savory-Lavender-Honey-Biscuits/
379.-https://www.instructables.com/id/Quick-and-Easy-Mushrooms/
380.-https://www.instructables.com/id/Fusion-Duck-and-Veggie-Stir-fry/
381.-https://www.instructables.com/id/Open-Wound-and-Eye-Mini-Pies/
382.-https://www.instructables.com/id/Delicious-Healthy-Pizza/
383.-https://www.instructables.com/id/Cinnamon-Rolls-No-Knead-No-Machine/
384.-https://www.instructables.com/id/Gingerbread-Haunted-House/
385.-https://www.instructables.com/id/Cornucopia-Pull-Apart-Bread/
386.-https://www.instructables.com/id/Bhindi-KurkuriCrispy-Indian-Spiced-Okra-Fry/
387.-https://www.instructables.com/id/Easy-Kit-Kats-Only-2-Ingredients/
388.-https://www.instructables.com/id/TabboulehTabouli-Middle-Eastern-Salad/
389.-https://www.instructables.com/id/Burnt-Garlic-Fried-Rice/
390.-https://www.instructables.com/id/Hot-and-Cold-Chutney/
391.-https://www.instructables.com/id/PIyaju-Lentil-Fritters/
392.-https://www.instructables.com/id/South-Indian-Pumpkin-UpkariStir-Fry/
393.-https://www.instructables.com/id/Garlic-Parmesan-Potatoes/
394.-https://www.instructables.com/id/Brussels-Endive-Salad/
395.-https://www.instructables.com/id/Stuffed-Roast-Squash-Side-Dish/
396.-https://www.instructables.com/id/Fall-Sweet-Blueberry-Crisp/
397.-https://www.instructables.com/id/Easy-Homemade-Peanut-Butter-Cups/
398.-https://www.instructables.com/id/Beetroot-Soup-1/
399.-https://www.instructables.com/id/How-to-Make-Easy-Bloody-Surprise-Halloween-Cupcake/
400.-https://www.instructables.com/id/Danish-Caramelised-Potatoes/
401.-https://www.instructables.com/id/Jalape%C3%B1o-Cheddar-Cheese-Bread-No-Knead/
402.-https://www.instructables.com/id/Pineapple-Chutney/
403.-https://www.instructables.com/id/Colors-of-the-Autumn-Bulgur-Wheat-Salad/
404.-https://www.instructables.com/id/Chocolate-Tiffin-Recipe/
405.-https://www.instructables.com/id/Halloween-Choco-Pudding/
406.-https://www.instructables.com/id/Easy-Peanut-Butter-Fudge-4-Ingredients/
407.-https://www.instructables.com/id/Chocolate-Coca-Cola-Mousse/
408.-https://www.instructables.com/id/Infused-Whiskey-Vacuum-Filter/
409.-https://www.instructables.com/id/Orange-Creamsicles/
410.-https://www.instructables.com/id/Mexican-ChickenTortilla-Soup/
411.-https://www.instructables.com/id/Shiratama-Eyeball-Drinks/
412.-https://www.instructables.com/id/Rainbow-Vegetable-and-Bacon-Rolls/
413.-https://www.instructables.com/id/Lightly-Salted-Sardines/
414.-https://www.instructables.com/id/Classic-Blondies/
415.-https://www.instructables.com/id/Pimple-and-Blackhead-Popping-Cupcakes/
416.-https://www.instructables.com/id/Scotch-Eggs-Bigger-and-Better/
417.-https://www.instructables.com/id/Nutella-Croissant-Bread-Pudding/
418.-https://www.instructables.com/id/Creme-Caramel/
419.-https://www.instructables.com/id/Halloween-Cauldron-Cakes/
420.-https://www.instructables.com/id/The-Perfect-Funnel-Cake-Fun-Fair-Food/
421.-https://www.instructables.com/id/Cheese-Spider-Burger/
422.-https://www.instructables.com/id/Pumpkin-Brownies-1/
423.-https://www.instructables.com/id/Blackberry-Lemonade/
424.-https://www.instructables.com/id/Buffalo-Sauce/
425.-https://www.instructables.com/id/Bread-Kugel/
426.-https://www.instructables.com/id/Air-Fryer-Donuts/
427.-https://www.instructables.com/id/Blackberry-Spider-Web-Pie/
428.-https://www.instructables.com/id/Making-Shakshuka/
429.-https://www.instructables.com/id/Deep-Fried-Chips-Ahoy-Fun-Fair-Food/
430.-https://www.instructables.com/id/Easy-Pumpkin-Roll/
431.-https://www.instructables.com/id/Homemade-Nutella-Infused-Waffles/
432.-https://www.instructables.com/id/Mango-Pudding/
433.-https://www.instructables.com/id/Hersheys-Hot-Fudge-Oreo-Ice-Cream-Cake/
434.-https://www.instructables.com/id/Gratin-Dauphinoise/
435.-https://www.instructables.com/id/Disney-Inspired-Poison-Apple-Cookies/
436.-https://www.instructables.com/id/Irish-Soda-Bread-4/
437.-https://www.instructables.com/id/Lemon-and-Blueberry-Scones/
438.-https://www.instructables.com/id/Healthy-Sambazon-Acai-Bowl/
439.-https://www.instructables.com/id/Gameday-Dish-Mango-Salsa-Sweet-Spicy-Dip/
440.-https://www.instructables.com/id/Amazing-White-Texas-Sheet-Cake/
441.-https://www.instructables.com/id/Starbucks-Copycat-Matcha-Green-Tea-Frappuccino/
442.-https://www.instructables.com/id/Turn-Organic-Lamb-Into-an-Awesome-Virtually-Fat-Fr/
443.-https://www.instructables.com/id/Quick-Guilty-Free-Veggies-Sandwich/
444.-https://www.instructables.com/id/Palak-Raita-Spinach-Youghurt/
445.-https://www.instructables.com/id/Kosher-Pickles/
446.-https://www.instructables.com/id/How-to-Make-Zucchini-Bread/
447.-https://www.instructables.com/id/Cacao-Self-Saucing-Pudding/
448.-https://www.instructables.com/id/Versatile-Uses-of-Beetroot-I-Cold-Beet-Soup-With-Y/
449.-https://www.instructables.com/id/How-to-Make-an-Apple-Berry-Summer-Fruit-Crumble/
450.-https://www.instructables.com/id/Crispy-Fried-Chicken-Tenders/
451.-https://www.instructables.com/id/Heirloom-Tomato-Galette/
452.-https://www.instructables.com/id/Salmon-Filet-With-Dill-Sauce-and-Mushroom-Dumpling/
453.-https://www.instructables.com/id/Versatile-Uses-of-Beetroot-II-Beet-Ice-Cream-With-/
454.-https://www.instructables.com/id/4-Step-Organic-Pico-De-Gallo/
455.-https://www.instructables.com/id/Soft-Duck-Eggs-Benedict-With-Roasted-Poblano-Holla/
456.-https://www.instructables.com/id/HealthyOrganic-Banana-Muffins/
457.-https://www.instructables.com/id/Edible-Reapers-Scorpions-and-Ghosts/
458.-https://www.instructables.com/id/Organic-Eggplant-Gratin/
459.-https://www.instructables.com/id/Bread-Butter-Zucchini-Relish/
460.-https://www.instructables.com/id/Stinging-Nettle-Nuts/
461.-https://www.instructables.com/id/Belgian-Sugar-Waffles-Liege-Waffle-Recipe/
462.-https://www.instructables.com/id/Refreshing-Apple-Iced-Tea/
463.-https://www.instructables.com/id/Quinoa-Stuffed-Tomatoes-With-Homemade-Vegan-Basil-/
464.-https://www.instructables.com/id/Tout-Est-Bon-Dans-La-Carotte-Everythings-Good-in-t/
465.-https://www.instructables.com/id/Roasted-Peppers-Cream-Dip/
466.-https://www.instructables.com/id/Organic-Strawberry-and-Blueberry-Tart-With-Cream-F/
467.-https://www.instructables.com/id/Garden-Veggie-Stuffed-Zucchini-Boats/
468.-https://www.instructables.com/id/Organic-Blueberry-Muffins-With-Strawberry-Jam-and-/
469.-https://www.instructables.com/id/Sun-Pickled-Cucumber-Soup/
470.-https://www.instructables.com/id/Baked-Potatoes-With-Herbs-and-Garlic/
471.-https://www.instructables.com/id/Bacon-Avocado-Breakfast-Toast/
472.-https://www.instructables.com/id/Black-Bean-Sauce/
473.-https://www.instructables.com/id/Homemade-Peach-Cobbler-Using-Fresh-Peaches/
474.-https://www.instructables.com/id/Easy-Spring-Rolls/
475.-https://www.instructables.com/id/Starbucks-Copycat-Pink-Drink/
476.-https://www.instructables.com/id/Organic-Sweet-Potato-Stuffed-Banana-Peppers/
477.-https://www.instructables.com/id/Avocado-Cream-Pasta/
478.-https://www.instructables.com/id/Delicious-GF-Blackberry-Grunt/
479.-https://www.instructables.com/id/Homemade-Organic-Food-Colouring/
480.-https://www.instructables.com/id/Beginners-Homemade-Rustic-Pizza/
481.-https://www.instructables.com/id/Homemade-Pear-Juice/
482.-https://www.instructables.com/id/King-Oyster-Mushrooms-and-Steak/
483.-https://www.instructables.com/id/Organic-Dutch-Blackberry-Apple-Pie/
484.-https://www.instructables.com/id/Roasted-Corn-Salsa/
485.-https://www.instructables.com/id/Banana-Ice-Cream-Recipe/
486.-https://www.instructables.com/id/Organic-Backyard-Lemon-Curd/
487.-https://www.instructables.com/id/Pecan-Bars-Easy-Sweet-Treat/
488.-https://www.instructables.com/id/Jalape%C3%B1o-Potato-Chips/
489.-https://www.instructables.com/id/Vanilla-Bean-Ice-Cream/
490.-https://www.instructables.com/id/Perfect-Grilled-Cheese-Sandwich/
491.-https://www.instructables.com/id/Organic-Cauliflower-Onion-Bacon-Squares/
492.-https://www.instructables.com/id/Backyard-Pizza/
493.-https://www.instructables.com/id/Snickers-No-Machine-Ice-Cream/
494.-https://www.instructables.com/id/Handmade-Summer-Gnocchi/
495.-https://www.instructables.com/id/Crunchiest-Carrot-Chips-Ever/
496.-https://www.instructables.com/id/Organic-Valencian-Paella/
497.-https://www.instructables.com/id/Blueberry-Cake/
498.-https://www.instructables.com/id/Organic-Black-Cherry-and-Jalape%C3%B1o-Beef-Jerky/
499.-https://www.instructables.com/id/Greek-Fusion-Salad/
500.-https://www.instructables.com/id/Organic-Savory-Farmers-Market-Pie/
501.-https://www.instructables.com/id/Oyster-Mushroom-Salad/
502.-https://www.instructables.com/id/Fire-Toasted-Parmesan-Basil-Bread/
503.-https://www.instructables.com/id/Three-Little-Pigs-Pork-Pops/
504.-https://www.instructables.com/id/Traditional-Indonesian-Barbecue-Ayam-Bakar/
505.-https://www.instructables.com/id/Whole-Roasted-Chicken-Cordon-Bleu/
506.-https://www.instructables.com/id/Easy-Basic-Italian-Bread/
507.-https://www.instructables.com/id/Meat-Muffins-With-Bacon-Shepherds-Cheese-With-Herb/
508.-https://www.instructables.com/id/Organic-Buckthorn-Sorbet-and-Jam/
509.-https://www.instructables.com/id/Weeds-Kimchi/
510.-https://www.instructables.com/id/Beer-Bread-2/
511.-https://www.instructables.com/id/Smacktaculous-BBQ-Pork-Ribs-on-a-Kettle-Grill/
512.-https://www.instructables.com/id/Cast-Iron-Skillet-Pizza/
513.-https://www.instructables.com/id/Easy-Delicious-Bread-Pudding/
514.-https://www.instructables.com/id/Smokey-Three-Cheese-Nachos/
515.-https://www.instructables.com/id/Meat-Shots/
516.-https://www.instructables.com/id/BBQ-Juicy-and-Tasty/
517.-https://www.instructables.com/id/How-to-Host-a-Fish-Fry/
518.-https://www.instructables.com/id/Flavor-Explosion-Skewers/
519.-https://www.instructables.com/id/Kansas-City-Brisket-Burnt-Ends/
520.-https://www.instructables.com/id/Candy-Oil-Infused-Toothpicks/
521.-https://www.instructables.com/id/Holy-Smoked-Carnitas/
522.-https://www.instructables.com/id/Individual-Grilled-Pizzas/
523.-https://www.instructables.com/id/Barbecue-Doughnuts/
524.-https://www.instructables.com/id/Peppermint-Essential-Oil-Ice-Cream/
525.-https://www.instructables.com/id/Perfect-Top-Shelf-Honey-Lemon-Anejo-Margarita/
526.-https://www.instructables.com/id/Campfire-BBQ-Ribs/
527.-https://www.instructables.com/id/BBQ-Roasted-Bone-Marrow/
528.-https://www.instructables.com/id/Simple-and-Delicious-BBQ-Teriyaki-Ribs/
529.-https://www.instructables.com/id/Dutch-Apple-Pie/
530.-https://www.instructables.com/id/DIY-Homebrew-Beer-Cart/
531.-https://www.instructables.com/id/How-to-Lattice-a-Perfect-Pie/
532.-https://www.instructables.com/id/KETO-OKRA-FRIES-BAKED-INDIAN-KETO-RECIPE-5-Minute-/
533.-https://www.instructables.com/id/Homemade-Buns/
534.-https://www.instructables.com/id/Meatballs-With-Peas-Baby-Carrots-Recipe/
535.-https://www.instructables.com/id/Pork-Belly-Burnt-Ends/
536.-https://www.instructables.com/id/Mason-Jar-Salad/
537.-https://www.instructables.com/id/Grilled-Pizza-Skewers/
538.-https://www.instructables.com/id/How-to-Grill-Ribs/
539.-https://www.instructables.com/id/Charcoal-Grilled-Yakitori/
540.-https://www.instructables.com/id/Amateur-Sous-Vide-Steak/
541.-https://www.instructables.com/id/BBQ-Bruschetta/
542.-https://www.instructables.com/id/Coffee-Filter-Dryer/
543.-https://www.instructables.com/id/KETO-POHA-INDIAN-KETO-RECIPE-5-Minute-Kitchen/
544.-https://www.instructables.com/id/Macedonian-Dish-Makalo/
545.-https://www.instructables.com/id/Matambre-Rolled-Beef/
546.-https://www.instructables.com/id/Slow-Beef-Roast/
547.-https://www.instructables.com/id/Easy-Dessert-Pizza/
548.-https://www.instructables.com/id/Carpetbag-Steak/
549.-https://www.instructables.com/id/Woo-Hoo-Cookies-Made-With-Vegetable-Oil/
550.-https://www.instructables.com/id/Hybrid-Smoked-Pulled-Pork-Vs-Traditional/
551.-https://www.instructables.com/id/Night-Vale-Inspired-Smoked-Wings-WCactus-Buffalo-S/
552.-https://www.instructables.com/id/Smoked-Salmon-on-a-Stick/
553.-https://www.instructables.com/id/Smoked-Chicken-Breast-Using-Unconventional-Marinad/
554.-https://www.instructables.com/id/BBQ-Porchetta/
555.-https://www.instructables.com/id/Tripod-Pour-Over-Coffee-Stand/
556.-https://www.instructables.com/id/Stuffed-Flank-Steak-Porchetta/
557.-https://www.instructables.com/id/Pickled-Cherry-Tomatoes/
558.-https://www.instructables.com/id/Dates-and-Bacon-a-Delicious-BBQ-Dessert/
559.-https://www.instructables.com/id/Steak-Cheese-and-Baby-Spinach-Naan/
560.-https://www.instructables.com/id/How-to-Make-Delicious-Veg-Manchurian/
561.-https://www.instructables.com/id/Bacon-Wrapped-Cheesy-Jalapeno-Chicken-Dogs-W-Raspb/
562.-https://www.instructables.com/id/Smoked-Deviled-Eggs/
563.-https://www.instructables.com/id/Pizza-Quesadillas/
564.-https://www.instructables.com/id/Glazed-Chinese-BBQ-Pork-Char-Siu/
565.-https://www.instructables.com/id/Vegan-Grilled-Chicken-GLUTEN-FREE/
566.-https://www.instructables.com/id/Watermelon-Recipes/
567.-https://www.instructables.com/id/Anzac-Biscuit-Bacon-Sandwiches/
568.-https://www.instructables.com/id/Meatzza/
569.-https://www.instructables.com/id/Easy-Oreo-Ice-Cream/
570.-https://www.instructables.com/id/Homemade-BBQ-Sauce-2/
571.-https://www.instructables.com/id/How-to-Make-Italian-Cheesecake/
572.-https://www.instructables.com/id/Easy-Chicken-Satay/
573.-https://www.instructables.com/id/Caucasian-BBQ/
574.-https://www.instructables.com/id/Drunken-Chicken-Under-a-Brick-With-Peach-Jalape%C3%B1o-/
575.-https://www.instructables.com/id/LEAF-PACKED-CHICKEN-LEG-PIECE-IN-BBQ/
576.-https://www.instructables.com/id/Simple-4-Part-Snack-Stadium-With-Player-Crackers/
577.-https://www.instructables.com/id/Vinegret-a-Russian-Mixed-Salad/
578.-https://www.instructables.com/id/Black-Cherry-and-Rum-Gelato-Made-With-Olive-Oil/
579.-https://www.instructables.com/id/Creamy-Green-Bean-Salad/
580.-https://www.instructables.com/id/Smoked-St-Louis-Cut-Ribs-With-Glaze/
581.-https://www.instructables.com/id/How-to-Fry-Squash-Blossoms/
582.-https://www.instructables.com/id/Best-Smoked-BBQ-Pork-Ribs/
583.-https://www.instructables.com/id/Gluten-and-Dairy-Free-No-Bake-Chocolate-Strawberry/
584.-https://www.instructables.com/id/BBQ-Ratatouille/
585.-https://www.instructables.com/id/Barbecue-Fondue-With-Smokey-Paprika-and-Beer-Chedd/
586.-https://www.instructables.com/id/2-Ingredient-Watermelon-Shake/
587.-https://www.instructables.com/id/Apple-Crisp-Recipe/
588.-https://www.instructables.com/id/Smokin-BBQ-Hotdog-Bread/
589.-https://www.instructables.com/id/Grilled-Steak-With-Roasted-Corn-Potatoes/
590.-https://www.instructables.com/id/Spice-Shaker-From-Pill-Bottle/
591.-https://www.instructables.com/id/Tiki-Taps-With-Sound-Effects/
592.-https://www.instructables.com/id/Pokemon-GO-Cookies/
593.-https://www.instructables.com/id/Worlds-Greatest-BBQ-Rub-Spice-Mix/
594.-https://www.instructables.com/id/Chicken-Filled-Paprika-With-Zucchini-Mozzarella-Ch/
595.-https://www.instructables.com/id/Refreshing-Watermelon-Lemonade/
596.-https://www.instructables.com/id/Lemonade-Recipes/
597.-https://www.instructables.com/id/Home-Beet-Cured-Salmon/
598.-https://www.instructables.com/id/Cedar-Planked-Pike/
599.-https://www.instructables.com/id/Chocolate-Peanut-Butter-Ritz-Cracker-Delights/
600.-https://www.instructables.com/id/Caramelized-Pi%C3%B1a-Colada-Cake/
601.-https://www.instructables.com/id/Garlic-Potato-Soup/
602.-https://www.instructables.com/id/Pumpkin-Chocolate-Chip-Muffins/
603.-https://www.instructables.com/id/Provencal-Potatoes/
604.-https://www.instructables.com/id/Balsamic-Marinated-Roast-Pork/
605.-https://www.instructables.com/id/Rainbow-Cheesecake-Recipe/
606.-https://www.instructables.com/id/Make-Custom-Chocolates-With-3D-Printing-/
607.-https://www.instructables.com/id/Chocolate-Nest-for-a-Cake/
608.-https://www.instructables.com/id/Indigo-Berry-Sorbet/
609.-https://www.instructables.com/id/Kopykat-Kit-Kat-Molds/
610.-https://www.instructables.com/id/Chocolate-Candy-Geode/
611.-https://www.instructables.com/id/Surprise-Yellow-Owl-Cake/
612.-https://www.instructables.com/id/How-to-Bake-a-Perfect-Pie/
613.-https://www.instructables.com/id/Grill-Wheel-Upgrade/
614.-https://www.instructables.com/id/Roll-With-Condensed-Milk/
615.-https://www.instructables.com/id/Rainbow-Ice-Cream-Float-from-Scratch/
616.-https://www.instructables.com/id/Cheesy-Shrimp-and-Grits/
617.-https://www.instructables.com/id/Deep-Pan-Cheesy-Stuffed-Crust-Texas-Pizza/
618.-https://www.instructables.com/id/Key-Lime-Pie-Ice-Cream/
619.-https://www.instructables.com/id/Orange-Creamsicle-Cupcakes-1/
620.-https://www.instructables.com/id/Mediterranean-Grilled-Cheese-Sandwich/
621.-https://www.instructables.com/id/Easy-Chocolate-Ice-Cream-Eggless-and-No-Ice-Cream-/
622.-https://www.instructables.com/id/FLORAL-OIL/
623.-https://www.instructables.com/id/In-Dentured-Jello/
624.-https://www.instructables.com/id/Fresh-Herb-Oil-Cubes-for-Winter/
625.-https://www.instructables.com/id/Raspberry-Hibiscus-Cooler-Mix/
626.-https://www.instructables.com/id/Elderflower-Syrup/
627.-https://www.instructables.com/id/Detox-Lemon-Cucumber-Smoothie/
628.-https://www.instructables.com/id/Rainbow-Veggie-Flatbread-Pizza/
629.-https://www.instructables.com/id/Crowd-Pleasing-Chocolate-Chip-Cookies/
630.-https://www.instructables.com/id/Easy-Chocoflan-Cake/
631.-https://www.instructables.com/id/Art-of-Breadmaking/
632.-https://www.instructables.com/id/German-Sauerkraut-and-Sausage-in-Crock-Pot/
633.-https://www.instructables.com/id/Elderberry-Shrub-With-Ginger/
634.-https://www.instructables.com/id/Mommas-Fresh-Salsa/
635.-https://www.instructables.com/id/Geometric-Lemon-Tart/
636.-https://www.instructables.com/id/Delicious-Sous-Vide-Garlic-Herb-Chicken/
637.-https://www.instructables.com/id/How-to-Make-Bubble-Gum-Ice-Cream/
638.-https://www.instructables.com/id/Matcha-Tiramisu/
639.-https://www.instructables.com/id/Unicorn-Cookies-Recipe/
640.-https://www.instructables.com/id/Apple-Rose-Pastries/
641.-https://www.instructables.com/id/100-Edible-Life-Sized-Violet-Crystal-Encrusted-Sug/
642.-https://www.instructables.com/id/Triple-Chocolate-Cheesecake-1/
643.-https://www.instructables.com/id/Easy-Dog-Treats-With-Three-Ingredients/
644.-https://www.instructables.com/id/The-Best-Whipped-Buttercream/
645.-https://www.instructables.com/id/Tea-Leaf-Eggs/
646.-https://www.instructables.com/id/Homemade-Street-Tacos-in-a-Slow-Cooker/
647.-https://www.instructables.com/id/Cooking-With-Magnetite/
648.-https://www.instructables.com/id/Cornflake-Bars/
649.-https://www.instructables.com/id/Hungarian-Baked-Cauliflower-Recipe/
650.-https://www.instructables.com/id/Chocolate-Box/
651.-https://www.instructables.com/id/Jello-Flowers-Without-Milk-and-Extra-Artificial-Co/
652.-https://www.instructables.com/id/Easiest-Ever-3-Ingredient-Cheese-Cookies/
653.-https://www.instructables.com/id/How-to-Mold-Chocolate-Pralines/
654.-https://www.instructables.com/id/Easy-Filo-Cheese-Triangles-With-Parsley/
655.-https://www.instructables.com/id/Worlds-Easiest-2-Ingredient-BBQ-Ribs/
656.-https://www.instructables.com/id/How-to-Eat-a-Dandelion/
657.-https://www.instructables.com/id/Solar-Cooking-With-Magnetite/
658.-https://www.instructables.com/id/Mothers-Day-GIFT-Rainbow-Flower-Jelly-Cake-Surpris/
659.-https://www.instructables.com/id/Easy-Pulled-Pork/
660.-https://www.instructables.com/id/Hyacinth-Cake-Pops-in-Mug-Cakes/
661.-https://www.instructables.com/id/Old-Settlers-Beans/
662.-https://www.instructables.com/id/Easy-Pork-Ribs/
663.-https://www.instructables.com/id/Pork-Shoulder-Roast-Apple-Wood-Smoked/
664.-https://www.instructables.com/id/Flat-Beef-Brisket-Apple-Wood-Smoked/
665.-https://www.instructables.com/id/Instant-Pot-Cheesecake/
666.-https://www.instructables.com/id/Loaded-Cheeseburger-Pasta-in-Crockpot/
667.-https://www.instructables.com/id/Low-Carb-Gummies/
668.-https://www.instructables.com/id/Slow-Cooked-Moose-With-Veggies/
669.-https://www.instructables.com/id/Rose-Pitha/
670.-https://www.instructables.com/id/How-to-Cook-a-Delicious-Caramelized-Pork/
671.-https://www.instructables.com/id/123-Crackers/
672.-https://www.instructables.com/id/Whole-Grain-Macaroni-With-Spinach-and-Parmesan-Sau/
673.-https://www.instructables.com/id/How-to-Cook-a-Buffalo-Fried-Chicken-Sandwich/
674.-https://www.instructables.com/id/How-to-Cook-Buttermilk-Chicken-Nuggets-With-Honey-/
675.-https://www.instructables.com/id/Bigos-4-Day-Long-Recipe/
676.-https://www.instructables.com/id/Slow-Cooker-Chicken-Dumplings/
677.-https://www.instructables.com/id/Lamb-Dum-Biryani-in-Crockpot/
678.-https://www.instructables.com/id/Spruce-Tip-Sugar/
679.-https://www.instructables.com/id/Three-Course-Meal-in-a-Single-Slow-Cooker-Batch/
680.-https://www.instructables.com/id/Crockpot-Fondue/
681.-https://www.instructables.com/id/Simplest-Carnitas/
682.-https://www.instructables.com/id/How-to-Make-Cowboy-Pot-Roast/
683.-https://www.instructables.com/id/How-to-Cook-Savoury-French-Toast/
684.-https://www.instructables.com/id/How-to-Cook-Lamb-Shanks-With-a-Red-Wine-Jus-and-Ma/
685.-https://www.instructables.com/id/How-to-Cook-LA-Style-Hot-Dogs/
686.-https://www.instructables.com/id/TOMATO-BASIL-GARLIC-MARINARA-SAUCE/
687.-https://www.instructables.com/id/Chocolate-Chip-Mini-Muffins/
688.-https://www.instructables.com/id/Slow-Cooker-Chili-Con-Carnage/
689.-https://www.instructables.com/id/Simple-Mushroom-Flowers/
690.-https://www.instructables.com/id/Rich-Beef-and-Oxtail-Ragu/
691.-https://www.instructables.com/id/Hypnotically-Violet-Voodoo-Veggie-Soup/
692.-https://www.instructables.com/id/Slow-Cooker-Indian-Dal-Makhani/
693.-https://www.instructables.com/id/Yeast-Free-Pull-apart-Rolls/
694.-https://www.instructables.com/id/Oaty-Hot-Chocolate-Cookies/
695.-https://www.instructables.com/id/How-to-Cook-French-Onion-Dip/
696.-https://www.instructables.com/id/Hibiscus-Syrup/
697.-https://www.instructables.com/id/Colored-Sugar-Bowls/
698.-https://www.instructables.com/id/Elegant-Cake-in-a-Crock-pot/
699.-https://www.instructables.com/id/Pineapple-Flowers/
700.-https://www.instructables.com/id/Polish-Pork-Goulash-pepper-Stew-Slow-Cooker-Recipe/
701.-https://www.instructables.com/id/Giant-Dum-Dum-Flower/
702.-https://www.instructables.com/id/Best-Ever-Macaroni-Salad/
703.-https://www.instructables.com/id/Canadian-Pulled-Pork/
704.-https://www.instructables.com/id/Fathead-Pizza-in-a-Crockpot/
705.-https://www.instructables.com/id/Gluten-Free-Chocolate-Banana-Protein-Muffins/
706.-https://www.instructables.com/id/Slow-Cooker-Korean-Beef/
707.-https://www.instructables.com/id/Slow-Cooked-Cinnamon-Rolls/
708.-https://www.instructables.com/id/Oxtail-Potjie/
709.-https://www.instructables.com/id/How-to-Make-a-Bone-Broth/
710.-https://www.instructables.com/id/Slow-Cooker-Bacon-Jam/
711.-https://www.instructables.com/id/Hearty-Beef-Stew-1/
712.-https://www.instructables.com/id/How-to-Cook-Afghan-Style-Lamb-Kofta-Kebabs/
713.-https://www.instructables.com/id/Grandmas-Irish-Beef-Stew/
714.-https://www.instructables.com/id/Slow-Cooked-Pork-Belly-With-Braised-Cabbage-Apples/
715.-https://www.instructables.com/id/Chicken-and-Mushroom-Goug%C3%A8res-With-Gouda-Crust/
716.-https://www.instructables.com/id/Chicken-Flower-Dumplings/
717.-https://www.instructables.com/id/Totally-Pink-Chilled-Beet-Soup/
718.-https://www.instructables.com/id/Beef-Burgundy-With-Noodles/
719.-https://www.instructables.com/id/Slow-Cooker-Terrine/
720.-https://www.instructables.com/id/Candied-Wildflowers/
721.-https://www.instructables.com/id/Instant-Pot-Mashed-Potatoes/
722.-https://www.instructables.com/id/Ultra-Violet-Lilac-and-Wild-Rose-Jelly/
723.-https://www.instructables.com/id/Vietnamese-Egg-Coffee/
724.-https://www.instructables.com/id/Slow-Cooker-Rosemary-Garlic-Beef-Stew/
725.-https://www.instructables.com/id/Cheese-Puff-Blossoms/
726.-https://www.instructables.com/id/How-to-Make-Chinese-Scallion-Pancakes/
727.-https://www.instructables.com/id/How-to-Cook-a-Beef-Short-Rib-Burger/
728.-https://www.instructables.com/id/Vegan-Chocolate-Ganache/
729.-https://www.instructables.com/id/Slow-Cooker-Dulce-De-Leche-From-a-Can/
730.-https://www.instructables.com/id/Spring-Rabbit-Terrine/
731.-https://www.instructables.com/id/Black-Locust-Flower-Cold-Brew-Tea/
732.-https://www.instructables.com/id/The-Polish-Kaszanka/
733.-https://www.instructables.com/id/Crock-Pot-Fondue/
734.-https://www.instructables.com/id/Edible-Flower-Plant/
735.-https://www.instructables.com/id/Best-Crockpot-Chili/
736.-https://www.instructables.com/id/Blueberry-Cream-Cheese-Turnovers/
737.-https://www.instructables.com/id/123-Pasta/
738.-https://www.instructables.com/id/Edible-Rainbow-Cups/
739.-https://www.instructables.com/id/Pink-Grapefruit-Marmalade-BBQ-Ribs/
740.-https://www.instructables.com/id/French-Toast-BitesMuffins/
741.-https://www.instructables.com/id/Tasty-French-Dip-Sandwiches-in-the-Slow-Cooker/
742.-https://www.instructables.com/id/How-to-Cook-Boneless-Buffalo-Wings/
743.-https://www.instructables.com/id/Sirloin-With-Cowboy-Mac-n-Cheese/
744.-https://www.instructables.com/id/Blossom-Tart/
745.-https://www.instructables.com/id/Smokey-Paprika-and-Beet-Hummus-With-Beet-Pita-Brea/
746.-https://www.instructables.com/id/Venison-Bits-Stew/
747.-https://www.instructables.com/id/Birthday-Cake-Scones/
748.-https://www.instructables.com/id/Hot-Smoked-Ham-Wrap-Pizza-Rolls-With-Goat-Cheese-O/
749.-https://www.instructables.com/id/Cramaillotte/
750.-https://www.instructables.com/id/Onion-Roasted-Pulled-Pork/
751.-https://www.instructables.com/id/Circus-Animal-Cookie-Fudge/
752.-https://www.instructables.com/id/Speckled-Caramel-Rum-Flan/
753.-https://www.instructables.com/id/Dark-Chocolate-Layer-Cake-With-Rose-Buttercream/
754.-https://www.instructables.com/id/Healthy-Crock-pot-Pepper-Beef-Wraps/
755.-https://www.instructables.com/id/The-Best-Dry-Rub-Rib-Recipe-BBQ-Sauce-WKU/
756.-https://www.instructables.com/id/Rainbow-Jell-o-multiflavour/
757.-https://www.instructables.com/id/Festival-of-Fruit/
758.-https://www.instructables.com/id/Slow-Cooked-Gammon-Joint-With-Marmalade-Glaze/
759.-https://www.instructables.com/id/Hot-Chorizo-Empanadas-With-Goat-Cheese-Recipe/
760.-https://www.instructables.com/id/Colby-Jack-and-Garlic-Crockpot-Bread/
761.-https://www.instructables.com/id/Sushi-Cakes/
762.-https://www.instructables.com/id/Triple-Berry-Pie-1/
763.-https://www.instructables.com/id/Lucky-Charms-No-Bake-Rainbow-Cake/
764.-https://www.instructables.com/id/Vegan-Leek-Quiche/
765.-https://www.instructables.com/id/Scotcheroo-Crock-Pot-Candy/
766.-https://www.instructables.com/id/How-to-Cook-an-Aussie-Beef-Pie/
767.-https://www.instructables.com/id/Lemon-Yellow-Mini-Cakes/
768.-https://www.instructables.com/id/Slow-Cooker-Chicken-Confit/
769.-https://www.instructables.com/id/Sunburst-Sangria/
770.-https://www.instructables.com/id/Sinfully-Slothful-Slow-Cooker-Faux-Gumbo/
771.-https://www.instructables.com/id/Unicorn-Edible-Cookie-Dough/
772.-https://www.instructables.com/id/Runzas/
773.-https://www.instructables.com/id/Ground-Meat-Pizza-Ring-With-Salami-Cheddar-Olives-/
774.-https://www.instructables.com/id/Sourkraut-Meatballs-Recipe/
775.-https://www.instructables.com/id/BEST-Ham-Salad/
776.-https://www.instructables.com/id/How-to-Make-the-BEST-Slow-Cooker-Meatballs/
777.-https://www.instructables.com/id/Party-in-the-Lab/
778.-https://www.instructables.com/id/Deconstructed-Banana-Cream-Pie/
779.-https://www.instructables.com/id/Harry-Potter-and-the-Order-of-the-Duck/
780.-https://www.instructables.com/id/Delicious-Dry-ice-Ice-Cream-and-Underlying-Science/
781.-https://www.instructables.com/id/Toasted-Marshmellow-Patterned-Cupcakes-With-LASERS/
782.-https://www.instructables.com/id/Spherified-Strawberry-Shortcake/
783.-https://www.instructables.com/id/How-to-Make-a-Galaxy-Layered-Drip-Cake/
784.-https://www.instructables.com/id/Spun-Honey/
785.-https://www.instructables.com/id/Edible-Plastic-Pouches/
786.-https://www.instructables.com/id/Soft-Mall-Pretzels/
787.-https://www.instructables.com/id/Deliciously-Healthy-Protein-Tablets-in-a-Fancy-Eas/
788.-https://www.instructables.com/id/Cloud-Dessert/
789.-https://www.instructables.com/id/Salmon-Mi-Cuit-With-Foamed-Flavor-Dressing/
790.-https://www.instructables.com/id/Treasures-of-Melting-Ice/
791.-https://www.instructables.com/id/The-Science-of-Sourdough-Bread-and-Butter/
792.-https://www.instructables.com/id/Homemade-Marshmallows-1/
793.-https://www.instructables.com/id/Grill-2/
794.-https://www.instructables.com/id/Sous-Vide-the-Maillard-Reaction-and-the-Quest-for-/
795.-https://www.instructables.com/id/How-to-Make-Space-Rations-Part-1-Food/
796.-https://www.instructables.com/id/Homemade-Barbecue-Sauce/
797.-https://www.instructables.com/id/How-to-Smoke-a-Brisket-on-a-Weber-Kettle-BBQ/
798.-https://www.instructables.com/id/Homemade-Salsa-Restaurant-Style/
799.-https://www.instructables.com/id/How-to-Cook-Chinese-Style-Pork-Belly/
800.-https://www.instructables.com/id/CURCUMA-GOLD-MANGO-SHORTBREAD-a-TRIBUTE-TO-HERV%C3%89-T/
801.-https://www.instructables.com/id/Chocolate-Egg-Surprise-With-Strawberry-Lemonade-Mi/
802.-https://www.instructables.com/id/Homemade-Butter-From-Scratch/
803.-https://www.instructables.com/id/Edible-Tide-Pod-Jell-O-Shots/
804.-https://www.instructables.com/id/How-to-Make-Jungle-Jam-With-a-Monkey-Helper/
805.-https://www.instructables.com/id/40-DIY-Cold-Drip-Coffee-Maker/
806.-https://www.instructables.com/id/Jalapeno-Cheese-Bread-1/
807.-https://www.instructables.com/id/Wild-Kimchi/
808.-https://www.instructables.com/id/CakExperiment/
809.-https://www.instructables.com/id/5-Tips-for-Better-Cookies/
810.-https://www.instructables.com/id/Stop-Getting-Ripped-Off-by-Propane-Exchanges/
811.-https://www.instructables.com/id/Copycat-Marks-Spencer-Strawbery-Trifle/
812.-https://www.instructables.com/id/Mirror-Glaze-Instructables-Mouse-Cake/
813.-https://www.instructables.com/id/Healthy-Gluten-Free-Banana-Pancakes/
814.-https://www.instructables.com/id/Easy-Miso-Soup-Hack/
815.-https://www.instructables.com/id/How-to-Cook-BBQ-Mac-and-Cheese/
816.-https://www.instructables.com/id/Easy-Whole-Wheat-Bread/
817.-https://www.instructables.com/id/PVC-Keezer-Collar-Build/
818.-https://www.instructables.com/id/The-Best-Sweet-Pea-Sorbet-on-Earth/
819.-https://www.instructables.com/id/Perfect-Citrus-Segments-Using-Science/
820.-https://www.instructables.com/id/The-Science-Behind-Foams/
821.-https://www.instructables.com/id/Spherification-Direct-Method/
822.-https://www.instructables.com/id/Incredible-Edible-HE-Balloon/
823.-https://www.instructables.com/id/Simple-Lemon-Bars/
824.-https://www.instructables.com/id/Fruit-Caviar-Molecular-Gastronomy/
825.-https://www.instructables.com/id/Perfect-Chocolate-Chip-Cookies-1/
826.-https://www.instructables.com/id/How-to-Make-Coffee-With-the-Cona-Vacuum-Brewer-and/
827.-https://www.instructables.com/id/Stinging-Nettle-Soup/
828.-https://www.instructables.com/id/Dried-Crushed-Chilli-Flakes/
829.-https://www.instructables.com/id/Red-Fruit-Cheesecake-Culinary-Perfection-Through-S/
830.-https://www.instructables.com/id/Homemade-Ginger-Beer/
831.-https://www.instructables.com/id/Kickstart-Your-Sourdough-Starter-With-a-Poolish/
832.-https://www.instructables.com/id/How-to-Make-Every-Kind-of-BREAD/
833.-https://www.instructables.com/id/15-Minute-Blacked-Fish-Tacos/
834.-https://www.instructables.com/id/Super-Easy-Tofu-Burger-Vegan-or-Vegetarian--1/
835.-https://www.instructables.com/id/Lemon-Berry-Smoothie/
836.-https://www.instructables.com/id/Simple-Delicious-Pound-Cake/
837.-https://www.instructables.com/id/Super-Easy-Tofu-Burger-Vegan-or-Vegetarian-/
838.-https://www.instructables.com/id/Perfect-Yorkshire-Puddings-Every-Time/
839.-https://www.instructables.com/id/Hack-Your-BBQ-Ribs/
840.-https://www.instructables.com/id/Quick-Crispy-Fried-Ramen/
841.-https://www.instructables.com/id/How-to-Cook-a-Double-Bacon-Burger/
842.-https://www.instructables.com/id/How-to-Cook-a-Savoury-French-Toast-Breakfast-Sandw/
843.-https://www.instructables.com/id/How-to-Cook-Sausage-Rolls/
844.-https://www.instructables.com/id/Delicious-Cured-Egg-Yolks/
845.-https://www.instructables.com/id/Ayurvedic-Kaadhamedicinal-Drink-for-Cold-and-Flu/
846.-https://www.instructables.com/id/Tomato-Rice-Recipe-Step-by-Step-With-Images/
847.-https://www.instructables.com/id/Science-of-Meringue/
848.-https://www.instructables.com/id/How-to-Smoke-a-Whole-Duck/
849.-https://www.instructables.com/id/How-to-Make-Clarified-Butter/
850.-https://www.instructables.com/id/How-to-Make-Honey-Garlic-Lemon-Shrimp/
851.-https://www.instructables.com/id/Tofu-and-the-Science/
852.-https://www.instructables.com/id/Crock-Pot-Pizza/
853.-https://www.instructables.com/id/Infused-Tea-Egg/
854.-https://www.instructables.com/id/Maztah-Pancakes-Its-Passover-Time/
855.-https://www.instructables.com/id/Easy-No-Knead-Bread-With-a-Crunchy-Crust/
856.-https://www.instructables.com/id/Glowing-LED-Gummy-Candy/
857.-https://www.instructables.com/id/Steamed-Mussels-Made-Easy/
858.-https://www.instructables.com/id/Amazing-Deviled-Eggs/
859.-https://www.instructables.com/id/Bottle-Conditioned-Lacto-Fermented-Tepache/
860.-https://www.instructables.com/id/Homemade-Bitters-Through-Rapid-Infusion/
861.-https://www.instructables.com/id/AutoBooch-Automate-Your-Kombucha-Brewing-System-Wi/
862.-https://www.instructables.com/id/How-to-Cook-a-Scotch-Fillet-With-Creamy-Mushroom-S/
863.-https://www.instructables.com/id/Yummy-Fried-Shrimp/
864.-https://www.instructables.com/id/Jalapeno-Popper-Stuffed-Mushrooms/
865.-https://www.instructables.com/id/Fried-Zucchini-Fritters/
866.-https://www.instructables.com/id/Kittys-Creamy-Country-Deviled-Eggs/
867.-https://www.instructables.com/id/Nitrous-Oxide-Turbo-Infusion/
868.-https://www.instructables.com/id/Sweet-Bunuelos-Tortilla-Cream-Cheese-Cake/
869.-https://www.instructables.com/id/Easy-Breakfast-Burritos/
870.-https://www.instructables.com/id/Science-of-Kimchi/
871.-https://www.instructables.com/id/How-to-Cook-Buffalo-Wings-With-Blue-Cheese-Dip/
872.-https://www.instructables.com/id/How-I-Hacked-a-McDonalds-Happy-Meal-With-Molecular/
873.-https://www.instructables.com/id/Edible-Beetlejuice-Shrimp-Arm-From-the-Musical-Num/
874.-https://www.instructables.com/id/Instant-Ice-Cream-for-Winter-Adventures/
875.-https://www.instructables.com/id/Caramel-Snow-Ice-Cream-With-Chocolate-Sauce/
876.-https://www.instructables.com/id/Lets-Make-Clear-Ice/
877.-https://www.instructables.com/id/Date-Night-Meal-on-a-College-Budget/
878.-https://www.instructables.com/id/Best-Easy-to-Make-Chili/
879.-https://www.instructables.com/id/How-to-Cook-Tandoori-Chicken/
880.-https://www.instructables.com/id/How-to-Cook-an-Omelette-in-a-Mug/
881.-https://www.instructables.com/id/Homemade-Tortilla-Chips-2-Ways/
882.-https://www.instructables.com/id/How-to-Make-and-Cook-Porchetta/
883.-https://www.instructables.com/id/Cutie-PieCherry-Pie/
884.-https://www.instructables.com/id/Molecular-Ros%C3%A9-Spheres-With-Raspberry-Gel/
885.-https://www.instructables.com/id/3-CHEESE-CRUSTLESS-ZUCCHINI-QUICHE/
886.-https://www.instructables.com/id/How-to-Make-the-Perfect-Steak-Steak-Frites/
887.-https://www.instructables.com/id/Oreo-Buttercream-Macarons-HMS2018/
888.-https://www.instructables.com/id/Making-Lobster-Porridge/
889.-https://www.instructables.com/id/Making-a-Mignardise-Mousse-Cake/
890.-https://www.instructables.com/id/The-Chickwich/
891.-https://www.instructables.com/id/Stuffed-Cabbage-Rolls-With-Meat-and-Rice/
892.-https://www.instructables.com/id/Lets-Make-Cocktails/
893.-https://www.instructables.com/id/Banana-slug-Cream-Pie/
894.-https://www.instructables.com/id/Cold-Smoke-Generator-1/
895.-https://www.instructables.com/id/Oreo-Cake-Mix-Cookies-HMS2018/
896.-https://www.instructables.com/id/How-to-Make-Homemade-Chicken-Stock-1/
897.-https://www.instructables.com/id/DIY-Quick-Gluten-Free-Rice-Crispy-Treats/
898.-https://www.instructables.com/id/Hot-Jalapeno-Stuffed-Hamburger-Patty-Recipe/
899.-https://www.instructables.com/id/Puff-Pastry-Wrapped-Cabanossi-With-Cheddar-Cheese-/
900.-https://www.instructables.com/id/Taiwanese-Style-Beef-Noodle-Soup/
901.-https://www.instructables.com/id/How-to-Cook-a-New-York-Inspired-Hot-Dog/
902.-https://www.instructables.com/id/Vanilla-Cupcakes-2/
903.-https://www.instructables.com/id/How-to-Make-Magic-Bars/
904.-https://www.instructables.com/id/How-to-Cook-Tandoori-Fries/
905.-https://www.instructables.com/id/How-to-Make-Nonfat-Greek-Yogurt/
906.-https://www.instructables.com/id/Edible-Glitter-Recipe-by-Sugar-Geek-Show/
907.-https://www.instructables.com/id/How-to-Dehydrate-Marshmallows/
908.-https://www.instructables.com/id/Garlic-and-Cedar-Wood-Smoke-Filled-Mozzarella-Ball/
909.-https://www.instructables.com/id/Cutlery-Made-From-Rice/
910.-https://www.instructables.com/id/Decorative-Oil-Drops-Encapsulated-in-Isomalt/
911.-https://www.instructables.com/id/Spaghetti-Squash-Meatballs/
912.-https://www.instructables.com/id/How-to-Stir-Fry-Choy-Sum-Vegetable-Yu-Choy/
913.-https://www.instructables.com/id/Hong-Kong-Mango-Pancake/
914.-https://www.instructables.com/id/Slow-Cooked-Pepper-Steak/
915.-https://www.instructables.com/id/Delicious-No-Bake-Mud-Pie/
916.-https://www.instructables.com/id/Chocolate-Peanut-Butter-Explosion-Milkshake/
917.-https://www.instructables.com/id/Penne-Pasta-Pizza-Casserole/
918.-https://www.instructables.com/id/Dehydrating-Organic-Spinach-Fast/
919.-https://www.instructables.com/id/Roast-Your-Own-Super-fresh-Gourmet-COFFEE/
920.-https://www.instructables.com/id/The-Sweetest-and-Cutest-Gift-to-Give-Tiny-Cookies/
921.-https://www.instructables.com/id/How-to-Make-Vegan-Gluten-Free-Gravy-With-Stock/
922.-https://www.instructables.com/id/How-to-Make-Cajun-Spice-Mix/
923.-https://www.instructables.com/id/Apple-Donut-Recipe/
924.-https://www.instructables.com/id/How-to-Make-Karak-Tea/
925.-https://www.instructables.com/id/Mozzarella-Blueberry-Jam-Chicken-With-Pineapple-Re/
926.-https://www.instructables.com/id/Potatoe-Carrot-Stew-With-Mettwurst-Celery-Leek-Rec/
927.-https://www.instructables.com/id/How-to-Make-Cream-Cheese-at-Home-Philadelphia-Crea/
928.-https://www.instructables.com/id/Baked-Potato-Nachos/
929.-https://www.instructables.com/id/How-to-Cook-a-Chicken-Gyros/
930.-https://www.instructables.com/id/Mandarin-Marmalade/
931.-https://www.instructables.com/id/Creamy-Garlic-Dip/
932.-https://www.instructables.com/id/Gluten-Free-Kitchen-Sink-Cookies/
933.-https://www.instructables.com/id/Club-Soda-Fried-Fish/
934.-https://www.instructables.com/id/Sweet-Pull-Apart-Chocolate-and-Nuts-Bread/
935.-https://www.instructables.com/id/Pudding-Chip-Cookies/
936.-https://www.instructables.com/id/How-to-Clean-a-Fish-2/
937.-https://www.instructables.com/id/Rainbow-Ice-Cream/
938.-https://www.instructables.com/id/How-to-Cook-a-Chopped-Cheese-Sandwich/
939.-https://www.instructables.com/id/Creamy-Coconut-Chickpea-Curry-Vegan-and-Gluten-Fre/
940.-https://www.instructables.com/id/Risotto-Milanese-Classic-Preparation-With-Saffron/
941.-https://www.instructables.com/id/Small-Batch-Double-Chocolate-Muffins-Gluten-FreeFl/
942.-https://www.instructables.com/id/How-to-Cook-a-Roast-Chicken-Bake-With-Saffron-Rice/
943.-https://www.instructables.com/id/Gluten-Free-Stuffed-Pasta-Salad/
944.-https://www.instructables.com/id/Slow-Cooker-Chocolate-Cake/
945.-https://www.instructables.com/id/Heath-Bar-Chocolate-Trifle/
946.-https://www.instructables.com/id/Gluten-free-Chocolate-Eclairs/
947.-https://www.instructables.com/id/GREEN-Gluten-Free-Garlic-Bread-keto-Friendly/
948.-https://www.instructables.com/id/French-Onion-Soup-1/
949.-https://www.instructables.com/id/Gluten-Free-Low-Carb-Ranch-and-Radish-Bites/
950.-https://www.instructables.com/id/How-to-Cook-Chili-Dogs/
951.-https://www.instructables.com/id/GLUTEN-FREE-SAUSAGE-AND-RICOTTA-RAVIOLI-FROM-SCRAT/
952.-https://www.instructables.com/id/Ossobuco-Simple-and-Tasty/
953.-https://www.instructables.com/id/Chocolate-Mouse-Cereal-and-Nut-Bar/
954.-https://www.instructables.com/id/Coconut-Almond-Truffles/
955.-https://www.instructables.com/id/Chia-Chickpea-Crackers/
956.-https://www.instructables.com/id/Indian-Sweet-Saffron-Rice-With-Apples/
957.-https://www.instructables.com/id/Batata-AmbadosSpicy-South-Indian-Aloo-Bondas/
958.-https://www.instructables.com/id/Gluten-Free-Chocolate-Pecan-Meringues/
959.-https://www.instructables.com/id/Vegan-and-Gluten-Free-Spicy-Gobi-KurkuriFries/
960.-https://www.instructables.com/id/Thattai-Crispy-Snack/
961.-https://www.instructables.com/id/Easy-Oatmeal-Almond-Butter-Mug-Cake/
962.-https://www.instructables.com/id/How-to-Make-Buckwheat-Brownies/
963.-https://www.instructables.com/id/Recipe-to-Scan-and-Print-a-Dessert/
964.-https://www.instructables.com/id/Mini-Gluten-Free-Cupcakes/
965.-https://www.instructables.com/id/Awesome-Polenta-Cake/
966.-https://www.instructables.com/id/Easy-GlutenDairy-Free-Ravioli/
967.-https://www.instructables.com/id/Mini-Chocolate-Spice-Cake/
968.-https://www.instructables.com/id/Creamy-Garlic-and-Herb-Gluten-Free-Shrimp-Pasta/
969.-https://www.instructables.com/id/Gluten-Free-Soda-Bread/
970.-https://www.instructables.com/id/Gluten-Free-Pumpkin-Bread/
971.-https://www.instructables.com/id/GF-Cast-Iron-Coffee-Cake/
972.-https://www.instructables.com/id/Amazing-Non-Dairy-Chocolate-Ice-Cream/
973.-https://www.instructables.com/id/Fruity-Pebble-Treats/
974.-https://www.instructables.com/id/Gluten-Free-Rasgullas/
975.-https://www.instructables.com/id/Turkey-Breast-With-Sweet-Potato-Puree/
976.-https://www.instructables.com/id/Brownie-Based-Lemon-Mousse-With-Raspberry/
977.-https://www.instructables.com/id/Farinata-Chickpea-Flatbread/
978.-https://www.instructables.com/id/Gluten-Free-Chocolate-Caramel-Cashew-Candy/
979.-https://www.instructables.com/id/Chinese-Radish-Cake-Lo-Bak-Go-Gluten-Free/
980.-https://www.instructables.com/id/Delicious-Gluten-Free-Crepes/
981.-https://www.instructables.com/id/Vegan-GF-Char-Siu-Bao/
982.-https://www.instructables.com/id/How-to-Make-Homemade-Canned-Salmon-Using-Pressure-/
983.-https://www.instructables.com/id/Chick-Chick-Congee/
984.-https://www.instructables.com/id/Stroopwafels-1/
985.-https://www.instructables.com/id/Rose-Water-Raindrop-Cake-With-Cardamom-Coconut-Whi/
986.-https://www.instructables.com/id/Lemon-Butter-Cookies/
987.-https://www.instructables.com/id/Gluten-Free-Wild-Blueberry-Muffins/
988.-https://www.instructables.com/id/Gluten-Free-Vegetable-Pancakes/
989.-https://www.instructables.com/id/Gluten-Free-Buttermilk-Maple-French-Toast-Protein-/
990.-https://www.instructables.com/id/Gluten-Free-Sweet-Candy/
991.-https://www.instructables.com/id/Gluten-Free-Maple-Pecan-Popcorn/
992.-https://www.instructables.com/id/1-Rise-Whole-Wheat-Bread/
993.-https://www.instructables.com/id/Gluten-Free-Chocolate-Peanut-Butter-Truffles/
994.-https://www.instructables.com/id/Gluten-Free-Dairy-Free-Fried-Chicken/
995.-https://www.instructables.com/id/Krypton-Power-Bread-1/
996.-https://www.instructables.com/id/Gluten-Free-Chicken-Bacon-and-Vegetable-Soup/
997.-https://www.instructables.com/id/Gluten-Free-Vegan-Lasagne/
998.-https://www.instructables.com/id/Steak-Soup/
999.-https://www.instructables.com/id/Baked-Beans-Stuffed-Meatloaf-With-Vegetables-Recip/
1000.-https://www.instructables.com/id/Buckwheat-Cake/
1001.-https://www.instructables.com/id/Gluten-Free-Gajarcarrot-Ka-Halva/
1002.-https://www.instructables.com/id/Pineapple-Upside-Down-Pancakes-Gluten-Free/
1003.-https://www.instructables.com/id/Gluten-Free-Pasta-Primavera/
1004.-https://www.instructables.com/id/Healthy-Crunchy-Nutella-Icecream/
1005.-https://www.instructables.com/id/Gluten-Free-French-Cr%C3%AApes/
1006.-https://www.instructables.com/id/Quick-and-Easy-Mochi-Japanese-Rice-Cakes/
1007.-https://www.instructables.com/id/Cornbread-the-Gluten-Free-Way/
1008.-https://www.instructables.com/id/Gluten-Free-Banana-Bread-1/
1009.-https://www.instructables.com/id/How-to-Cook-Picanha-Steak-Beef-Rump-Cap/
1010.-https://www.instructables.com/id/P%C3%A3o-De-Queijo-Gluten-Free-Brazilian-Cheese-Bun/
1011.-https://www.instructables.com/id/Chocofruits-the-Most-Delicious-Healthiest-Chocolat/
1012.-https://www.instructables.com/id/Gluten-free-Chocolate-Chip-Raisin-Zucchini-Bread/
1013.-https://www.instructables.com/id/How-to-Make-Perfect-Roast-Potatoes/
1014.-https://www.instructables.com/id/Gluten-Free-Starbucks-Iced-Lemon-Pound-Cake-Copyca/
1015.-https://www.instructables.com/id/Gluten-Free-Onion-Rings/
1016.-https://www.instructables.com/id/Homemade-Delicious-Almond-Milk/
1017.-https://www.instructables.com/id/Ranch-and-Green-Pepper-Pinwheels/
1018.-https://www.instructables.com/id/Delicious-Tropical-Cream-Cake-Gluten-free-Gelatin-/
1019.-https://www.instructables.com/id/Undetectable-Gluten-Free-Glazed-Chocolate-Donuts-C/
1020.-https://www.instructables.com/id/Michaels-Jalapeno-Popper-Dip/
1021.-https://www.instructables.com/id/Giant-Reeses-Peanut-Butter-Cup-Cookies/
1022.-https://www.instructables.com/id/Green-Pea-Pasta/
1023.-https://www.instructables.com/id/The-Perfect-Steak-1/
1024.-https://www.instructables.com/id/Chocolate-Swiss-Roll-1/
1025.-https://www.instructables.com/id/No-Egg-Basousa-Recipe/
1026.-https://www.instructables.com/id/Chocolate-Pudding-Pie-Gluten-Free-Dairy-Free-Vegan/
1027.-https://www.instructables.com/id/Gluten-Free-Shortbread-Bicuits/
1028.-https://www.instructables.com/id/Gluten-Free-Party-Bread/
1029.-https://www.instructables.com/id/Gluten-Free-Macaroon-for-Valentines-Day/
1030.-https://www.instructables.com/id/Gluten-Free-Caramel-Brownies/
1031.-https://www.instructables.com/id/Sweet-Rice-Balls/
1032.-https://www.instructables.com/id/Paalak-Pakora/
1033.-https://www.instructables.com/id/Stuffed-Tomatoes-Greek-Gemista-Vegan-Gluten-Free/
1034.-https://www.instructables.com/id/NUTTY-POWER-BITES-SUGAR-FREE-GLUTEN-FREE-VEGAN/
1035.-https://www.instructables.com/id/BLACK-BEANS-CHOCOLATE-FUDGE-CAKE/
1036.-https://www.instructables.com/id/Stroopwafels-gluten-Free/
1037.-https://www.instructables.com/id/Semolina-Sweet-Balls-1/
1038.-https://www.instructables.com/id/How-to-Cook-the-Adelaides-Classic-AB-Loaded-Gyros-/
1039.-https://www.instructables.com/id/How-to-Make-Smoked-Pulled-Pork-Butt/
1040.-https://www.instructables.com/id/Prosciutto-stuffed-Chicken-and-Balsamic-Green-Bean/
1041.-https://www.instructables.com/id/Stamped-Heart-Shortbread-Cookies/
1042.-https://www.instructables.com/id/How-to-Make-Turkish-Coffee-1/
1043.-https://www.instructables.com/id/Spicy-Ginger-and-Oatmeal-Cookies/
1044.-https://www.instructables.com/id/Easy-Method-Reproduce-Cactus-for-FREE/
1045.-https://www.instructables.com/id/Vegan-Tofu-Kahl%C3%BAa-Tiramisu/
1046.-https://www.instructables.com/id/Flourless-Chocolate-Cookies/
1047.-https://www.instructables.com/id/Neer-Urundai/
1048.-https://www.instructables.com/id/Hyderabadi-Chicken-Dum-Briyani/
1049.-https://www.instructables.com/id/Carrot-Bullets/
1050.-https://www.instructables.com/id/Semolina-Sweet-Balls/
1051.-https://www.instructables.com/id/Creamy-Chicken-Gnocchi-Soup/
1052.-https://www.instructables.com/id/Authentic-Middle-Eastern-Breakfast-Balaleet-%D8%A8%D9%84%D8%A7%D9%84%D9%8A%D8%B7/
1053.-https://www.instructables.com/id/Coconut-Chicken-Nuggets-Gluten-Free/
1054.-https://www.instructables.com/id/Make-Fluffy-Gluten-Free-Cheddar-Biscuits-Using-Exp/
1055.-https://www.instructables.com/id/Spicy-Meatballs-With-Jalapeno-Onions-Recipe/
1056.-https://www.instructables.com/id/Introduction-Savory-Butternut-Brie-Tart/
1057.-https://www.instructables.com/id/Amazing-gluten-Free-Brownies/
1058.-https://www.instructables.com/id/Gluten-Free-Shortbread/
1059.-https://www.instructables.com/id/Skittles-Flavoured-Tutti-Frutti-Popcorn/
1060.-https://www.instructables.com/id/Gluten-Free-Chocolate-Cupcakes/
1061.-https://www.instructables.com/id/Flourless-Chocolate-Cake-1/
1062.-https://www.instructables.com/id/Gluten-Free-Shrove-Buns/
1063.-https://www.instructables.com/id/How-to-Make-Big-Mac-Sauce/
1064.-https://www.instructables.com/id/CauliflowerCrust-Pizza/
1065.-https://www.instructables.com/id/How-to-Make-In-N-Out-Burger-Sauce/
1066.-https://www.instructables.com/id/Cauliflower-Tarte-Flamb%C3%A9e/
1067.-https://www.instructables.com/id/How-to-Cook-Nacho-Cheese-Sauce/
1068.-https://www.instructables.com/id/Cacao-banana-Squares-With-Cottage-Cheese/
1069.-https://www.instructables.com/id/Red-Velvet-Cheesecake-Brownie-Bites/
1070.-https://www.instructables.com/id/Maple-Beef-Jerky/
1071.-https://www.instructables.com/id/Puff-Pastry-Wrapped-Spicy-Hotdogs-Recipe/
1072.-https://www.instructables.com/id/Chocolate-Buttons/
1073.-https://www.instructables.com/id/Gluten-Free-Italian-Bread-the-BEST-Ever/
1074.-https://www.instructables.com/id/Edible-Slime/
1075.-https://www.instructables.com/id/Quick-Gluten-Free-Chocolate-Cake-in-17-Steps/
1076.-https://www.instructables.com/id/Disney-Cake-Balls/
1077.-https://www.instructables.com/id/How-to-Make-a-KitKat-Cake/
1078.-https://www.instructables.com/id/Giant-Chocolate-Chip-CookieCake/
1079.-https://www.instructables.com/id/How-to-Make-Santa-Fe-Chicken-Soup/
1080.-https://www.instructables.com/id/How-to-Make-Killer-Gluten-Free-White-Chocolate-Ras/
1081.-https://www.instructables.com/id/Peas-Pulao/
1082.-https://www.instructables.com/id/Chocolate-Almond-Crescents/
1083.-https://www.instructables.com/id/Gluten-Free-French-Crepe-Rolled-With-Jam/
1084.-https://www.instructables.com/id/Minced-Meat-Pizza-Ring-With-Mozzarella-Tomatoes-Si/
1085.-https://www.instructables.com/id/A-New-Technique-for-the-Ultimate-Mini-Gluten-Free-/
1086.-https://www.instructables.com/id/3-Hour-Pork-Ribs/
1087.-https://www.instructables.com/id/Homemade-Waffles-by-Christal-Ty/
1088.-https://www.instructables.com/id/Gluten-Free-Steak-and-Ale-Pie/
1089.-https://www.instructables.com/id/Easy-Carrot-Soup-Perfect-for-the-Winter-2-Minute-T/
1090.-https://www.instructables.com/id/Jalapeno-Poppers-2/
1091.-https://www.instructables.com/id/Gram-Flour-Sweet-Besan-Ka-Halwa/
1092.-https://www.instructables.com/id/Hassleback-Apples/
1093.-https://www.instructables.com/id/Cloud-Bread-Gluten-Free-Low-Carb/
1094.-https://www.instructables.com/id/Chicken-Filet-With-Mungo-Seedlings-Bamboo-Shoots-C/
1095.-https://www.instructables.com/id/TAD-the-Armful-Dish/
1096.-https://www.instructables.com/id/Coconut-Flour-Fritters/
1097.-https://www.instructables.com/id/Potato-Onion-Pakora/
1098.-https://www.instructables.com/id/Gluten-Free-Traditional-Cornish-Pasties/
1099.-https://www.instructables.com/id/Miso-Egg-Drop-Soup-With-Mushrooms/
1100.-https://www.instructables.com/id/How-to-Make-Carrot-Cake/
1101.-https://www.instructables.com/id/How-to-Cure-and-Cook-Pastrami/
1102.-https://www.instructables.com/id/No-Bake-Cookies-GLUTEN-FREE/
1103.-https://www.instructables.com/id/How-to-Cook-an-In-N-Out/
1104.-https://www.instructables.com/id/Chocolate-Meringues/
1105.-https://www.instructables.com/id/How-to-Cook-Creamy-Pepper-Sauce-for-a-Scotch-Fille/
1106.-https://www.instructables.com/id/BAKED-APPLES-MY-WAY/
1107.-https://www.instructables.com/id/Bacon-Pizza-Rolls-With-Minced-Meat-Alm-Cheese-Curr/
1108.-https://www.instructables.com/id/How-to-Make-a-Strawberry-Sabayon/
1109.-https://www.instructables.com/id/Gluten-Free-No-Bake-Energy-Bars/
1110.-https://www.instructables.com/id/How-to-Make-a-NY-Strip-Steak-on-the-Stove/
1111.-https://www.instructables.com/id/Valentine-Chocolate-Covered-Strawberry-Arrangement/
1112.-https://www.instructables.com/id/Gluten-Free-Pepper-Parmesan-Puffs/
1113.-https://www.instructables.com/id/How-to-Roast-Cornish-Hens/
1114.-https://www.instructables.com/id/Areias-Sugar-Cookies/
1115.-https://www.instructables.com/id/Making-Vinegar/
1116.-https://www.instructables.com/id/FINALLY-an-Honest-Aftermarket-Wine-Cork-Stopper/
1117.-https://www.instructables.com/id/Zucchini-and-Tomato-Lasagne-With-Basil-Pistachio-T/
1118.-https://www.instructables.com/id/Singapore-Sweet-Potato-Noodles/
1119.-https://www.instructables.com/id/Totally-Edible-Holiday-Centerpiece/
1120.-https://www.instructables.com/id/Edible-Slime-Made-With-Gummy-Bears/
1121.-https://www.instructables.com/id/Edible-Slime-Made-With-Starbursts/
1122.-https://www.instructables.com/id/Gluten-Free-Caramel-Ganache-Bars/
1123.-https://www.instructables.com/id/How-to-Make-an-Easy-Chocolate-Peanut-Butter-Mug-Ca/
1124.-https://www.instructables.com/id/Blueberry-Pancakes-With-Blueberry-Syrup/
1125.-https://www.instructables.com/id/Crunchy-Choc-Bite/
1126.-https://www.instructables.com/id/-Goan-Fish-Curry-%E0%A4%97%E0%A4%B5%E0%A4%A8-%E0%A4%AE%E0%A4%9B%E0%A4%B2-%E0%A4%95%E0%A4%B0-Konkani-Fish-Curry-Ind/
1127.-https://www.instructables.com/id/How-to-Make-Natural-Energy-Drink/
1128.-https://www.instructables.com/id/Purple-Gnocchi-With-Gorgonzola/
1129.-https://www.instructables.com/id/How-to-Make-Orange-Bread/
1130.-https://www.instructables.com/id/Small-Factor-Mealworm-Farm/
1131.-https://www.instructables.com/id/Butternut-Squash-Bisque/
1132.-https://www.instructables.com/id/No-Knead-Filled-Suprise-Buns/
1133.-https://www.instructables.com/id/Sweet-Savory-Stuffed-Acorn-Squash/
1134.-https://www.instructables.com/id/How-to-Make-a-Saucy-Braided-Calzone-Pizza/
1135.-https://www.instructables.com/id/Semi-Realistic-Cookie-Car-With-Moveable-Wheels/
1136.-https://www.instructables.com/id/Country-Pot-Roast/
1137.-https://www.instructables.com/id/Tres-Leches-Cake/
1138.-https://www.instructables.com/id/Turkey-Breast-With-Paprika-Cream-Sauce-Feta-Cheese/
1139.-https://www.instructables.com/id/DIY-BANANA-CATERPILLARS-HEALTHY-KIDS-SNACK/
1140.-https://www.instructables.com/id/How-to-Make-a-White-Chocolate-Caramel-Bundt-Cake/
1141.-https://www.instructables.com/id/How-to-Make-Fluffy-Pita-Bread/
1142.-https://www.instructables.com/id/Mini-Chocolate-Cars-From-Gelatin-Molds/
1143.-https://www.instructables.com/id/DIY-APPLE-TMNT-HEALTHY-KIDS-SNACK/
1144.-https://www.instructables.com/id/Easy-Moist-Chocolate-Cake/
1145.-https://www.instructables.com/id/DIY-APPLE-CARS-HEALTHY-SNACK-FOR-KIDS/
1146.-https://www.instructables.com/id/How-to-Make-Apple-Cider-Chicken/
1147.-https://www.instructables.com/id/Traditional-Italian-Pasta/
1148.-https://www.instructables.com/id/Microwave-Cookie-in-a-Mug/
1149.-https://www.instructables.com/id/How-to-Make-Eggs-1/
1150.-https://www.instructables.com/id/Balsamic-Chicken-Dinner/
1151.-https://www.instructables.com/id/Scotch-Egg-Cheddar-Cheese-Cake-Recipe/
1152.-https://www.instructables.com/id/DIY-FRUIT-POPSICLES-WITH-REAL-FRUIT/
1153.-https://www.instructables.com/id/Cherry-White-Chocolate-Chip-Muffins/
1154.-https://www.instructables.com/id/Baked-Cashew-Cheese/
1155.-https://www.instructables.com/id/Easy-Everyday-Sheet-Cake/
1156.-https://www.instructables.com/id/How-Cure-and-Cook-Perfect-Corned-Beef/
1157.-https://www.instructables.com/id/Pesto-Swirl-Bread/
1158.-https://www.instructables.com/id/Tortilla-Chicken-Cake-With-Limburger-Pineapple-Cur/
1159.-https://www.instructables.com/id/Pizza-Ring-With-Turkey-Breast-Baked-Beans-Olives-G/
1160.-https://www.instructables.com/id/How-to-Make-Vegan-Healthy-Pancakes/
1161.-https://www.instructables.com/id/Stuffed-Capsicum-Recipe-Bhawan-Shimla-Mirch-Indian/
1162.-https://www.instructables.com/id/Chocolate-Chip-Cookie-Milkshake/
1163.-https://www.instructables.com/id/Make-Coconut-Oil-at-Home/
1164.-https://www.instructables.com/id/Yankee-Holiday-Cheer-Packages/
1165.-https://www.instructables.com/id/PROTEIN-SANDWICH/
1166.-https://www.instructables.com/id/Easy-Egg-Custard/
1167.-https://www.instructables.com/id/Lemon-Poppy-Seed-Muffins-1/
1168.-https://www.instructables.com/id/How-to-Cook-Halloumi-Fries/
1169.-https://www.instructables.com/id/How-to-Make-Copy-Cat-Panera-Bread-Broccoli-and-Che/
1170.-https://www.instructables.com/id/How-to-Make-Crisp-No-Fat-Potato-Chips/
1171.-https://www.instructables.com/id/Russian-Chicken-Salad-Sandwich-With-Spicy-Horserad/
1172.-https://www.instructables.com/id/Hot-Tortilla-Pizza-Cake-With-Sundried-Tomatoes-Pep/
1173.-https://www.instructables.com/id/Ettas-Zucchini-Muffins/
1174.-https://www.instructables.com/id/Super-Quick-Pesto-Focaccia/
1175.-https://www.instructables.com/id/How-to-Cook-Wendys-Baconator-Fries/
1176.-https://www.instructables.com/id/Delicious-Roast-Parsnips-With-Honey-Soy-and-Lemon/
1177.-https://www.instructables.com/id/How-to-Easily-Deseed-a-Chili-Food-Hack/
1178.-https://www.instructables.com/id/Sichuan-Chili-Chicken/
1179.-https://www.instructables.com/id/Apple-Sour-Cream-Cake-With-Cinnamon-Recipe/
1180.-https://www.instructables.com/id/Moist-Carrot-Cake/
1181.-https://www.instructables.com/id/Laal-Maas-Rajasthani-Cuisine-Spicy-Red-Mutton-Curr/
1182.-https://www.instructables.com/id/How-to-Make-Bread-Bowls/
1183.-https://www.instructables.com/id/How-to-Make-French-Cheese-Goug%C3%A8res/
1184.-https://www.instructables.com/id/Katten-Jansson-Cake/
1185.-https://www.instructables.com/id/Bifteki-Spezial-With-Olives-Recipe/
1186.-https://www.instructables.com/id/E-Z-Mozzarella-Bites/
1187.-https://www.instructables.com/id/Turkey-Muffins-With-Paprika-Limburger-Cheese-Recip/
1188.-https://www.instructables.com/id/Chocolate-Marzipan-Croissants/
1189.-https://www.instructables.com/id/Vegan-Double-Chocolate-Cheesecake/
1190.-https://www.instructables.com/id/Christmas-Ham-Bread/
1191.-https://www.instructables.com/id/DIY-Marshmallow-Edible-Slime/
1192.-https://www.instructables.com/id/Puff-Pastry-Apple-Tart/
1193.-https://www.instructables.com/id/How-to-Make-Cowboy-Cookies/
1194.-https://www.instructables.com/id/How-to-Build-a-Traditional-Drum-Coffee-Roasting-Ma/
1195.-https://www.instructables.com/id/How-to-Make-Banana-Pudding-2/
1196.-https://www.instructables.com/id/Gingerbread-Castle-2/
1197.-https://www.instructables.com/id/Gin-Infusions-for-the-Gin-Lover-in-Your-Life/
1198.-https://www.instructables.com/id/Non-Pareil-Candy-Made-in-the-Microwave/
1199.-https://www.instructables.com/id/Christmas-Yule-Log-Roll/
1200.-https://www.instructables.com/id/Mutton-Sukka-Dry-Mutton-Recipe-Dry-Lamb-Masala-Mut/
1201.-https://www.instructables.com/id/Pizza-Rolls-With-Salami-Cheddar-Cheese-Babycorn-Re/
1202.-https://www.instructables.com/id/Instant-Coconut-Sweet-Snowballs/
1203.-https://www.instructables.com/id/Pumpkin-Pie-Truffles/
1204.-https://www.instructables.com/id/Cake-Called-Napoleon/
1205.-https://www.instructables.com/id/Heart-shaped-Chocolate-Pralines/
1206.-https://www.instructables.com/id/How-to-Make-Country-Style-Ribs/
1207.-https://www.instructables.com/id/How-Make-Chicken-Salt-Australias-Best-Kept-Secret/
1208.-https://www.instructables.com/id/How-to-Make-My-Mothers-Rum-Butter/
1209.-https://www.instructables.com/id/Easy-Tasty-Burgers/
1210.-https://www.instructables.com/id/Chocolate-Christmas-Oreo-Bundt-Cake/
1211.-https://www.instructables.com/id/3-Ingredient-Fudge/
1212.-https://www.instructables.com/id/Turkey-Pizza-Rolls-With-Feta-Cheese-Olives-Recipe/
1213.-https://www.instructables.com/id/Homemade-Falafel/
1214.-https://www.instructables.com/id/How-to-Make-Nachos-at-Home-Steak-Chicken/
1215.-https://www.instructables.com/id/Makhana-Kaju-Curry-Makhana-Kaju-Gravy-Makhana-Kaju/
1216.-https://www.instructables.com/id/Moist-Red-Velvet-Cake/
1217.-https://www.instructables.com/id/How-to-Cook-Honey-Glazed-Smoked-Ham/
1218.-https://www.instructables.com/id/Pour-Over-Station/
1219.-https://www.instructables.com/id/Savory-Egg-crepes/
1220.-https://www.instructables.com/id/Mammott-and-Entbrat-Sugar-Cookies/
1221.-https://www.instructables.com/id/Make-the-Best-Brown-Sugar-Fudge/
1222.-https://www.instructables.com/id/How-to-Make-Wagashi/
1223.-https://www.instructables.com/id/Micro-ondes-G%C3%A2teau-Au-Chocolat-Chaud-Dans-Une-Tass/
1224.-https://www.instructables.com/id/How-to-Cook-Loaded-Fries/
1225.-https://www.instructables.com/id/Parle-G-Biscuit-Cake-Cookie-Cake-Pressure-Cooker-C/
1226.-https://www.instructables.com/id/Pumpkin-Stuffed-With-Minced-Meat-Mozzarella-Balls-/
1227.-https://www.instructables.com/id/Copycat-Chick-fil-a-Deluxe-Sandwich/
1228.-https://www.instructables.com/id/Homemade-Instant-Hot-Butterbeer/
1229.-https://www.instructables.com/id/Fanny-Farmers-Christmas-Sugar-Cookies-1945/
1230.-https://www.instructables.com/id/Easy-Potato-Spiral/
1231.-https://www.instructables.com/id/Comment-Faire-Des-Snickerdoodles-How-to-Make-Snick/
1232.-https://www.instructables.com/id/Lumberjack-Cookies-C-1917/
1233.-https://www.instructables.com/id/Tutti-Frutti-Biscuit-Aka-Karachi-Biscuits/
1234.-https://www.instructables.com/id/Toll-House-Chocolate-Crunch-Cookie-1938/
1235.-https://www.instructables.com/id/How-to-Make-Chinese-Steamed-Buns/
1236.-https://www.instructables.com/id/Original-Hermits-Cookie-Recipe-C-1880/
1237.-https://www.instructables.com/id/Joe-Froggers-Cookies-C-1800/
1238.-https://www.instructables.com/id/First-American-Christmas-Cookey-Recipe/
1239.-https://www.instructables.com/id/How-to-Make-Homemade-Spicy-Mayonnaise/
1240.-https://www.instructables.com/id/Multigrain-Tortilla-Pizza-Cake-With-Chicken-Breast/
1241.-https://www.instructables.com/id/How-to-Cook-In-N-Outs-Animal-Style-Fries/
1242.-https://www.instructables.com/id/How-to-Make-Chicken-Saltimbocca/
1243.-https://www.instructables.com/id/Gluten-Free-and-Vegan-Pumpkin-Bread/
1244.-https://www.instructables.com/id/College-friendly-Vegan-Dinner/
1245.-https://www.instructables.com/id/Sugar-Cookies-2/
1246.-https://www.instructables.com/id/How-to-Make-a-Chicago-Style-Pizza/
1247.-https://www.instructables.com/id/Salami-Cheddar-Pizza-Ring-With-Sundried-Tomatoes-B/
1248.-https://www.instructables.com/id/Cinnamon-Rolls-1/
1249.-https://www.instructables.com/id/Chocolate-Idli-Cake-Choco-Idli-Cake-%E0%A4%9A%E0%A4%95-%E0%A4%87%E0%A4%A1%E0%A4%B2-%E0%A4%95%E0%A4%95-Bour/
1250.-https://www.instructables.com/id/2-Ingredient-Pancakes-1/
1251.-https://www.instructables.com/id/Breakfast-Quiche/
1252.-https://www.instructables.com/id/Copy-Cat-Panda-Express-Orange-Chicken/
1253.-https://www.instructables.com/id/How-to-Make-Baked-Salmon-With-Corn-Relish/
1254.-https://www.instructables.com/id/Caramel-Nut-Fat-Bomb/
1255.-https://www.instructables.com/id/Chicken-Breast-With-Lemon/
1256.-https://www.instructables.com/id/Cake-Pops-a-Second-Iteration/
1257.-https://www.instructables.com/id/Quick-and-Easy-Shellfish-Paella/
1258.-https://www.instructables.com/id/Chocolate-Chip-Cookies-26/
1259.-https://www.instructables.com/id/Jam-the-Natural-Way-an-Organic-Pectin-free-Method-/
1260.-https://www.instructables.com/id/How-to-Make-a-Waterslide-Cake/
1261.-https://www.instructables.com/id/How-to-Cook-a-Cheesy-Breakfast-Boat/
1262.-https://www.instructables.com/id/Roasted-Corned-Beef-Salad/
1263.-https://www.instructables.com/id/How-to-Cook-Potato-Volcanoes/
1264.-https://www.instructables.com/id/Easy-Homemade-Chokecherry-Jelly/
1265.-https://www.instructables.com/id/Easy-No-Bake-Chocolate-Mousse-Cake/
1266.-https://www.instructables.com/id/Cheese-Filled-Pretzels-From-Scratch/
1267.-https://www.instructables.com/id/Chocolate-Bark-Four-Ways/
1268.-https://www.instructables.com/id/Thai-Vegetable-Soup/
1269.-https://www.instructables.com/id/Easy-Pecan-Pie/
1270.-https://www.instructables.com/id/How-to-Make-Snowball-Cookies/
1271.-https://www.instructables.com/id/Fireless-Smores/
1272.-https://www.instructables.com/id/PASTRAMI-SWISS-CHEESE-ONION-FRITTATA/
1273.-https://www.instructables.com/id/Portable-PVC-Backyard-Rotisserie/
1274.-https://www.instructables.com/id/Cook-Sous-Vide-With-a-Crock-Pot-for-Perfect-Roasts/
1275.-https://www.instructables.com/id/Cinnamon-Roll-Buns/
1276.-https://www.instructables.com/id/Dark-Chocolate-LEGO-Cake/
1277.-https://www.instructables.com/id/Masala-Poori-Breakfast-Recipes-Indian-Recipes-Vege/
1278.-https://www.instructables.com/id/Old-Delhi-Famous-Delicious-Chicken-Changezi-Indian/
1279.-https://www.instructables.com/id/Score-Shape-Color-and-Stencil-Bread-for-Bread-Love/
1280.-https://www.instructables.com/id/How-to-Make-Macarons/
1281.-https://www.instructables.com/id/Galaxy-Mirror-Glaze-Cream-Cake/
1282.-https://www.instructables.com/id/Chocolate-Crazy-Cake/
1283.-https://www.instructables.com/id/Sesame-Chicken-Fillet-With-Green-Peppers-Cream-Sau/
1284.-https://www.instructables.com/id/Very-Easy-Chocolate-Fondant/
1285.-https://www.instructables.com/id/Baking-Soda-Pizza-Dough-plus-Pizza-Cupcake-Recipe/
1286.-https://www.instructables.com/id/Cherry-Cordial-Cake/
1287.-https://www.instructables.com/id/Delicious-Chocolate-and-Marshmallow-Muffins/
1288.-https://www.instructables.com/id/Scrumptious-Homemade-Granola/
1289.-https://www.instructables.com/id/French-Toast-Casserole/
1290.-https://www.instructables.com/id/Healthy-Muesli-Banana-Muffins/
1291.-https://www.instructables.com/id/Pull-Apart-Mini-Pizza-Boats/
1292.-https://www.instructables.com/id/Heart-Shaped-Cardamom-and-Cinnamon-Green-Tea-Chai-/
1293.-https://www.instructables.com/id/Extreme-Goodness-in-One-Bite/
1294.-https://www.instructables.com/id/Blue-Cheese-Butter-My-Biscuits/
1295.-https://www.instructables.com/id/Almond-Orange-Shortbread-Cookies/
1296.-https://www.instructables.com/id/Puff-Pastry-and-Strawberry-Mille-Feuille/
1297.-https://www.instructables.com/id/Day-of-Death-Bread-Pan-De-Muerto/
1298.-https://www.instructables.com/id/Leftover-Turkey-Casserole/
1299.-https://www.instructables.com/id/DIY-Cranberry-Juice-and-Dried-Cranberries/
1300.-https://www.instructables.com/id/Tamil-Black-Pepper-Chicken-Curry-Spicy-Chicken-Cur/
1301.-https://www.instructables.com/id/How-to-Make-Garlic-and-Herb-Chickpea-Flatbread/
1302.-https://www.instructables.com/id/Super-Simple-Chocolate-Lava-Cake/
1303.-https://www.instructables.com/id/2-Hour-Bread/
1304.-https://www.instructables.com/id/Snowy-Hill-Display-Cookies/
1305.-https://www.instructables.com/id/Giant-Layered-Lamington-Cake/
1306.-https://www.instructables.com/id/Ham-Wrapped-Meatballs-With-Parmigiano-Reggiano-Rec/
1307.-https://www.instructables.com/id/Snow-Globe-Cookies/
1308.-https://www.instructables.com/id/PaddlePop-Rainbow-Souffl%C3%A9/
1309.-https://www.instructables.com/id/Pumpkin-and-Applesauce-Puppycake-dog-Friendly/
1310.-https://www.instructables.com/id/Best-Homemade-Macaroni-Cheese/
1311.-https://www.instructables.com/id/Homemade-Pita-Chips/
1312.-https://www.instructables.com/id/Holiday-Pound-Cake/
1313.-https://www.instructables.com/id/Turkey-Fettuccine-Alfredo/
1314.-https://www.instructables.com/id/How-to-Cure-Any-Meat-Beef-Venison-Pork-Goose/
1315.-https://www.instructables.com/id/How-to-Make-Steak-Fajita-Tacos/
1316.-https://www.instructables.com/id/How-to-Make-Copycat-Cracker-Barrels-Fried-Apples/
1317.-https://www.instructables.com/id/Amazing-Corndogs/
1318.-https://www.instructables.com/id/Butternut-Pumpkin-Bread-Rolls-Squash/
1319.-https://www.instructables.com/id/Mooli-Paratha-Radish-Stuffed-Paratha-Indian-Recipe/
1320.-https://www.instructables.com/id/How-to-Easily-Peel-Corn-on-the-Cob-Grilled-Corn-an/
1321.-https://www.instructables.com/id/Homemade-Pesto-Sauce/
1322.-https://www.instructables.com/id/Vegan-Lavender-Shortbread-Cookies/
1323.-https://www.instructables.com/id/Instant-Pot-Tex-Mex-Risotto/
1324.-https://www.instructables.com/id/How-to-Make-Game-Changing-Nutella-Stuffed-Chocolat/
1325.-https://www.instructables.com/id/Christmas-Cake-Topper/
1326.-https://www.instructables.com/id/How-to-Make-White-Chocolate-Pecan-Cranberry-Fudge/
1327.-https://www.instructables.com/id/Absolutely-Amazing-Cream-of-Celery-Soup/
1328.-https://www.instructables.com/id/Gluten-Free-Ginger-Bread-Cookies/
1329.-https://www.instructables.com/id/Dark-Sweet-Cherry-Loaf-Vegan/
1330.-https://www.instructables.com/id/Easy-Corn-Bread/
1331.-https://www.instructables.com/id/HERB-ROASTED-BRANDY-WINE-TURKEY-BREAST/
1332.-https://www.instructables.com/id/Pumpkin-Spice-Turkey-Cupcakes/
1333.-https://www.instructables.com/id/Spinach-Bread-Stuffed-With-Spicy-Cottage-Cheese/
1334.-https://www.instructables.com/id/Chicken-Curry-Stuffed-Paprika-With-Mungo-Seedlings/
1335.-https://www.instructables.com/id/Teddy-Bear-3D-Cake/
1336.-https://www.instructables.com/id/Edible-Centerpiece-W-DrBird-Cake/
1337.-https://www.instructables.com/id/Best-Easiest-Brownies-Great-for-Beginners/
1338.-https://www.instructables.com/id/Chettinad-Mutton-Curry-Mutton-Gravy-Indian-Mutton-/
1339.-https://www.instructables.com/id/Christmas-Cutout-Cookies/
1340.-https://www.instructables.com/id/Banana-Bread-in-a-Jar/
1341.-https://www.instructables.com/id/Fondant-Gingerbread-People-Cake-Toppers/
1342.-https://www.instructables.com/id/Eggless-Pan-Cake-Banana-Pan-Cake-Easy-and-Quick-Ca/
1343.-https://www.instructables.com/id/Vegan-Pumpkin-Pie-Cheesecake-From-Scratch/
1344.-https://www.instructables.com/id/Fake-Almond-Cake/
1345.-https://www.instructables.com/id/Deviled-Qua