4678.-https://www.instructables.com/id/Tattooed-Candles/
4679.-https://www.instructables.com/id/Lolly-Pop-Pot/
4680.-https://www.instructables.com/id/Scan-Photo-With-Your-Mobile-Phone/
4681.-https://www.instructables.com/id/An-Easy-Care-Fun-Fern-Myers-or-Foxtail-Fern/
4682.-https://www.instructables.com/id/Fake-Aquarium-Plants/
4683.-https://www.instructables.com/id/DIY-Plant-Hanger/
4684.-https://www.instructables.com/id/Easter-DIY-How-to-Make-3-Different-Egg-Candles/
4685.-https://www.instructables.com/id/How-to-Make-Bucket-Gardening-With-Water-Level-Indi/
4686.-https://www.instructables.com/id/DIY-Drill-and-Plywood-Illustration/
4687.-https://www.instructables.com/id/SIMPLE-PLYWOOD-SHELVES/
4688.-https://www.instructables.com/id/Visited-Countries-String-Art-Map/
4689.-https://www.instructables.com/id/Replacement-Watch-Strap-From-an-Old-Inner-Tire/
4690.-https://www.instructables.com/id/Canvas-Painting/
4691.-https://www.instructables.com/id/Scooby-Doo-Mystery-Machine-Toddler-Bed/
4692.-https://www.instructables.com/id/Game-of-Thrones-Cardboard-Art/
4693.-https://www.instructables.com/id/Flat-Bottom-Light-Bulb-Vase/
4694.-https://www.instructables.com/id/Before-and-After-Kitchen-Table-to-Nightstand-Catch/
4695.-https://www.instructables.com/id/Wood-Handles-for-Cast-Iron-Skillets/
4696.-https://www.instructables.com/id/How-To-Dye-Easter-Eggs-With-Rice/
4697.-https://www.instructables.com/id/Lingerie-Sock-Storage-no-Sew/
4698.-https://www.instructables.com/id/RATBUSTER-4000/
4699.-https://www.instructables.com/id/Got-Foot-Odor-Heres-What-You-Need-to-Stop-Doing/
4700.-https://www.instructables.com/id/Decorate-Your-Home-With-Balloons-Floating-in-Air/
4701.-https://www.instructables.com/id/Bead-Roses-for-Your-Special-Someone/
4702.-https://www.instructables.com/id/Tv-Unit-Media-Display-From-Old-Scaffold-Planks/
4703.-https://www.instructables.com/id/Before-After-Decorative-Tiles-Replace-Wooden-Spind/
4704.-https://www.instructables.com/id/Home-Office-Conversion/
4705.-https://www.instructables.com/id/A-Cheap-No-Maintenance-LED-Fan-Mosquito-Trap/
4706.-https://www.instructables.com/id/Grommeted-Tough-Bag/
4707.-https://www.instructables.com/id/What-Happened-With-Coca-Cola-Green/
4708.-https://www.instructables.com/id/How-to-Steampunk-Decorate-an-Electrical-Wall-Plate/
4709.-https://www.instructables.com/id/Homemade-Magnetic-Frame/
4710.-https://www.instructables.com/id/Marcel-Curling-Iron-Tutorial/
4711.-https://www.instructables.com/id/Butterfly-Cork-Clock/
4712.-https://www.instructables.com/id/Dramatic-Blue-Pink-Cut-Crease/
4713.-https://www.instructables.com/id/Orbit-Lamp/
4714.-https://www.instructables.com/id/Magnet-Trampoline/
4715.-https://www.instructables.com/id/5-Ways-to-Keep-Cockroaches-Off-Your-House/
4716.-https://www.instructables.com/id/Float-Racers/
4717.-https://www.instructables.com/id/Writing-Secret-Messages-in-Color/
4718.-https://www.instructables.com/id/Balloon-Trombone/
4719.-https://www.instructables.com/id/Tangle-Proof-Earbud-Tie/
4720.-https://www.instructables.com/id/Siphon-Chain-Reaction-1/
4721.-https://www.instructables.com/id/How-to-Use-Pantiliners-As-First-Aid-Bandages/
4722.-https://www.instructables.com/id/Hanging-Storage-Bins/
4723.-https://www.instructables.com/id/Sorry-Bambi-the-Restaurant-Is-Closed/
4724.-https://www.instructables.com/id/IKEA-Spice-Rack-Jewelry-Holder/
4725.-https://www.instructables.com/id/Scary-Stairwell-to-Playful-Pathway/
4726.-https://www.instructables.com/id/Tic-Tac-Torch-1/
4727.-https://www.instructables.com/id/DIY-Build-for-an-LED-Backlight-Behind-TV-for-Under/
4728.-https://www.instructables.com/id/Shelf-R2-D2/
4729.-https://www.instructables.com/id/MouseRat-Bait-Box/
4730.-https://www.instructables.com/id/Adding-a-Simple-Lock-to-a-Refrigerator/
4731.-https://www.instructables.com/id/Lanyard-Hack-Adjustable-Lanyard/
4732.-https://www.instructables.com/id/Drill-Powered-Bathroom-Brush/
4733.-https://www.instructables.com/id/Trip-themed-Luggage-Tag/
4734.-https://www.instructables.com/id/Necronomicon-Couplet-on-Plywood/
4735.-https://www.instructables.com/id/Holi