9380.-https://www.instructables.com/id/SNOWMAN-ARMY/
9381.-https://www.instructables.com/id/Quick-and-Easy-Kayak-Repair/
9382.-https://www.instructables.com/id/Shelter/
9383.-https://www.instructables.com/id/Powerful-But-Safe-Shangeye/
9384.-https://www.instructables.com/id/Gas-Powered-Bycicle/
9385.-https://www.instructables.com/id/Jacks-treehouse/
9386.-https://www.instructables.com/id/Quick-Assembly-Release-Paracord-Bracelet/
9387.-https://www.instructables.com/id/SkateBoard-BuggyRide-On-Roller-Thingy/
9388.-https://www.instructables.com/id/Personalize-a-garden-bench/
9389.-https://www.instructables.com/id/Sociable-Recumbent-Trike/
9390.-https://www.instructables.com/id/Paracord-Camera-Strap-1/
9391.-https://www.instructables.com/id/Longboard-Project-1/
9392.-https://www.instructables.com/id/How-to-make-a-Pepsi-Turbo-Burner-up-to-1500-%D0%A1/
9393.-https://www.instructables.com/id/Making-Waterproof-Fire-Starters/
9394.-https://www.instructables.com/id/Dragon-Claw-Paracord-Bracelet/
9395.-https://www.instructables.com/id/Super-Cheap-Bottle-Rocket-And-Gas-Burner/
9396.-https://www.instructables.com/id/Snow-and-550-cord/
9397.-https://www.instructables.com/id/Classroom-Expedient-Air-Rockets/
9398.-https://www.instructables.com/id/Free-Propeller-Bike-Mod-Update/
9399.-https://www.instructables.com/id/Using-and-Modding-Multitool-for-better-ferrocerium/
9400.-https://www.instructables.com/id/How-to-make-a-fishing-arrow/
9401.-https://www.instructables.com/id/How-To-Make-Hard-Hitting-Blowgun-Darts/
9402.-https://www.instructables.com/id/How-to-Make-a-Slingshot-Gun/
9403.-https://www.instructables.com/id/Rear-Derailleur-Protector/
9404.-https://www.instructables.com/id/portable-tape/
9405.-https://www.instructables.com/id/How-to-remove-bicycle-cranks/
9406.-https://www.instructables.com/id/Flash-Minnow-Candy/
9407.-https://www.instructables.com/id/Bike-Trailer-Ideas/
9408.-https://www.instructables.com/id/Free-Yacht-Chapter-4:-Outboard-Motor-Mutilates-Foo/
9409.-https://www.instructables.com/id/Survival-Raft/
9410.-https://www.instructables.com/id/Bicycle-Toeclips/
9411.-https://www.instructables.com/id/Battery-Fire-Starter/
9412.-https://www.instructables.com/id/Survival-Kits-1/
9413.-https://www.instructables.com/id/Part-5-of-my-knot-series-The-Highwaymans-Hitch/
9414.-https://www.instructables.com/id/Not-So-Ordinary-Sling-Shot/
9415.-https://www.instructables.com/id/How-to-Camp-for-FREE/
9416.-https://www.instructables.com/id/Molded-leather-sheath-leather-kydex-mk-2/
9417.-https://www.instructables.com/id/Bicycle-Chain-Gear-Whip/
9418.-https://www.instructables.com/id/Kite-+-Ice-+-Butt-+-Board/
9419.-https://www.instructables.com/id/How-to-eat-a-bluegill-without-having-to-fillet-it/
9420.-https://www.instructables.com/id/HOME-MADE-BIKE/
9421.-https://www.instructables.com/id/DIY-Pistol-Snap-Caps-Made-at-The-Tech-Shop/
9422.-https://www.instructables.com/id/Simple-Snare-For-Small-Game/
9423.-https://www.instructables.com/id/Wire-Frame-Bike-Pannier/
9424.-https://www.instructables.com/id/crude-arrowheads-points/
9425.-https://www.instructables.com/id/how-to-make-firecrackers-at-home-simple/
9426.-https://www.instructables.com/id/Assembling-an-Asgard-Gladiator-Metal-Garden-Shed/
9427.-https://www.instructables.com/id/How-to-Start-a-Fire-With-a-Disposable-Camera-Fire-/
9428.-https://www.instructables.com/id/two-peice-pvc-blow-pipe/
9429.-https://www.instructables.com/id/Paracord-Pot-2/
9430.-https://www.instructables.com/id/DIY-water-proof-matches/
9431.-https://www.instructables.com/id/How-to-survive-in-the-wilderness-Altoids-STR8-S/
9432.-https://www.instructables.com/id/Plastic-Jar-Bike-Saddle-Bag/
9433.-https://www.instructables.com/id/Caution-in-finding-North-by-bi-sector-line/
9434.-https://www.instructables.com/id/Solar-Box-for-camping/
9435.-https://www.instructables.com/id/Maglite-Clip-holderMount-Mod-Intro/
9436.-https://www.instructables.com/id/Penny-Stove-1/
9437.-https://www.instructables.com/id/Flashing-Bike-Bottle-Light/
9438.-https://www.instructables.com/id/Water-filter-1/
9439.-https://www.instructables.com/id/Starting-a-Fire-With-9V-Battery-and-Steel-Wool/
9440.-https://www.instructables.com/id/Preserving-Vulcanizing-Vulcanising-Fluid-ready-f/
9441.-https://www.instructables.com/id/Water-Your-Lawn-in-a-Hurry/
9442.-https://www.instructables.com/id/Rainwater-Tank-Twin-Pickle-Barrels/
9443.-https://www.instructables.com/id/Camp-Comfortably-With-Only-What-You-Can-Fit-In-To-/
9444.-https://www.instructables.com/id/60-Backpack-water-filter-for-20/
9445.-https://www.instructables.com/id/Ultimate-Survival-Knife/
9446.-https://www.instructables.com/id/Super-sparkler/
9447.-https://www.instructables.com/id/The-Firestraw/
9448.-https://www.instructables.com/id/Coyote-Proof-Feral-Cat-Shelter/
9449.-https://www.instructables.com/id/Water-bottle-survival-kit-1/
9450.-https://www.instructables.com/id/The-Versital-Crown-Knot/
9451.-https://www.instructables.com/id/DIY-Painted-skateboard/
9452.-https://www.instructables.com/id/Building-the-Aerotech-Barracuda-for-HMC-E80/
9453.-https://www.instructables.com/id/Como-hacer-un-alto-rider-Bike-Tall/
9454.-https://www.instructables.com/id/DIY-Gatorade-Cap-Keeper/
9455.-https://www.instructables.com/id/How-to-make-a-Trumpeter-Swan-Nest/
9456.-https://www.instructables.com/id/bear-claws-rock-climbing-claws/
9457.-https://www.instructables.com/id/Mini-split-ring-scissors/
9458.-https://www.instructables.com/id/A-Light-Fast-Sled-from-Stuff-I-Found-at-Home/
9459.-https://www.instructables.com/id/Off-grid-learning/
9460.-https://www.instructables.com/id/Mini-Survival-kits-1/
9461.-https://www.instructables.com/id/Paracord-Color-Pick/
9462.-https://www.instructables.com/id/Privateer-Knot/
9463.-https://www.instructables.com/id/Yellow-Perch-Fishing/
9464.-https://www.instructables.com/id/Blowgun-3/
9465.-https://www.instructables.com/id/The-1-minute-010-insect-trap/
9466.-https://www.instructables.com/id/Truck-Bed-Bike-Rack-1/
9467.-https://www.instructables.com/id/Chip-Bag-Emergency-Reflective-Blanket/
9468.-https://www.instructables.com/id/Hot-Food-No-Stove/
9469.-https://www.instructables.com/id/%D9%85%D8%A3%D9%83%D9%84%D8%A9-%D8%B9%D8%B5%D8%A7%D9%81%D9%8A%D8%B1-food-sparrows/
9470.-https://www.instructables.com/id/Fish-Trap-1/
9471.-https://www.instructables.com/id/Space-Alien-Geocache/
9472.-https://www.instructables.com/id/Poor-Mans-Water-Rocket/
9473.-https://www.instructables.com/id/Octosnowpus/
9474.-https://www.instructables.com/id/Ribs/
9475.-https://www.instructables.com/id/Simple-Paracord-Loops/
9476.-https://www.instructables.com/id/Wooden-Pallet-Shed-36m-long-x-30m-wide-x-24-ishhh-/
9477.-https://www.instructables.com/id/Tipi/
9478.-https://www.instructables.com/id/How-I-designed-and-built-my-5-foot-Foot-longboard/
9479.-https://www.instructables.com/id/Swamp-Cooler/
9480.-https://www.instructables.com/id/Paracord-Braclet-1/
9481.-https://www.instructables.com/id/Primitive-Fire/
9482.-https://www.instructables.com/id/Bicycle-1/
9483.-https://www.instructables.com/id/Resiliency-Prepper-Off-Grid/
9484.-https://www.instructables.com/id/How-to-Tie-a-Figure-Eight-Knot/
9485.-https://www.instructables.com/id/Homemade-Fishing-Lures-for-Cheap/
9486.-https://www.instructables.com/id/How-to-ride-a-ripstik/
9487.-https://www.instructables.com/id/DIY-Plastic-Swing/
9488.-https://www.instructables.com/id/Saucer-Style-Hummingbird-Feeder-Techshop/
9489.-https://www.instructables.com/id/Aboveground-Koi-Pond/
9490.-https://www.instructables.com/id/Outdoor-EDC-Kit/
9491.-https://www.instructables.com/id/How-To-Make-A-Sparkler-Fountain/
9492.-https://www.instructables.com/id/Nightwalker-Flashlight/
9493.-https://www.instructables.com/id/Camp-1001/
9494.-https://www.instructables.com/id/The-Portable-Magic-Camp-Stove/
9495.-https://www.instructables.com/id/The-Bling-Bling-Survival-Bracelet/
9496.-https://www.instructables.com/id/A-Different-Saw-Horse-in-3-Steps/
9497.-https://www.instructables.com/id/Awsome-Mouse-Trap-Powered-Riffle-That-Shoots-and-I/
9498.-https://www.instructables.com/id/Endless-Paracord-Bracelet/
9499.-https://www.instructables.com/id/HOW-TO-MAKE-THE-MACHETE-SPIKED-BAT/
9500.-https://www.instructables.com/id/simple-bike-trailer/
9501.-https://www.instructables.com/id/Easy-Survival-Kit-for-Almost-any-Enviroment/
9502.-https://www.instructables.com/id/Sleek-bicycle-frame-powerbank/
9503.-https://www.instructables.com/id/Altoids-Mini-Tackle-Box/
9504.-https://www.instructables.com/id/The-Apocalypse-Knife/
9505.-https://www.instructables.com/id/Water-powered-rocket/
9506.-https://www.instructables.com/id/Turks-Head-Rosary/
9507.-https://www.instructables.com/id/Film-Canaster-Rocket/
9508.-https://www.instructables.com/id/South-Florida-Soil-Building-With-Mulch/
9509.-https://www.instructables.com/id/Handlebar-extension/
9510.-https://www.instructables.com/id/Fully-Folding-Indoor-Shower/
9511.-https://www.instructables.com/id/How-to-Shoot-a-Compound-Bow-Bow-Hunting-Tips-EP-20/
9512.-https://www.instructables.com/id/Binocular-Phone-Mount/
9513.-https://www.instructables.com/id/Flat-Pack-Birdhouse/
9514.-https://www.instructables.com/id/Cross-Knot-Cross-V-2/
9515.-https://www.instructables.com/id/Even-though-about-a-bike-bus/
9516.-https://www.instructables.com/id/How-to-sharpen-a-knife-with-a-nail-clipper-2/
9517.-https://www.instructables.com/id/Pop-Can-Camp-Stove/
9518.-https://www.instructables.com/id/Crossbows-and-bolts/
9519.-https://www.instructables.com/id/Bike-Stuff-1/
9520.-https://www.instructables.com/id/Extreme-Marshmallow-Cannon/
9521.-https://www.instructables.com/id/Flashlight-method-for-sharpening-knives-Brico-gu/
9522.-https://www.instructables.com/id/Winter-Snow-Shelters/
9523.-https://www.instructables.com/id/Coyote-Stick/
9524.-https://www.instructables.com/id/Dice-Tire-Caps/
9525.-https://www.instructables.com/id/DIY-Portable-Swing/
9526.-https://www.instructables.com/id/How-to-kick-start-a-motorcycle-1/
9527.-https://www.instructables.com/id/How-To-Clean-Skateboard-Bearings/
9528.-https://www.instructables.com/id/Paracord-Zipper-Pull/
9529.-https://www.instructables.com/id/Unsinkable-ship/
9530.-https://www.instructables.com/id/Building-the-Public-Missiles-Phobos-for-HMC-E80/
9531.-https://www.instructables.com/id/Lockable-Paracord-Collar/
9532.-https://www.instructables.com/id/Patriot-Rocket/
9533.-https://www.instructables.com/id/Full-Suspension-Bike-Rack-from-Scrap/
9534.-https://www.instructables.com/id/Rope-Dart-from-a-Rail-Road-Spike------Video-from-E/
9535.-https://www.instructables.com/id/Bike-Moustache/
9536.-https://www.instructables.com/id/Canadian-Canoe/
9537.-https://www.instructables.com/id/Soft-Floor-Survival-Kayak/
9538.-https://www.instructables.com/id/Travel-Survival-Guide/
9539.-https://www.instructables.com/id/Hugelkultur/
9540.-https://www.instructables.com/id/Bug-Out-Bag/
9541.-https://www.instructables.com/id/100-cabin-made-of-Black-Locust-and-old-billboard/
9542.-https://www.instructables.com/id/Charcoal-Grill-Blower/
9543.-https://www.instructables.com/id/Flint-Striker-Mini-Fire-Kit/
9544.-https://www.instructables.com/id/Survival-12-13/
9545.-https://www.instructables.com/id/survival-15/
9546.-https://www.instructables.com/id/OutdoorSurvival/
9547.-https://www.instructables.com/id/Top-5-Ways-to-open-a-Coke-Beer-bottle-Without/
9548.-https://www.instructables.com/id/model-rocket-engine-launcher/
9549.-https://www.instructables.com/id/How-to-Make-Tarp-Tentfort/
9550.-https://www.instructables.com/id/Simple-water-level-detector-using-a-LM555-in-astab/
9551.-https://www.instructables.com/id/Tetra-Pak-Canoe-in-2-minutes/
9552.-https://www.instructables.com/id/LED-Camping-Light/
9553.-https://www.instructables.com/id/Bottle-Cap-Popper/
9554.-https://www.instructables.com/id/Nudo-Zeppelin/
9555.-https://www.instructables.com/id/Stretchy-Paracord-Bracelet-1/
9556.-https://www.instructables.com/id/3-bikes-bed-junk-recumben-tricycle-movil-ho/
9557.-https://www.instructables.com/id/small-camping-solar-water-distiller/
9558.-https://www.instructables.com/id/The-Palomar-Knot-For-Fishing/
9559.-https://www.instructables.com/id/Coffee-Cup-Challenge-Water-Purifier/
9560.-https://www.instructables.com/id/Magnetic-Kite-Hack/
9561.-https://www.instructables.com/id/Predict-a-snow-day/
9562.-https://www.instructables.com/id/Outdoor-3D-Printed-Coffee-Pot/
9563.-https://www.instructables.com/id/PVC-hunting-slingshot-w-arm-brace/
9564.-https://www.instructables.com/id/Make-Beautiful-and-Useful-Ice-Luminaries-Luminaria/
9565.-https://www.instructables.com/id/Cross-Knot-Keychain-Fob/
9566.-https://www.instructables.com/id/How-to-Make-a-Tow-for-Your-PVC-Pipe-Boat-Cradle/
9567.-https://www.instructables.com/id/Snow-man-at-rest/
9568.-https://www.instructables.com/id/PDE-Pumps/
9569.-https://www.instructables.com/id/DIY-Simple-Parkour-Object/
9570.-https://www.instructables.com/id/Tea-Bag-Rocket-1/
9571.-https://www.instructables.com/id/How-to-make-a-hot-long-lasting-campfire/
9572.-https://www.instructables.com/id/Wind-Block-for-Camping-Cooking/
9573.-https://www.instructables.com/id/Bass-Fishing/
9574.-https://www.instructables.com/id/The-swing-ride/
9575.-https://www.instructables.com/id/Altoids-Tin-Survival-Kits/
9576.-https://www.instructables.com/id/Paracord-Donut-Storage/
9577.-https://www.instructables.com/id/Bottle-Rockets-/
9578.-https://www.instructables.com/id/Fixie-Commuter-Build/
9579.-https://www.instructables.com/id/Espresso-birdsquirrel-feeder/
9580.-https://www.instructables.com/id/550-cord/
9581.-https://www.instructables.com/id/Weaving-Knotwork/
9582.-https://www.instructables.com/id/Be-Prepared-Contest-Winners/
9583.-https://www.instructables.com/id/Survival-9/
9584.-https://www.instructables.com/id/Hiking-Outdoor-Survival/
9585.-https://www.instructables.com/id/Paracord-9/
9586.-https://www.instructables.com/id/Bike-Lift-to-Save-Some-Place-Made-of-Tubular-Motor/
9587.-https://www.instructables.com/id/Bike-Trailer-7/
9588.-https://www.instructables.com/id/Match-Rocket-5/
9589.-https://www.instructables.com/id/yet-another-gps-handlebar-mount/
9590.-https://www.instructables.com/id/Reflective-Paracord-Bracelet/
9591.-https://www.instructables.com/id/silhouette-targets-from-grocery-bags/
9592.-https://www.instructables.com/id/Tomato-Cages-for-Large-Tomato-Plants/
9593.-https://www.instructables.com/id/How-to-make-an-Archery-Target/
9594.-https://www.instructables.com/id/Carpeted-Skateboard/
9595.-https://www.instructables.com/id/Super-Lazy-Cyclist-Bycicle/
9596.-https://www.instructables.com/id/How-To-Put-A-Board-Together/
9597.-https://www.instructables.com/id/Bright-Tube-Sparklers/
9598.-https://www.instructables.com/id/PARACORD-LACES/
9599.-https://www.instructables.com/id/The-bike-table-aka-Rackatabla-Or-how-to-bike-tour-/
9600.-https://www.instructables.com/id/Soda-Can-Biofuel-Stove/
9601.-https://www.instructables.com/id/Longboard-Safety-Light/
9602.-https://www.instructables.com/id/My-First-Knife/
9603.-https://www.instructables.com/id/Nudo-Doble-Alpine-Butterfly-Loop/
9604.-https://www.instructables.com/id/Archery-Punta-de-flecha/
9605.-https://www.instructables.com/id/Eddy-Kite-by-Ethel-and-Lucy/
9606.-https://www.instructables.com/id/Woody/
9607.-https://www.instructables.com/id/Knex_Full_power_Wrist_Rocket_and_Knex_Concept_Pist/
9608.-https://www.instructables.com/id/Ghetto-Camera-SmootherHandle/
9609.-https://www.instructables.com/id/Cornhole-Boards-With-Printed-Logo/
9610.-https://www.instructables.com/id/Fishing-Lures-1/
9611.-https://www.instructables.com/id/Primitive-fire-starting-using-a-pump-drill/
9612.-https://www.instructables.com/id/How-to-Make-a-PVC-Air-Pistol/
9613.-https://www.instructables.com/id/ADDING-A-ROPE-TO-BASIC-CROWN-KNOT/
9614.-https://www.instructables.com/id/BikeGen/
9615.-https://www.instructables.com/id/How-to-make-chum-cubes-for-fishing/
9616.-https://www.instructables.com/id/caprisun-stomp-rockets/
9617.-https://www.instructables.com/id/Bird-house-and-feeder/
9618.-https://www.instructables.com/id/Home-Made-Kinfe/
9619.-https://www.instructables.com/id/EZ-Stovetop-Dehydrator/
9620.-https://www.instructables.com/id/Earthquake-Safety/
9621.-https://www.instructables.com/id/Paracord-Headband-1/
9622.-https://www.instructables.com/id/Parabolic-Mirror-Drinks-Can-Fire-Starter/
9623.-https://www.instructables.com/id/How-to-Grow-Angel-Trumpets/
9624.-https://www.instructables.com/id/Make-an-Easy-Bird-Feeder-1/
9625.-https://www.instructables.com/id/Adaptador-LG-G5-a-Swarovski-ATS-80/
9626.-https://www.instructables.com/id/Circular-Swing/
9627.-https://www.instructables.com/id/flashlight-holster-cheap-and-easy/
9628.-https://www.instructables.com/id/A-light-portable-swing/
9629.-https://www.instructables.com/id/How-to-setup-snowboard-bindings/
9630.-https://www.instructables.com/id/El-Carro%C3%B1ero-The-Scavenged-Survival-Blade/
9631.-https://www.instructables.com/id/Key-Sheath/
9632.-https://www.instructables.com/id/The-Redneck-Collection-paracord-improved-camping-s/
9633.-https://www.instructables.com/id/Practical-Survival/
9634.-https://www.instructables.com/id/0utdoors/
9635.-https://www.instructables.com/id/Ladder-Hacks/
no info
9636.-https://www.instructables.com/id/Bicycle-Rear-Rack/
9637.-https://www.instructables.com/id/Snow-Jet-Plans/
9638.-https://www.instructables.com/id/Fishing-Hook-For-Survivalkit-Pop-Tab/
9639.-https://www.instructables.com/id/bicycle-dynamo-rectifier-and-regulator/
9640.-https://www.instructables.com/id/Springfield-XD-Range-case/
9641.-https://www.instructables.com/id/John-O-Groats-to-Lands-End-Bike-Ride/
9642.-https://www.instructables.com/id/Altoids-FAK/
9643.-https://www.instructables.com/id/Paracord-Sling/
9644.-https://www.instructables.com/id/How-To-Make-A-Paracord-Bracelet-2-Colors/
9645.-https://www.instructables.com/id/Simple-Altoids-tin-flashlight/
9646.-https://www.instructables.com/id/Ski-Mounted-Snow-Remover/
9647.-https://www.instructables.com/id/3D-Printed-T-Shank-Saw-Blade-Holder-for-Minimalist/
9648.-https://www.instructables.com/id/How-to-fillet-a-bluegill-or-sunfish/
9649.-https://www.instructables.com/id/Messenger-Bag-or-RucksackYES/
9650.-https://www.instructables.com/id/Bike-rack-2/
9651.-https://www.instructables.com/id/Secret-River-Paracord-Bracelet/
9652.-https://www.instructables.com/id/Survival-knife/
9653.-https://www.instructables.com/id/Outdoors-Gladiator-Combat-Stick-for-Kids-Adults/
9654.-https://www.instructables.com/id/Dead-Simple-Camp-Fire-Starter/
9655.-https://www.instructables.com/id/Eco-friendly-Reusable-Watering-Can/
9656.-https://www.instructables.com/id/Duct-tape-water-bottle-holder-1/
9657.-https://www.instructables.com/id/Charred-Cloth-An-Excellent-Fire-starter/
9658.-https://www.instructables.com/id/The-Family-Bike/
9659.-https://www.instructables.com/id/Canoe-100-Meter-Buoy-System/
9660.-https://www.instructables.com/id/Improved-PVC-Nunchucks/
9661.-https://www.instructables.com/id/Easy-Polo-Wrap-Wrapper-for-Horses/
9662.-https://www.instructables.com/id/Survival-Bag/
9663.-https://www.instructables.com/id/How-To-Make-a-carbon-pencil-quick-and-easy/
9664.-https://www.instructables.com/id/Batarang-from-Scrap-Metal/
9665.-https://www.instructables.com/id/Paracute-Folding-Tutorial-for-Small-Cloth-Chutes/
9666.-https://www.instructables.com/id/8020-Chopper/
9667.-https://www.instructables.com/id/Super-easy-PVC-fishing-rod-holder/
9668.-https://www.instructables.com/id/Make-a-Loop-Using-Only-on-End/
9669.-https://www.instructables.com/id/Grappling-Hooks-Kickstarter-More/
9670.-https://www.instructables.com/id/Surf-Fishing-Rig-With-2-Hooks/
9671.-https://www.instructables.com/id/Mini-Fire-Starting-Tin/
9672.-https://www.instructables.com/id/Ice-hockey-puck-with-LED-lights/
9673.-https://www.instructables.com/id/Laying-Sod/
9674.-https://www.instructables.com/id/neolithic-axe/
9675.-https://www.instructables.com/id/Lighted-Bird-House/
9676.-https://www.instructables.com/id/Camping-Storage-Heater-from-Bricks-Sand-and-an-Am/
9677.-https://www.instructables.com/id/flashlight-lanyard/
9678.-https://www.instructables.com/id/Biodiversity-Owl-House/
9679.-https://www.instructables.com/id/Survival-Key-Set/
9680.-https://www.instructables.com/id/Heated-Blade/
9681.-https://www.instructables.com/id/Surviving-a-Snow-State-of-Emergency/
9682.-https://www.instructables.com/id/Rolling-Six-Pack-Bike-Rack/
9683.-https://www.instructables.com/id/garden-on-the-wall/
9684.-https://www.instructables.com/id/Off-Grid-Battery-Box/
9685.-https://www.instructables.com/id/Altoids-Survival-Kit-25/
9686.-https://www.instructables.com/id/From-garbage-to-rideable-BMX-tale/
9687.-https://www.instructables.com/id/Makerbot-Your-Own-Fingerboarding-Skate-Park/
9688.-https://www.instructables.com/id/Create-your-own-sailboat-Belaying-Pins/
9689.-https://www.instructables.com/id/Insulated-Sleeping-Pad-thermarest/
9690.-https://www.instructables.com/id/The-Chilling-Swing/
9691.-https://www.instructables.com/id/The-Unicycle-freemount/
9692.-https://www.instructables.com/id/Wonder-Woman-Barn-Door-Kite-by-She-Ra-and-Clara/
9693.-https://www.instructables.com/id/Cheap-and-Easy-Bicycle-Bottle-nozzle-Cover/
9694.-https://www.instructables.com/id/WHIZZER-CONVERSION-BY-S-M-BLODGE-AND-THE-IDS-WOR/
9695.-https://www.instructables.com/id/robot-wheels/
9696.-https://www.instructables.com/id/Waterfilter/
9697.-https://www.instructables.com/id/DIY-Slide-Gloves-for-Longboarding/
9698.-https://www.instructables.com/id/100-Mile-Bike-Ride-Attempt/
9699.-https://www.instructables.com/id/Wood-Gas-Stove-1/
9700.-https://www.instructables.com/id/Shed-Hunting/
9701.-https://www.instructables.com/id/UNDERWATER-pumpkin-carving/
9702.-https://www.instructables.com/id/How-to-Make-Parachute-Awning/
9703.-https://www.instructables.com/id/400-lumen-12v-lantern/
9704.-https://www.instructables.com/id/Bicycle-Safety-Lighting-and-Turn-Signals-From-Mos/
9705.-https://www.instructables.com/id/Pallet-long-board-deck/
9706.-https://www.instructables.com/id/Garden-Ideas-1-2/
no info
9707.-https://www.instructables.com/id/Paracord-Projects-3/
9708.-https://www.instructables.com/id/Best-of-Bamboo/
no info
9709.-https://www.instructables.com/id/Carry-a-FIRESTEEL-R-on-your-Keychain/
9710.-https://www.instructables.com/id/Docking-Knot/
9711.-https://www.instructables.com/id/A-TARGET-WATER-GUN-SHOOTER-GAME/
9712.-https://www.instructables.com/id/1976-glastron-reuild/
9713.-https://www.instructables.com/id/3D-Printed-Grappling-Hook/
9714.-https://www.instructables.com/id/How-to-Get-Rid-of-Stink-Bugs-Without-Leaving-a-Bad/
9715.-https://www.instructables.com/id/GoPro-Pole-Cam/
9716.-https://www.instructables.com/id/Add-Foot-Rest-To-Fathers-Hanging-Chair/
9717.-https://www.instructables.com/id/Duct-Tape-Rockets/
9718.-https://www.instructables.com/id/Cigar-Box-Bird-House/
9719.-https://www.instructables.com/id/Improvised-fishing-lure-for-the-desparate-fishers/
9720.-https://www.instructables.com/id/How-to-build-a-Calvin-and-Hobbes-Snwoman-You-pick/
9721.-https://www.instructables.com/id/How-to-make-a-figure-eight-knot/
9722.-https://www.instructables.com/id/Knex-multi-shot-rubberband-guns/
9723.-https://www.instructables.com/id/Assembly-of-an-Aerotech-Rocket-Motor/
9724.-https://www.instructables.com/id/Corn-Cob-Bird-Feeder/
9725.-https://www.instructables.com/id/Night-Vision-with-12-volt-LCD-Monitor/
9726.-https://www.instructables.com/id/Beer-Mug-From-a-Beercan/
9727.-https://www.instructables.com/id/Hanging-Bike-Work-Stand...Perfect-for-Cramped-Plac/
9728.-https://www.instructables.com/id/Buck-KnifeMulti-Tool-Combination/
9729.-https://www.instructables.com/id/Fatwood-Natures-Fire-Starter/
9730.-https://www.instructables.com/id/My-longboards/
9731.-https://www.instructables.com/id/Alcohol-powered-rocket-launcher/
9732.-https://www.instructables.com/id/Wall-Jump-1/
9733.-https://www.instructables.com/id/July-7th-Newsletter-2011/
no info
9734.-https://www.instructables.com/id/Altoid-Tin-Survival-Kit/
9735.-https://www.instructables.com/id/RECYCLED-BOTTLE-WHIRLIGIG-SPACE-SHUTTLE-COPTER/
9736.-https://www.instructables.com/id/Compact-CD-Signal-Mirror/
9737.-https://www.instructables.com/id/Awesome-wooden-sword/
9738.-https://www.instructables.com/id/How-To-Survive-The-Zombie-Apocalypse-1/
9739.-https://www.instructables.com/id/Quick-And-Easy-Bird-Scare-AKA-The-Auto-Defender/
9740.-https://www.instructables.com/id/How-To-Make-A-Snowball/
9741.-https://www.instructables.com/id/How-to-Build-a-Bird-Feeder-out-of-a-Recycled-Milk-/
9742.-https://www.instructables.com/id/Simple-Pvc-Quiver/
9743.-https://www.instructables.com/id/A-Ghostbusters-Christmas/
9744.-https://www.instructables.com/id/New-Blade-And-Multi-Tool-Collection/
9745.-https://www.instructables.com/id/Treadmill-Skateboarding/
9746.-https://www.instructables.com/id/quickmatch-fuse/
9747.-https://www.instructables.com/id/Make-your-bike-roar-like-a-motorcycle/
9748.-https://www.instructables.com/id/Eeepc-bicycle-mount/
9749.-https://www.instructables.com/id/Knotless-Netting-on-Gourd-Part-3-of-3/
9750.-https://www.instructables.com/id/Easy-to-make-RationSurvival-Bars/
9751.-https://www.instructables.com/id/Two-Bit-Hooker/
9752.-https://www.instructables.com/id/Portable-Bush-Fire-Fighting-System-for-Property-Pr/
9753.-https://www.instructables.com/id/Bicycle-Wall-Mount/
9754.-https://www.instructables.com/id/Easier-Than-A-Bowline/
9755.-https://www.instructables.com/id/Altoids-survival-kit-1/
9756.-https://www.instructables.com/id/Sawyer-Squeeze-water-filter-plug/
9757.-https://www.instructables.com/id/Have-you-put-the-chickens-away/
9758.-https://www.instructables.com/id/Duct-Tape-Bottle-Rocket/
9759.-https://www.instructables.com/id/The-Amazing-Prototool/
9760.-https://www.instructables.com/id/Loud-Whistle-From-Straw/
9761.-https://www.instructables.com/id/Old-Doormat-Wildflower-Bed/
9762.-https://www.instructables.com/id/Easy-to-Make-Water-Rocket/
9763.-https://www.instructables.com/id/shtf/
9764.-https://www.instructables.com/id/Pocket-survival-kit-Leatherman-Wave/
9765.-https://www.instructables.com/id/The-Dangerous-Snow-Slug/
9766.-https://www.instructables.com/id/Paracord-Lighter-Wrap-Keychain/
9767.-https://www.instructables.com/id/Grizzly-Boards/
9768.-https://www.instructables.com/id/Cheapest-Jet-Stove/
9769.-https://www.instructables.com/id/Survival-Kit-101/
9770.-https://www.instructables.com/id/Mini-Cabin-Boat/
9771.-https://www.instructables.com/id/How-To-Build-A-Water-Thrusted-Rocket/
9772.-https://www.instructables.com/id/How-to-Make-a-Mini-Blowgun/
9773.-https://www.instructables.com/id/Cheap-Easy-Blowgun-darts/
9774.-https://www.instructables.com/id/Boardcut-Slingshots/
9775.-https://www.instructables.com/id/survival-tools-in-iPhone-box/
9776.-https://www.instructables.com/id/Homemade-Throwing-Knife/
9777.-https://www.instructables.com/id/Bike-rack-for-multiple-bikes/
9778.-https://www.instructables.com/id/Phosphorous-Powder/
9779.-https://www.instructables.com/id/Bike-Mount-for-Pure-Digital--Flip-Vid-Cam/
9780.-https://www.instructables.com/id/Paracord-Dog-Collar-1/
9781.-https://www.instructables.com/id/Winterizing-Your-RV/
9782.-https://www.instructables.com/id/Knife-Handle/
9783.-https://www.instructables.com/id/Survival-Necklace-1/
9784.-https://www.instructables.com/id/Magic-Rainbowwarrior-Chalk-Board/
9785.-https://www.instructables.com/id/Mermaid-in-the-Sand/
9786.-https://www.instructables.com/id/Clouser-Minnow/
9787.-https://www.instructables.com/id/How-to-Backside-360-on-a-Snowboard/
9788.-https://www.instructables.com/id/5-Gal-Bucket-Diving-Helmet-MK1/
9789.-https://www.instructables.com/id/Hammock-Chair/
9790.-https://www.instructables.com/id/Camp-Light/
9791.-https://www.instructables.com/id/how-to-fix-wobblyloose-bicycle-seat-with-zip-ties/
9792.-https://www.instructables.com/id/SlingShots-1/
9793.-https://www.instructables.com/id/mentos-geyser/
9794.-https://www.instructables.com/id/fischertechnik-Bicycle/
9795.-https://www.instructables.com/id/Heat-Exchanger-in-a-Wood-Fired-Hot-Tub-for-a-Showe/
9796.-https://www.instructables.com/id/Fire-Starting/
9797.-https://www.instructables.com/id/Autostart-rubberband-powered-boat/
9798.-https://www.instructables.com/id/Bracelet-Paracord/
9799.-https://www.instructables.com/id/Building-a-Raised-Garden/
9800.-https://www.instructables.com/id/Recycling-Military-Equipment-or-My-Contribution-to/
9801.-https://www.instructables.com/id/Outdoor-Survival-Bag/
9802.-https://www.instructables.com/id/soft-trucks-for-a-skate-board/
9803.-https://www.instructables.com/id/Roasty-Toasty-Marshmallows/
9804.-https://www.instructables.com/id/DIY-Winch-Overhaul-or-How-to-Rebuilt-Your-Winch-an/
9805.-https://www.instructables.com/id/Simple-Bicycle-Framebuilding-Jig/
9806.-https://www.instructables.com/id/tailgate-party-equipment/
9807.-https://www.instructables.com/id/How-to-tie-a-bowline/
9808.-https://www.instructables.com/id/Diy-Modern-Bird-Table/
9809.-https://www.instructables.com/id/Ahorrar-AGUA-en-la-regadera-Save-WATER-in-shower/
9810.-https://www.instructables.com/id/Teaching-Physics-and-Creative-Problem-Solving-with/
9811.-https://www.instructables.com/id/Mercury-Joe-Preparing-the-Capsule-for-flight-Part/
9812.-https://www.instructables.com/id/Apocalypse-Survival-Backpack/
9813.-https://www.instructables.com/id/Make-a-Gourd-Bird-House-1/
9814.-https://www.instructables.com/id/Recumbent-camper-idea/
9815.-https://www.instructables.com/id/How-to-Tie-a-Clove-Hitch-Knot/
9816.-https://www.instructables.com/id/Altoid-Gas-Grill/
9817.-https://www.instructables.com/id/Free-Yacht-Chapter-8-Celebrate-Freedom/
9818.-https://www.instructables.com/id/How-to-build-a-custom-bike/
9819.-https://www.instructables.com/id/Installing-LED-Lights-In-A-Camper/
9820.-https://www.instructables.com/id/Intro-37/
9821.-https://www.instructables.com/id/Cooking-6/
9822.-https://www.instructables.com/id/Backyard-Pond/
9823.-https://www.instructables.com/id/Man-Cave-2/
9824.-https://www.instructables.com/id/How-To-Make-Your-Own-Goof-Board/
9825.-https://www.instructables.com/id/Ultimate-Bike-Light---FrontRear-Combo---100-Lumen/
9826.-https://www.instructables.com/id/Folding-Quadrat-Plots/
9827.-https://www.instructables.com/id/Professional-Blowgun-Darts-From-Scratch/
9828.-https://www.instructables.com/id/DIY-Bicycle-Generator/
9829.-https://www.instructables.com/id/Survival-Skills-1/
9830.-https://www.instructables.com/id/Rock-Climbing-Volumes/
9831.-https://www.instructables.com/id/Monte-la-c%C3%A1mara-flotante-para-Video-subacu%C3%A1tico/
9832.-https://www.instructables.com/id/how-to-make-a-easy-water-rocket/
9833.-https://www.instructables.com/id/bicycle-frame-protection/
9834.-https://www.instructables.com/id/The-Big-Bang-pocket-sized-rocket-launcher/
9835.-https://www.instructables.com/id/Bike-trailer-anyone/
9836.-https://www.instructables.com/id/Bicycle-Maintenance-Tips/
9837.-https://www.instructables.com/id/100-Gun-Into-One-of-a-kind/
9838.-https://www.instructables.com/id/How-to-Tie-a-Four-In-Hand-Knot/
9839.-https://www.instructables.com/id/A-Poor-Mans-Vehicle-Wrap/
9840.-https://www.instructables.com/id/How-to-safely-pick-up-a-catfish/
9841.-https://www.instructables.com/id/great-easy-bird-house-for-kids/
9842.-https://www.instructables.com/id/Sleek-LED-Helmet/
9843.-https://www.instructables.com/id/Bike-bagage-swing/
9844.-https://www.instructables.com/id/Wearable-Survival-Kit-Hat/
9845.-https://www.instructables.com/id/Breast-Cancer-Awareness-Key-Chain/
9846.-https://www.instructables.com/id/Diy-Electric-IgniterElectric-Match/
9847.-https://www.instructables.com/id/Solar-Still/
9848.-https://www.instructables.com/id/Twig-Burning-Camp-and-Emergency-Stove/
9849.-https://www.instructables.com/id/Hummingbird-Food/
9850.-https://www.instructables.com/id/Outdoor-Kitchen-Living/
9851.-https://www.instructables.com/id/Spice-camp-ultra-portable-spice-dispencer/
9852.-https://www.instructables.com/id/Fire-starter-hack/
9853.-https://www.instructables.com/id/Mount-BionX-Electric-Assist-Battery-on-ICE-Sprint-/
9854.-https://www.instructables.com/id/DIY-Wood-Knife-Sheath/
9855.-https://www.instructables.com/id/Fishing-Leader-Storage-Case/
9856.-https://www.instructables.com/id/Laser-Engraved-Cornhole-Set/
9857.-https://www.instructables.com/id/Pop-Bottle-PVC-Geocache/
9858.-https://www.instructables.com/id/DIY-emergency-signal-mirror/
9859.-https://www.instructables.com/id/My-Teacher-told-me-to-go-fly-a-kite-so-I-did/
9860.-https://www.instructables.com/id/Tent-wood-stove-classic-KP/
9861.-https://www.instructables.com/id/Rocket-Stove/
9862.-https://www.instructables.com/id/How-to-make-a-small-flaming-vortex-of-DOOM!/
9863.-https://www.instructables.com/id/Prepping-for-the-SHTF/
9864.-https://www.instructables.com/id/Housing/
9865.-https://www.instructables.com/id/Toy-Steam-Boat-made-from-Recyclable-Material/
9866.-https://www.instructables.com/id/tactical-sling/
9867.-https://www.instructables.com/id/Garden-Hose-Adapter-Version-1/
9868.-https://www.instructables.com/id/Quick-stylish-raincoat-out-of-garbage-bag-and-USPS/
9869.-https://www.instructables.com/id/Strike-Anywhere-Firecrackers/
9870.-https://www.instructables.com/id/Simple-Roof-Bars-Bike-Carrier/
9871.-https://www.instructables.com/id/SNOW-SHARK/
9872.-https://www.instructables.com/id/how-to-make-a-glow-staff/
9873.-https://www.instructables.com/id/what-to-take-when-backpacking-and-travelling-light/
9874.-https://www.instructables.com/id/Paracord-Ring-1/
9875.-https://www.instructables.com/id/Pond-Plant-Fertilizer-Tablet-insertion-tool/
9876.-https://www.instructables.com/id/Air-Conditioner-Condensation-Reclamation/
9877.-https://www.instructables.com/id/Bike-Lock-Key-Holder/
9878.-https://www.instructables.com/id/Garmin-eTrex-handle-bar-mount-for-the-common-man/
9879.-https://www.instructables.com/id/Beach-skates-kiting-shoes-from-bottles/
9880.-https://www.instructables.com/id/A-survival-Kit-For-both-Urban-and-Wilderness/
9881.-https://www.instructables.com/id/water-gun/
9882.-https://www.instructables.com/id/How-to-make-recovery-wadding-for-model-rockets/
9883.-https://www.instructables.com/id/Build-a-floating-dock-using-mini-beer-kegs/
9884.-https://www.instructables.com/id/Fold-able-Cart-With-Removable-Wheels/
9885.-https://www.instructables.com/id/10-Minute-Blowgun/
9886.-https://www.instructables.com/id/Turks-Head-Flashlight/
9887.-https://www.instructables.com/id/Supplies-4/
9888.-https://www.instructables.com/id/Outdoor-protection-agains-mosquitos/
9889.-https://www.instructables.com/id/M%C3%A1quina-T%C3%A9rmica-47/
9890.-https://www.instructables.com/id/Mountain-Bike-MTB-Fair-Dinkum-12-Volt-LED-Headligh/
9891.-https://www.instructables.com/id/Kuksa-20-mini-version/
9892.-https://www.instructables.com/id/Solman-Bar-Paracord-Braclet-1/
9893.-https://www.instructables.com/id/How-to-Make-Char-Cloth-and-Why/
9894.-https://www.instructables.com/id/Surival-Gear/
9895.-https://www.instructables.com/id/Homemade-GPS-Bike-Mount/
9896.-https://www.instructables.com/id/Keeping-outdoor-the-food-cold-for-a-long-period-of/
9897.-https://www.instructables.com/id/Rubens-Tube-3/
9898.-https://www.instructables.com/id/Cycling/
9899.-https://www.instructables.com/id/How-To-Make-an-8ft-Paracord-Bullwhip/
9900.-https://www.instructables.com/id/Portable-Target-Carrier/
9901.-https://www.instructables.com/id/Long-Lasting-Wax-Fire-Starter/
9902.-https://www.instructables.com/id/Make-Better-Rocket-Stoves-With-This-FREE-Tool/
9903.-https://www.instructables.com/id/Needle-floating-on-the-surface-of-the-water/
9904.-https://www.instructables.com/id/Floater-Fishing-for-Carp-pt-2/
9905.-https://www.instructables.com/id/Bicycle-Themed-Pen-Pencil-Holder/
9906.-https://www.instructables.com/id/Layered-Survival-Kit/
9907.-https://www.instructables.com/id/Pseudo-Psub/
9908.-https://www.instructables.com/id/Work-Bench-Bike-repair-stand-with-angle-adjustment/
9909.-https://www.instructables.com/id/snow-graffiti/
9910.-https://www.instructables.com/id/How-to-make-a-Streamlight-Stylus-Pro-easier-to-tur/
9911.-https://www.instructables.com/id/Lanyard-for-a-Surefire-or-similar-flashlight/
9912.-https://www.instructables.com/id/Spinnaker-Clew-Rings-for-Racing/
9913.-https://www.instructables.com/id/Fire-cake-cheap-fire-starter/
9914.-https://www.instructables.com/id/6V-halogen-bulb-source/
9915.-https://www.instructables.com/id/Campfire-Chili/
9916.-https://www.instructables.com/id/Clear-Frost-From-Car-Windows/
9917.-https://www.instructables.com/id/Make-knife-sheath-and-turn-your-kitchen-knife-into/
9918.-https://www.instructables.com/id/When-is-a-yurt-NOT-a-yurt/
9919.-https://www.instructables.com/id/SHTF-Prepper/
9920.-https://www.instructables.com/id/Liquid-Nitrogen-Explosion/
9921.-https://www.instructables.com/id/EDC-pocket-survival-kit-Not-Altoids-tin/
9922.-https://www.instructables.com/id/DIY-Hammock-Straps/
9923.-https://www.instructables.com/id/Toy-space-capsule/
9924.-https://www.instructables.com/id/Make-this-durable-storage-bag-or-beach-bag-from-a/
9925.-https://www.instructables.com/id/Copper-Bike-Fender/
9926.-https://www.instructables.com/id/30-Second-Cold-Beer/
9927.-https://www.instructables.com/id/Raise-a-743-Pound-Catfish/
9928.-https://www.instructables.com/id/ReflectoSafety!/
9929.-https://www.instructables.com/id/SIN-Cycles-Drift-Trikes-Independance/
9930.-https://www.instructables.com/id/PVC-Tiller-Extension-Swivel/
9931.-https://www.instructables.com/id/Poison-Ivy-1/
9932.-https://www.instructables.com/id/Weaponized-Water-Bottle/
9933.-https://www.instructables.com/id/Identifying-Moderately-Bright-Navigational-Stars/
9934.-https://www.instructables.com/id/Make-a-simple-pocketknife-casepouch-in-under-10-m/
9935.-https://www.instructables.com/id/First-Aid-Kit/
9936.-https://www.instructables.com/id/DYI-paracord-eyeglass-straps-holders/
9937.-https://www.instructables.com/id/Recycled-Bike-tire-as-fender/
9938.-https://www.instructables.com/id/Make-a-cane-with-a-built-in-weenie-stick/
9939.-https://www.instructables.com/id/Top-Post-Apocalyptic-Uses-for-Twinkies/
9940.-https://www.instructables.com/id/Survival-5/
9941.-https://www.instructables.com/id/Simple-Cheap-Torch-to-Headtorch/
9942.-https://www.instructables.com/id/Mini-Blowgun-Tutorial/
9943.-https://www.instructables.com/id/How-You-Can-Easily-Repair-Broken-Levers-From-Bicyc/
9944.-https://www.instructables.com/id/Basic-Security-Guide-When-Theres-No-Electricity/
9945.-https://www.instructables.com/id/Walking-Dead-Survival-Tip-Gum-Wrapper-Lighter-AKA-/
9946.-https://www.instructables.com/id/Protest-Sashimono/
9947.-https://www.instructables.com/id/Under-the-handlebar-camera-mount/
9948.-https://www.instructables.com/id/Miniature-Moving-Gondola/
9949.-https://www.instructables.com/id/bicycle-Tire-Bracelet/
9950.-https://www.instructables.com/id/How-to-survive-in-the-woodsjungle/
9951.-https://www.instructables.com/id/Pool-and-Spa-safe-fishing-floats/
9952.-https://www.instructables.com/id/Altoids-Tin-Survival-Kit-2/
9953.-https://www.instructables.com/id/Barquinho-POP-POP/
9954.-https://www.instructables.com/id/How-NOT-to-design-a-rocket-motor/
9955.-https://www.instructables.com/id/Make-A-Double-Wrapped-Paracord-Bracelet/
9956.-https://www.instructables.com/id/Outdoor-protection-agains-mosquitos-1/
9957.-https://www.instructables.com/id/Materials-19/
9958.-https://www.instructables.com/id/Build-a-Campfire-and-Cook-a-Delicious-Meal/
9959.-https://www.instructables.com/id/Hula-hoop-UK-style/
9960.-https://www.instructables.com/id/Cut-small-hole-at-bottom-of-cup-and-add-cheeseclot/
9961.-https://www.instructables.com/id/Butterfly-Timing/
9962.-https://www.instructables.com/id/BeginnerIntermediate-butterfly-knife-combo/
9963.-https://www.instructables.com/id/Backstroke/
9964.-https://www.instructables.com/id/snow-creation/
9965.-https://www.instructables.com/id/DIY-GoPro-Grip-With-Added-Container/
9966.-https://www.instructables.com/id/Backpacking-Stove-from-Aluminum-Flashing/
9967.-https://www.instructables.com/id/DIY-portable-swing-1/
9968.-https://www.instructables.com/id/Shingle-Arrows/
9969.-https://www.instructables.com/id/Bike-Trailer-that-fits-almost-anything-D/
9970.-https://www.instructables.com/id/Pistola-de-Fuego/
9971.-https://www.instructables.com/id/DIY-poor-man-gps-mount-v-20-for-Garmin-Geko/
9972.-https://www.instructables.com/id/Small-stuff/
9973.-https://www.instructables.com/id/Pocket-urban-survival-EDC/
9974.-https://www.instructables.com/id/Mini-Rocket-Launcher-out-of-a-Bottle-and-Pen/
9975.-https://www.instructables.com/id/Altoids-Match-Container/
9976.-https://www.instructables.com/id/Southern-Gnats-Mosquito-Repellant/
9977.-https://www.instructables.com/id/Secret-Pouch-for-Pen-Knife/
9978.-https://www.instructables.com/id/Kit-de-supervivencia-Botella-de-p%C3%ADldora/
9979.-https://www.instructables.com/id/MkI-Kayak-Greenlander/
9980.-https://www.instructables.com/id/sailboat/
9981.-https://www.instructables.com/id/Refurbishing-a-vintage-travel-trailer/
9982.-https://www.instructables.com/id/Adjustable-strap-swing/
9983.-https://www.instructables.com/id/Walleye-Fishing/
9984.-https://www.instructables.com/id/How-To-Make-a-Mini-Flame-Thrower-With-An-Orange-3/
9985.-https://www.instructables.com/id/ninja-climbing-shoe-spikes/
9986.-https://www.instructables.com/id/Finish-A-Custom-Skateboard-VIDEO/
9987.-https://www.instructables.com/id/how-to-make-a-small-but-awesome-throwing-axe/
9988.-https://www.instructables.com/id/Crude-Knife-Sharpener/
9989.-https://www.instructables.com/id/Handmade-Fishing-Lures/
9990.-https://www.instructables.com/id/Makeshift-Rain-Shower/
9991.-https://www.instructables.com/id/Going-warp-nine-even-when-standing-still/
9992.-https://www.instructables.com/id/Firewire/
9993.-https://www.instructables.com/id/Bike-Tire-Bow/
9994.-https://www.instructables.com/id/Mini-Camping-Stove/
9995.-https://www.instructables.com/id/A-survival-kit-that-will-fit-in-your-pocket/
9996.-https://www.instructables.com/id/Start-Fire-with-Gum-Wrapper-and-Battery/
9997.-https://www.instructables.com/id/A-proper-patio-from-the-ground-up/
9998.-https://www.instructables.com/id/Making-Survival-kits-from-the-Dollar-Store/
9999.-https://www.instructables.com/id/Waterproofing/
10000.-https://www.instructables.com/id/Survival-20/
10001.-https://www.instructables.com/id/Survival-tips/
10002.-https://www.instructables.com/id/Easy-5201/
10003.-https://www.instructables.com/id/Prepping-2/
10004.-https://www.instructables.com/id/How-to-do-an-Ollie/
10005.-https://www.instructables.com/id/How-to-make-a-mini-table-stove/
10006.-https://www.instructables.com/id/Waterproof-Match-Box-Shotgun-Shells/
10007.-https://www.instructables.com/id/Can-Stove-Pot-Stand/
10008.-https://www.instructables.com/id/Simple-Storage-for-a-Semi-Auto-Rifle/
10009.-https://www.instructables.com/id/DIY-Pocket-Slingshot/
10010.-https://www.instructables.com/id/Basic-Mounting-and-Riding-on-the-Unicycle/
10011.-https://www.instructables.com/id/How-to-make-a-mini-alcoholpocket-stove/
10012.-https://www.instructables.com/id/PREPPING-GET-FREE-USEFUL-STUFF-for-your-workshop/
10013.-https://www.instructables.com/id/pvc-bike-trailer/
10014.-https://www.instructables.com/id/Survival-The-Inevitible-Zombie-Attack./
10015.-https://www.instructables.com/id/intex-kayak-sailing/
10016.-https://www.instructables.com/id/I-Will-Survive/
10017.-https://www.instructables.com/id/Snare-wire/
10018.-https://www.instructables.com/id/Easy-Bike-rack/
10019.-https://www.instructables.com/id/Paracord-Keyring/
10020.-https://www.instructables.com/id/Shotgun-Shell-Necklace/
10021.-https://www.instructables.com/id/backyard-roller-coster-2/
10022.-https://www.instructables.com/id/Snow-Gentleman/
10023.-https://www.instructables.com/id/Human-Electric-Hybrid-Motorcycle/
10024.-https://www.instructables.com/id/R-Kite/
10025.-https://www.instructables.com/id/Sparklarette-The-cigarette-that-s-also-a-sparkler/
10026.-https://www.instructables.com/id/How-to-make-the-assassins-creed-rope-dart/
10027.-https://www.instructables.com/id/Paracord-Buddies-a-Great-Water-to-Use-Your-Scraps-/
10028.-https://www.instructables.com/id/Good,-Old-Ring-Toss/
10029.-https://www.instructables.com/id/how-to-make-a-water-proof-match-box-from-a-mint-ti/
