780.-https://www.instructables.com/id/Extreme-Air-Soft-Hand-Gun-V2/
781.-https://www.instructables.com/id/How-to-Make-the-Turbo-Jetstream-Paper-Airplane/
782.-https://www.instructables.com/id/Fidget-Spinner-Glowing-in-the-Dark/
783.-https://www.instructables.com/id/Easy-Pen-Gun-1/
784.-https://www.instructables.com/id/DIY-Pok%C3%A8mon-Card-Container/
785.-https://www.instructables.com/id/The-Standard-Airplane/
786.-https://www.instructables.com/id/The-1-Fidget-Spinner/
787.-https://www.instructables.com/id/How-to-Oil-Valves-on-a-Euphonium/
788.-https://www.instructables.com/id/Life-size-Hamster-Ball-Dodecahedron/
789.-https://www.instructables.com/id/3-Post-Puzzle/
790.-https://www.instructables.com/id/Easy-to-made-Baseplate-for-Lego-Duplo/
791.-https://www.instructables.com/id/Repetition-Gauss-Gun/
792.-https://www.instructables.com/id/DIY-MAGNETIC-FIDGET-SPINNER-How-to-Make-Hand-Spinn/
793.-https://www.instructables.com/id/Mini-Pool-Table-Top-Game/
794.-https://www.instructables.com/id/Crazy-Rocket-With-Wheels-and-a-Secret-Compartment/
795.-https://www.instructables.com/id/How-to-Do-Awesome-Prediction-Card-Trick/
796.-https://www.instructables.com/id/Cardboard-Ball-Maze-Game/
797.-https://www.instructables.com/id/Easy-Bar-Trick-Cut-a-Lemon-With-a-Cigarette/
798.-https://www.instructables.com/id/Rocar-Chocalho-Braziliaan-Samba-Shaker-ENNL/
no info
799.-https://www.instructables.com/id/EASY-and-CHEAP-Slot-Car-Point-of-View-Driver-Cam/
800.-https://www.instructables.com/id/Lego-Clock-Escapement/
801.-https://www.instructables.com/id/The-Hedgehog/
802.-https://www.instructables.com/id/UFOH/
803.-https://www.instructables.com/id/How-to-Make-a-BUNNYBEAR/
804.-https://www.instructables.com/id/Cardboard-Marble-Labyrinth/
805.-https://www.instructables.com/id/Arduino-Morse-Code-Game/
806.-https://www.instructables.com/id/Mini-Basketball-Hoop/
807.-https://www.instructables.com/id/Fidget-Spinners-From-Acrylic-on-a-CNC/
808.-https://www.instructables.com/id/Homemade-Clay/
809.-https://www.instructables.com/id/Whip-Cream-Prank/
810.-https://www.instructables.com/id/PieFace-2/
811.-https://www.instructables.com/id/How-to-Make-a-Suitcase-for-Toys/
812.-https://www.instructables.com/id/Modular-Tabletop-Terrain-Boards/
813.-https://www.instructables.com/id/Buttonhole-Puzzle/
814.-https://www.instructables.com/id/APRIL-FOOLS-DAY-PRACTICAL-JOKE/
815.-https://www.instructables.com/id/Bug-Prank-1/
816.-https://www.instructables.com/id/Kids-Fold-Up-Desk/
817.-https://www.instructables.com/id/Spooky-Whispering-Prank/
818.-https://www.instructables.com/id/How-to-Do-a-Needle/
819.-https://www.instructables.com/id/Pokemon-GO-Plus-Phone-Case/
820.-https://www.instructables.com/id/Practice-Contact-Saber/
821.-https://www.instructables.com/id/Solving-a-Rubiks-Cube/
822.-https://www.instructables.com/id/Fidget-Spinner-With-Big-Nuts/
823.-https://www.instructables.com/id/How-to-Make-the-Ring-Game/
824.-https://www.instructables.com/id/Epoxy-Putty-Fidget-Spinner-Toy/
825.-https://www.instructables.com/id/Ring-Toss-Game-From-a-Box/
826.-https://www.instructables.com/id/Knex-Vertical-Jigsaw-Lift/
827.-https://www.instructables.com/id/Toy-Sewing-Machine-With-Removable-Thread-Spool/
828.-https://www.instructables.com/id/Playdohkinetic-Sand-Which-Can-Last-Forever-for-Jus/
829.-https://www.instructables.com/id/Make-a-Paper-Popsicle-Memory-Game/
830.-https://www.instructables.com/id/Soda-Bottle-Top-Fidget-Toy/
831.-https://www.instructables.com/id/Lap-Slide-Guitar-Skate-Board/
832.-https://www.instructables.com/id/Zacks-Toy-Crane-with-Plans/
833.-https://www.instructables.com/id/Ashwick-Plantation-Muskets/
834.-https://www.instructables.com/id/Cube-Puzzle/
835.-https://www.instructables.com/id/Phone-Speaker-Without-Electricity/
836.-https://www.instructables.com/id/Glossy-Custom-Gamecube-Controller-Mod/
837.-https://www.instructables.com/id/How-to-Find-3-Peoples-Cards-With-One-Card-Trick/
838.-https://www.instructables.com/id/Wooden-Block-and-Pin-Puzzle/
839.-https://www.instructables.com/id/Easy-Monitor-for-NordicTrack-Skier/
840.-https://www.instructables.com/id/Tabletop-to-vertical-Convertible-Chessboard/
841.-https://www.instructables.com/id/How-to-Play-Blackjack-with-Betting/
842.-https://www.instructables.com/id/PI-Powered-Busy-Board/
843.-https://www.instructables.com/id/Smash-the-Table-With-Kamisumo/
844.-https://www.instructables.com/id/How-to-Build-a-Lego-BB-8-With-a-Motorized-Platform/
845.-https://www.instructables.com/id/Toothpick-Shooter-Really-Simple/
846.-https://www.instructables.com/id/Citadel-Knex-Ball-Machine-Elements-Instructions/
847.-https://www.instructables.com/id/BEST-DIY-Paintball-Grenade/
848.-https://www.instructables.com/id/Fun-With-Liquids-for-Kids/
849.-https://www.instructables.com/id/How-to-String-a-Steel-String-Acoustic-Guitar/
850.-https://www.instructables.com/id/Ball-and-String-Puzzle/
851.-https://www.instructables.com/id/Non-Volatile-RAM-Upgrade-for-SNES-SFC-Cartridges/
852.-https://www.instructables.com/id/Spark-Plug-Puzzle/
853.-https://www.instructables.com/id/Homemade-Hot-Rod-Vintage-Car-Model/
854.-https://www.instructables.com/id/How-to-Make-a-Mini-Crossbow-From-Office-Supplies/
855.-https://www.instructables.com/id/Newtons-Cradle-Automated/
856.-https://www.instructables.com/id/Introduction-Pinewood-Derby-Race-Finish-Line/
857.-https://www.instructables.com/id/How-to-Make-Stretchy-Slime-Without-Borax/
858.-https://www.instructables.com/id/Re-skinning-a-Rebab/
859.-https://www.instructables.com/id/The-Ballooneridoo/
860.-https://www.instructables.com/id/Musical-Pick-Up-Sticks/
861.-https://www.instructables.com/id/How-to-Correctly-Perform-a-Squat/
862.-https://www.instructables.com/id/Math-Snake-Puzzle/
863.-https://www.instructables.com/id/Self-Powered-Rotating-POV-Motor-Generator/
864.-https://www.instructables.com/id/Beginners-Guide-to-Double-Pinochle/
865.-https://www.instructables.com/id/Mini-Marshmallow-Blaster/
866.-https://www.instructables.com/id/Giant-Straw-Tetrahedron-Cluster/
867.-https://www.instructables.com/id/Waves-in-a-Bottle-Relaxing-Toy-for-Kids/
868.-https://www.instructables.com/id/How-to-Make-the-Omniwing-Swift-Paper-Airplane/
869.-https://www.instructables.com/id/Playing-Chess/
870.-https://www.instructables.com/id/Dice-Tray/
871.-https://www.instructables.com/id/Easy-Cardboard-Automata-Toy-With-a-Motor/
872.-https://www.instructables.com/id/LETS-MAKE-a-PAPER-PLANE-LAUNCHER/
873.-https://www.instructables.com/id/Make-Magic-Easiest-Card-Trick-Ever/
874.-https://www.instructables.com/id/Giant-Indoor-Bubble-Blower-One-way-Valve/
875.-https://www.instructables.com/id/Evolution-of-Magnetic-Trebuchet/
876.-https://www.instructables.com/id/Knex-Ball-Machine-Separator-8-Outputs/
877.-https://www.instructables.com/id/Duct-Tape-Craft-Sticks-Siege-Weapon/
878.-https://www.instructables.com/id/Rope-Puzzle/
879.-https://www.instructables.com/id/Knex-Starcraft-2-AHG-24-Banshee/
880.-https://www.instructables.com/id/The-Secret-to-a-Better-Basketball-Jumper-Made-From/
881.-https://www.instructables.com/id/3D-PRINTED-MAZE-1/
882.-https://www.instructables.com/id/Upcycled-Chip-Can-Bike-Bag/
883.-https://www.instructables.com/id/How-to-Convert-a-Toy-Quadcopter-Into-a-FPV-Racer/
884.-https://www.instructables.com/id/Batman-Logo-Spinner-Toy/
885.-https://www.instructables.com/id/PLANToys-Parking-Garage-BRIO-Conversion/
886.-https://www.instructables.com/id/2-In-1-Guitar-and-Mic-Stand/
887.-https://www.instructables.com/id/Glowing-Spinner-Fidget-Toy/
888.-https://www.instructables.com/id/DIY-Head-shot-Killed-Lego-Minifigure/
889.-https://www.instructables.com/id/BRIO-Bridge-Underpass-Modification/
890.-https://www.instructables.com/id/Baseball-Hands-Out-Front-Devise/
891.-https://www.instructables.com/id/Duct-Tape-Spinner-Fidget-Toy/
892.-https://www.instructables.com/id/Super-Horn-Person-Powered-Truck-Horn/
893.-https://www.instructables.com/id/Pianokeyboardfromducttape/
894.-https://www.instructables.com/id/FidgetCube/
895.-https://www.instructables.com/id/Journeycaster-Travel-Guitar/
896.-https://www.instructables.com/id/Easy-Fidget-Hand-Spinner/
897.-https://www.instructables.com/id/Tarot-Cards-Part-1-Major-Arcana/
898.-https://www.instructables.com/id/Fast-and-Easy-Newtons-Cradle/
899.-https://www.instructables.com/id/Knex-Trammel-of-Archimedes/
900.-https://www.instructables.com/id/Airsoft-M41a-Pulse-Rifle/
901.-https://www.instructables.com/id/Zero-Glide-Nut-Replacement-Zero-Fret-Installation-/
902.-https://www.instructables.com/id/Fix-a-Broken-Tomy-AFX-Controller/
903.-https://www.instructables.com/id/How-to-Make-a-Spiderman-Webshooter/
904.-https://www.instructables.com/id/How-to-Build-a-Magic-the-Gathering-Deck/
905.-https://www.instructables.com/id/Paper-Honk/
906.-https://www.instructables.com/id/Individual-Tap-Dance-Floor-and-Exercise-Platform-M/
907.-https://www.instructables.com/id/DIY-Wooden-Fidget-Spinner-That-Glows-in-the-Dark/
908.-https://www.instructables.com/id/Fort-Tent-Kit/
909.-https://www.instructables.com/id/Magic-8-Ball-Guess-Game/
910.-https://www.instructables.com/id/Noisy-Train/
911.-https://www.instructables.com/id/The-Stressed-Art-Student/
912.-https://www.instructables.com/id/How-to-Dominate-Ultimate-Frisbee/
913.-https://www.instructables.com/id/Tune-Your-Piano-Using-Free-Software/
914.-https://www.instructables.com/id/Good-Relationship-Magic-Card-Trick/
915.-https://www.instructables.com/id/How-to-Make-a-Magic-the-Gathering-Deck/
916.-https://www.instructables.com/id/1x1x2-Rubiks-Cube/
917.-https://www.instructables.com/id/Desktop-Gardening-Tools/
918.-https://www.instructables.com/id/Making-a-Rubiks-1x2x3/
919.-https://www.instructables.com/id/Kids-Play-Table-1/
920.-https://www.instructables.com/id/Washboard-Style-Percussion-Instrument/
921.-https://www.instructables.com/id/Knex-Ball-Machine-Lift-Triple-Moving-Arm-Lift/
922.-https://www.instructables.com/id/Folding-Table-Tennis-Top-for-Outside-Table/
923.-https://www.instructables.com/id/Rehab-and-Upgrades-for-a-Fender-Squire-Strat-Plus-/
924.-https://www.instructables.com/id/Kid-Electric-Jeep/
925.-https://www.instructables.com/id/Wrestling-Ring-for-Action-Figures-to-Replace-Those/
926.-https://www.instructables.com/id/Electric-Pump-Water-Pistol/
927.-https://www.instructables.com/id/Arduino-controlled-Noise-activated-Duplo-Trainset/
928.-https://www.instructables.com/id/Make-a-Wooden-Playmobil-Fire-Station/
929.-https://www.instructables.com/id/Airsoft-Target-System/
930.-https://www.instructables.com/id/How-to-Make-a-Custom-Bow-Grip-Using-a-Balloon-and-/
931.-https://www.instructables.com/id/Fidget-Toys-From-Trash-Analog-Roller-and-a-Switch/
932.-https://www.instructables.com/id/How-to-Make-a-DIY-Wargaming-Map-Out-of-Felt/
933.-https://www.instructables.com/id/Electro-Double-Pie-Face-Showdown/
934.-https://www.instructables.com/id/How-to-Play-Go-Stop/
935.-https://www.instructables.com/id/Wooden-Toy-Snake/
936.-https://www.instructables.com/id/CD-and-Balloon-Hovercrafts-Engineering-Challenge/
937.-https://www.instructables.com/id/Fluffy-Juggling-Balls/
938.-https://www.instructables.com/id/Sail-Boat-Baby-Wooden-Toy/
939.-https://www.instructables.com/id/Elliot-the-Elephant-a-Pull-Toy/
940.-https://www.instructables.com/id/Wood-Pin-Puzzle/
941.-https://www.instructables.com/id/Foodstuffs-for-Children-Kitchen/
942.-https://www.instructables.com/id/Felt-Fridge-Magnet-Letters/
943.-https://www.instructables.com/id/How-to-Play-Auld-Lang-Syne-on-Hydraulophone-underw/
944.-https://www.instructables.com/id/Plush-Matryoshka/
945.-https://www.instructables.com/id/Toy-Swords-for-Kids-and-Adults/
946.-https://www.instructables.com/id/How-to-Clean-Video-Game-Cartridges/
947.-https://www.instructables.com/id/Violin-Mute/
948.-https://www.instructables.com/id/Harry-Potter-Settlers-of-Catan-3D/
949.-https://www.instructables.com/id/Play-Kitchen-From-Old-Entertainment-Centre/
950.-https://www.instructables.com/id/Make-a-Small-Car/
951.-https://www.instructables.com/id/Smartphone-Guitar-Effect/
952.-https://www.instructables.com/id/Bodyweight-Fitness-Calisthenics-Gym/
953.-https://www.instructables.com/id/Making-a-Motorized-Washing-Machine-for-Children-Wi/
954.-https://www.instructables.com/id/Paper-Plane-Launcher-Gun/
955.-https://www.instructables.com/id/PEZ-Dispense