0.-https://www.instructables.com/id/SockBot-Sidekick/
1.-https://www.instructables.com/id/Make-a-TARDIS-Infinity-Box/
2.-https://www.instructables.com/id/Adding-a-Analog-Milliamp-for-Your-Laser-Cutter/
3.-https://www.instructables.com/id/DIY-Bluetooth-Modification-Sony-MDR-7506-Headphone/
4.-https://www.instructables.com/id/Mostly-3D-Printed-Rotary-Switch/
5.-https://www.instructables.com/id/Google-Forms-in-the-Classroom/
6.-https://www.instructables.com/id/DIY-3D-Printed-Dremel-CNC/
7.-https://www.instructables.com/id/Greatest-Holdies-I-Hacked-an-Old-Phone-to-Play-the/
8.-https://www.instructables.com/id/The-Thinnest-Narrowest-Portable-Nes/
9.-https://www.instructables.com/id/DIY-Animatronic-Dragon/
10.-https://www.instructables.com/id/Microbit-Compass/
11.-https://www.instructables.com/id/DIY-Mini-CNC-Laser-Engraver/
12.-https://www.instructables.com/id/Mjolnir-Baby-Rattle/
13.-https://www.instructables.com/id/Focus-a-Telescope-With-Tape/
14.-https://www.instructables.com/id/Mikes-Robot-Dog/
15.-https://www.instructables.com/id/Coke-Machine-Level-Detector-Now-With-Speech/
16.-https://www.instructables.com/id/Motion-Sensing-Under-Bed-Lighting/
17.-https://www.instructables.com/id/Vibrating-Watch-to-Remind-Wearer-Not-to-Waste-Time/
18.-https://www.instructables.com/id/How-to-Make-High-Power-LED-Headlight-for-Bicycle/
19.-https://www.instructables.com/id/Metal-Speakes-Stands-No-Welding/
20.-https://www.instructables.com/id/How-to-Fix-DJI-Spark-ESC-Status-Error-Replacement/
21.-https://www.instructables.com/id/Perfect-Compact-Circular-Saw-From-a-Dinosaur/
22.-https://www.instructables.com/id/Mid-Century-Modern-Nixie-Clock/
23.-https://www.instructables.com/id/Simple-Garage-Door-Hack/
24.-https://www.instructables.com/id/Circuit-Boards-My-Way/
25.-https://www.instructables.com/id/Laserweld-Your-Own-Inflatables/
26.-https://www.instructables.com/id/3D-Printed-Electric-Motor/
27.-https://www.instructables.com/id/DIY-Emergency-Pocket-Power-Bank/
28.-https://www.instructables.com/id/Robotic-Rat/
29.-https://www.instructables.com/id/Positioning-System/
30.-https://www.instructables.com/id/Smart-Charger-for-Alkaline-Batteries/
31.-https://www.instructables.com/id/Insane-Electric-Longboard-Budet-With-Carbon-Fiber-/
32.-https://www.instructables.com/id/Beginners-Guide-to-Raspberry-Pi/
33.-https://www.instructables.com/id/3D-Printed-Projector-Geneva-Drive/
34.-https://www.instructables.com/id/Working-RC-Car-Speedometer/
35.-https://www.instructables.com/id/ADS1115-InstESRE-Pyranometer/
36.-https://www.instructables.com/id/Remote-Sensing-for-Korad-Power-Supply/
37.-https://www.instructables.com/id/Ultrasonic-Theremin-Teach-Sound/
38.-https://www.instructables.com/id/The-KUNAI-MIDI-CONTROLLER/
39.-https://www.instructables.com/id/Autodesk-Workshop-Guide-Ultimaker-S5-3D-Printer/
40.-https://www.instructables.com/id/Easily-3Dprint-2k-4k-Uhd-Projector-Part-1the-Light/
41.-https://www.instructables.com/id/An-IoT-powered-Desktop-Model-of-a-Garage-Door-Open/
42.-https://www.instructables.com/id/Colorizing-Old-BW-Photos-and-Videos-With-the-Help-/
43.-https://www.instructables.com/id/Smart-Contact-Dispenser/
44.-https://www.instructables.com/id/Eeg-Turner-for-Incubator/
45.-https://www.instructables.com/id/Generalising-the-Jitterbug-Deployable-Structures-U/
46.-https://www.instructables.com/id/Temperature-and-Servos/
47.-https://www.instructables.com/id/Ping-Pong-Ball-LED-Clock/
48.-https://www.instructables.com/id/DIY-Acoustic-Panels-1/
49.-https://www.instructables.com/id/IoT-Based-Fingerprint-Attendance-System-Using-Eviv/
50.-https://www.instructables.com/id/Hack-Any-Radio-Into-a-Guitar-Amp-V2/
51.-https://www.instructables.com/id/Oceania-Midi-Controller-for-Make-Noise-0-Coast-and/
52.-https://www.instructables.com/id/Steampunk-Voltaic-Arc-Spectator-indispensable-for-/
53.-https://www.instructables.com/id/Designing-a-Simple-3D-Printed-Rubber-Band-Car-Usin/
54.-https://www.instructables.com/id/Custom-Coins-and-Medallions/
55.-https://www.instructables.com/id/A-Menu-in-Arduino-and-How-to-Use-Buttons/
56.-https://www.instructables.com/id/Build-a-Vacuum-Chamber/
57.-https://www.instructables.com/id/Easy-Resistor-Assortment-Organization-With-Index-C/
58.-https://www.instructables.com/id/Rover-Design-Challenge/
59.-https://www.instructables.com/id/DIY-STEPDIR-LASER-GALVO-CONTROLLER/
60.-https://www.instructables.com/id/Z-light-alpha/
61.-https://www.instructables.com/id/XIV-Nixie-Clock/
62.-https://www.instructables.com/id/Smart-Coffee-Table/
63.-https://www.instructables.com/id/High-Gain-Subminiature-Amplifier/
64.-https://www.instructables.com/id/Creating-a-Unique-Hairdressing-Tool/
65.-https://www.instructables.com/id/Rope-climbing-Robot-From-a-Broken-3D-Pen/
66.-https://www.instructables.com/id/Bantmobile-1957-Corvette/
67.-https://www.instructables.com/id/Windup-Bunny-2/
68.-https://www.instructables.com/id/Mini-Bench-Power-Supply/
69.-https://www.instructables.com/id/Mechanical-Cam-Toys/
70.-https://www.instructables.com/id/Infinity-Mirror-Pentagon-Shape/
71.-https://www.instructables.com/id/How-to-Make-Led-Strip-Quick-and-Easy/
72.-https://www.instructables.com/id/Starry-Sky-Led-Tie/
73.-https://www.instructables.com/id/Keyboard-Controlled-Model-Train-PS2-Interface/
74.-https://www.instructables.com/id/Make-a-Breadboard-for-Electronic-Circuits-Papercli/
75.-https://www.instructables.com/id/Make-a-Custom-Arduino-Test-Bench-Using-Wirewrappin/
76.-https://www.instructables.com/id/Steampunk-Oriental-Night-Light-Nur-al-Andalus/
77.-https://www.instructables.com/id/Q-Bot-the-Open-Source-Rubiks-Cube-Solver/
78.-https://www.instructables.com/id/RC-Plane-FPV-INAV-on-a-Z-84-Wing/
79.-https://www.instructables.com/id/Braille-Astronomy/
80.-https://www.instructables.com/id/Voice-Controlled-Smart-Key-Holder/
81.-https://www.instructables.com/id/DIY-Quantum-DotsNanotech-in-Your-Kitchen/
82.-https://www.instructables.com/id/The-Chug-O-Meter/
83.-https://www.instructables.com/id/RPM-Checker-for-Mini-Motor-Dc/
84.-https://www.instructables.com/id/For-Newbies-at-Arduino-Programming-Telling-the-Dir/
85.-https://www.instructables.com/id/Gesture-Controlled-Maze/
86.-https://www.instructables.com/id/How-to-Make-a-Minimum-OTG-Connector/
87.-https://www.instructables.com/id/Contactless-Voltage-Detector/
88.-https://www.instructables.com/id/Earbud-Buddies/
89.-https://www.instructables.com/id/Variable-Power-Supply-Nintendo-Style/
90.-https://www.instructables.com/id/Simple-Automated-Model-Railway-Layout-Arduino-Cont/
91.-https://www.instructables.com/id/Ring-of-Fire-REMIX/
92.-https://www.instructables.com/id/Cooperative-Multitasking-on-Arduino-With-Pretty-Bl/
93.-https://www.instructables.com/id/The-Christmas-Box/
94.-https://www.instructables.com/id/Portal-2-Turret-Master-Turret-Control/
95.-https://www.instructables.com/id/Cheapest-Solar-Powered-Weather-Monitoring-System-U/
96.-https://www.instructables.com/id/Dutch-8x8-Neopixel-Word-Clock/
97.-https://www.instructables.com/id/A-Raspberry-Pi-Powered-Junk-Drum-Machine/
98.-https://www.instructables.com/id/DIY-Battery-Spot-Welder/
99.-https://www.instructables.com/id/Wireless-Bell-System/
100.-https://www.instructables.com/id/StreetWriter/
101.-https://www.instructables.com/id/Better-Build-Plate-Adhesion/
102.-https://www.instructables.com/id/LED-Matrix-Cylinder/
103.-https://www.instructables.com/id/DIY-Cheap-and-Sturdy-Laser-Engraver/
104.-https://www.instructables.com/id/One-button-Radio-Streaming-Box/
105.-https://www.instructables.com/id/How-to-Restore-a-Band-Saw/
106.-https://www.instructables.com/id/Simple-Keychain-Tool/
107.-https://www.instructables.com/id/HRV-Home-Air-Exchanger-Arduino-Controller-With-Air/
108.-https://www.instructables.com/id/How-to-Make-a-18650-Li-ion-Battery-Pack/
109.-https://www.instructables.com/id/How-to-Remove-Green-Screen-in-Adobe-Premiere-Pro-C/
110.-https://www.instructables.com/id/MLab-Captain-Marvel-Power-Gauntlet/
111.-https://www.instructables.com/id/Minimalist-3D-Printed-Fume-Extractor/
112.-https://www.instructables.com/id/Non-Contact-Voltage-Detector-2/
113.-https://www.instructables.com/id/Portable-Micro-Particle-Counter/
114.-https://www.instructables.com/id/Magnetic-3rd-Hand/
115.-https://www.instructables.com/id/Arduino-LifeClock/
116.-https://www.instructables.com/id/TESS-W-Night-Sky-Brightness-Photometer/
117.-https://www.instructables.com/id/IV-Swinger-2-PCB-PV-Cell-EMR/
118.-https://www.instructables.com/id/Clock-Amplifier-and-a-Little-Amount-of-Wood/
119.-https://www.instructables.com/id/Angstrom-a-Tuneable-LED-Light-Source/
120.-https://www.instructables.com/id/Omni-Wheel-CNC-Plotter/
121.-https://www.instructables.com/id/DIY-Motorized-Panorama-Head-Photography-Tool/
122.-https://www.instructables.com/id/EarPods-Earplug-Case/
123.-https://www.instructables.com/id/About-This-Candle-How-to-Read-This-Instructable/
124.-https://www.instructables.com/id/3D-Printed-Telegraph-Key-Sounder/
125.-https://www.instructables.com/id/YouTube-Subscriber-Counter-Solderless-3D-Printable/
126.-https://www.instructables.com/id/Motion-Control-Slider-for-Time-Lapse-Rail/
127.-https://www.instructables.com/id/Raspberry-Pi-Stop-Motion-Animation-Rig/
128.-https://www.instructables.com/id/Motion-Activated-Automatic-LED-Stair-Lighting-With/
129.-https://www.instructables.com/id/A-Great-Sounding-Bluetooth-Speaker-From-Trash/
130.-https://www.instructables.com/id/The-Decoy-Remote/
131.-https://www.instructables.com/id/Create-the-Batwing-From-the-Batman-Movie/
132.-https://www.instructables.com/id/Simple-and-Small-Magnetic-Stirrer/
133.-https://www.instructables.com/id/Junkyard-Entertainment-System/
134.-https://www.instructables.com/id/VERBIS-Desktop-8x8-RGB-LED-Matrix-Word-Clock/
135.-https://www.instructables.com/id/Hand-Crank-Motion-Picture-Camera/
136.-https://www.instructables.com/id/VORONOI-HEART-LAMP/
137.-https://www.instructables.com/id/Arduino-101/
138.-https://www.instructables.com/id/Sui-Stress-Reliever-%E6%B0%B4/
139.-https://www.instructables.com/id/LOW-COST-DIY-500-CNC-MILL/
140.-https://www.instructables.com/id/Floating-Pinion-Demonstrator-2/
141.-https://www.instructables.com/id/Faux-Nixie-Tube-Clock/
142.-https://www.instructables.com/id/PLA-Spring-Motor-Demonstrator-2/
143.-https://www.instructables.com/id/Dutch-8x8-Word-Clock/
144.-https://www.instructables.com/id/Tidy-Power-Bank-From-Laptop-Battery/
145.-https://www.instructables.com/id/Wifi-Smart-Strip-20/
146.-https://www.instructables.com/id/Arduino-Quiz-Buzzer/
147.-https://www.instructables.com/id/Magnetic-Laptop-Mount/
148.-https://www.instructables.com/id/I-Bot-Extruder/
149.-https://www.instructables.com/id/Narrowing-the-IPD-of-the-Celestron-Cometron-7x50-B/
150.-https://www.instructables.com/id/Cardboard-Bender/
151.-https://www.instructables.com/id/Catching-Your-Breath/
152.-https://www.instructables.com/id/The-Galvani-Edison-Luminiferous-Aether-Disturbance/
153.-https://www.instructables.com/id/The-Christmas-Machine-the-Walkthrough/
154.-https://www.instructables.com/id/Arduino-Datalogger/
155.-https://www.instructables.com/id/Tide-and-Weather-Clock/
156.-https://www.instructables.com/id/Split-Flap-Display-Antique-Remix/
157.-https://www.instructables.com/id/How-to-Disassemble-a-Computer-With-Easy-Steps-and-/
158.-https://www.instructables.com/id/Multicolour-LED-Icosahedron/
159.-https://www.instructables.com/id/The-Christmas-Machine-a-Journeys-End/
160.-https://www.instructables.com/id/Simple-Portable-Bluetooth-Speaker/
161.-https://www.instructables.com/id/Cheap-DIY-DDS-FunctionSingal-Generator/
162.-https://www.instructables.com/id/How-to-Setup-DigiSprak-Attiny85-Board/
163.-https://www.instructables.com/id/OpenManipulator-Link/
164.-https://www.instructables.com/id/Moon-Station-Powered-Moon-Lamp/
165.-https://www.instructables.com/id/USBerry-PI-USB-Rasberry-Pi-ZeroW/
166.-https://www.instructables.com/id/Build-a-Weather-Dashboard-Using-Dark-Sky-API/
167.-https://www.instructables.com/id/Rav-Vast-LED-Drum-Light/
168.-https://www.instructables.com/id/Ever-Blooming-Mechanical-Tulip/
169.-https://www.instructables.com/id/Geared-Heart-Message-Pendant/
170.-https://www.instructables.com/id/How-to-Get-18650-Cells-From-Dead-Laptop-Batteries/
171.-https://www.instructables.com/id/Bulbasaur-Succulent-Spinner/
172.-https://www.instructables.co