330.-https://www.instructables.com/id/Creative-Cardboard-Projects/
331.-https://www.instructables.com/id/How-to-Make-a-Wooden-Baby-Rattle/
332.-https://www.instructables.com/id/The-Taco-Phone-Holder/
333.-https://www.instructables.com/id/The-Making-of-a-Giant-Walnut-Prop/
334.-https://www.instructables.com/id/Legend-of-Zelda-Tool-Bag/
335.-https://www.instructables.com/id/Black-Walnut-and-Curly-Maple-Live-Edge-Bench/
336.-https://www.instructables.com/id/Old-Country-Store-Peg-Game/
337.-https://www.instructables.com/id/DIY-Rustic-Cutlery-Holder/
338.-https://www.instructables.com/id/Secret-1-Board-BandSaw-Box/
339.-https://www.instructables.com/id/Console-Table-1/
340.-https://www.instructables.com/id/Ultimate-DeWalt-Scroll-Saw-Maintenance-Repair-Guid/
341.-https://www.instructables.com/id/Electric-Car-3/
342.-https://www.instructables.com/id/Easy-Motorcycle-Ramp/
343.-https://www.instructables.com/id/Wood-Garden-Sofa-With-VIDEO/
344.-https://www.instructables.com/id/Making-a-Wooden-Tic-Tac-Toe-Game/
345.-https://www.instructables.com/id/Hardware-Mammoth-Skeleton/
346.-https://www.instructables.com/id/How-to-Make-the-Simplest-Metal-Foundry/
347.-https://www.instructables.com/id/Easy-Photo-Clock-Present/
348.-https://www.instructables.com/id/Handmade-Wooden-Music-Box/
349.-https://www.instructables.com/id/Secret-Pop-Top-Round-Table/
350.-https://www.instructables.com/id/How-to-Build-a-Rear-Bumper-With-Swing-Out/
351.-https://www.instructables.com/id/Filing-Cabinet-Smoker-1/
352.-https://www.instructables.com/id/Hand-Carved-Walnut-End-Table/
353.-https://www.instructables.com/id/Sturdy-Vice-Stand/
354.-https://www.instructables.com/id/Encyclopedia-Table/
355.-https://www.instructables.com/id/Make-an-Adjustable-Height-Table-With-a-Car-Jack/
356.-https://www.instructables.com/id/Making-of-a-DIY-Flightcase/
357.-https://www.instructables.com/id/How-to-Make-a-Custom-Hybrid-Epoxy-Pool-Cue-Using-a/
358.-https://www.instructables.com/id/How-to-Make-a-Book-Safe-1/
359.-https://www.instructables.com/id/RGB-Infinity-Mirror/
360.-https://www.instructables.com/id/Form-This-to-Awesome/
361.-https://www.instructables.com/id/Decorative-Wooden-Box-1/
362.-https://www.instructables.com/id/Jedi-Gunslinger-Tool-Pouch/
363.-https://www.instructables.com/id/How-to-Solar-Power-Your-Home-Security-Camera/
364.-https://www.instructables.com/id/Faux-Antique-Mantle-Clock/
365.-https://www.instructables.com/id/The-Ultimate-Miter-Saw-Station-Router-Table/
366.-https://www.instructables.com/id/Golden-Axe-How-to-Make-It/
367.-https://www.instructables.com/id/Building-a-Life-Size-Nutcracker-that-Can-Crack-Coc/
368.-https://www.instructables.com/id/Simple-Wood-Dowel-Plant-Stand/
369.-https://www.instructables.com/id/Glowing-Thunderstruck-Guitar/
370.-https://www.instructables.com/id/Custom-Hexagon-Shelves-Using-3D-Printing/
371.-https://www.instructables.com/id/Carved-Wood-Bottle-Opener/
372.-https://www.instructables.com/id/Phoenix-Fire-Puppet-1/
373.-https://www.instructables.com/id/Powder-Coating-Stand/
374.-https://www.instructables.com/id/Mission-Style-Key-Hanger-Shelf-From-a-3-Pine-1x4/
375.-https://www.instructables.com/id/Air-Plant-Holders/
376.-https://www.instructables.com/id/Restoring-Rusty-File-and-Making-a-New-Handle-With-/
377.-https://www.instructables.com/id/Appendage-Lamp/
378.-https://www.instructables.com/id/Bigger-Metal-Bender/
379.-https://www.instructables.com/id/How-to-Make-an-Electric-Firki-Charkhi-for-Kite-Fes/
380.-https://www.instructables.com/id/Recycled-Can-Icosahedron-Ornament/
381.-https://www.instructables.com/id/9-string-Acoustic-Guitar/
382.-https://www.instructables.com/id/Installing-a-Quick-Release-End-Vise/
383.-https://www.instructables.com/id/Metal-Bender-1/
384.-https://www.instructables.com/id/Movie-Clapper/
385.-https://www.instructables.com/id/DIY-Metal-Chimney-Cap-for-Historic-Home/
386.-https://www.instructables.com/id/Zelda-BOTW-Secret-Infinity-Chess-Box/
387.-https://www.instructables.com/id/Home-Made-Finska-molkky-Set/
388.-https://www.instructables.com/id/LED-Concrete-Tabletop-Fireplace/
389.-https://www.instructables.com/id/Making-a-Tiny-Knife/
390.-https://www.instructables.com/id/Harbor-Freight-Grinder-Rescue/
391.-https://www.instructables.com/id/String-Art-for-Kids/
392.-https://www.instructables.com/id/Eccentric-Articulated-Lamp-/
393.-https://www.instructables.com/id/I-Turned-Butter-Knife-to-Mini-Katana/
394.-https://www.instructables.com/id/Wood-Veneer-Christmas-Wreath/
395.-https://www.instructables.com/id/Modern-Slatted-Shoe-Bench/
396.-https://www.instructables.com/id/Laser-Cut-Dino-Planter-Emblaser-2/
397.-https://www.instructables.com/id/How-to-Make-a-Brass-Christmas-Star/
398.-https://www.instructables.com/id/Food-Dice-Dinner-Deciding-Dice/
399.-https://www.instructables.com/id/Resin-Wood-the-Gentlemans-End-Table/
400.-https://www.instructables.com/id/Laser-Cut-Edge-Lit-Acrylic-With-Base/
401.-https://www.instructables.com/id/Make-a-Butcher-Block-DeskWorkstation/
402.-https://www.instructables.com/id/LED-Fairy-Light-Chandelier/
403.-https://www.instructables.com/id/3D-Printed-Drill-Stop-Collar/
404.-https://www.instructables.com/id/Restorin-Old-Rusty-Hammer-and-Casting-Aluminum-Han/
405.-https://www.instructables.com/id/DIY-Workbench-Top-Butcher-Block-Style/
406.-https://www.instructables.com/id/Cheap-and-Easy-DIY-Dormapartment-Furniture/
407.-https://www.instructables.com/id/Making-of-a-Mini-Electrical-Car/
408.-https://www.instructables.com/id/A-Solar-Car-Project/
409.-https://www.instructables.com/id/100-Year-Old-Secret-Wall-Mirror/
410.-https://www.instructables.com/id/Wooden-Lens-Holder-Toddeler-Loupe/
411.-https://www.instructables.com/id/Homemade-Benchtop-Bandsaw/
412.-https://www.instructables.com/id/Horseshoe-Christmas-Tree-in-the-Garage/
413.-https://www.instructables.com/id/Faiths-WSU-GoBabyGo/
414.-https://www.instructables.com/id/Self-Contained-Interchangeable-Marble-Maze/
415.-https://www.instructables.com/id/Make-a-Farmhouse-Style-Hutch/
416.-https://www.instructables.com/id/Adventure-SUV-With-Compressible-Steering-Wheel-Xav/
417.-https://www.instructables.com/id/Giant-Alphabet-Blocks/
418.-https://www.instructables.com/id/Leaf-Stool/
419.-https://www.instructables.com/id/Asian-Style-FossilPetrifiedWood-Clock/
420.-https://www.instructables.com/id/Vertical-Laptop-Dock/
421.-https://www.instructables.com/id/Making-a-Tenor-Nyckelharpa/
422.-https://www.instructables.com/id/How-to-Turn-an-Old-Medicine-Cabinet-Into-a-Secret-/
423.-https://www.instructables.com/id/Impossible-Drill-Bit-Puzzle/
424.-https://www.instructables.com/id/Pour-a-Floating-Concrete-Floor/
425.-https://www.instructables.com/id/IKEA-Hack-Bedside-Table/
426.-https://www.instructables.com/id/Peg-Solitaire/
427.-https://www.instructables.com/id/Nativity-Scene-Advent-Calendar/
428.-https://www.instructables.com/id/Simple-Christmas-Automata-Ornament/
429.-https://www.instructables.com/id/STOOL-KIND-OF-DESK/
430.-https://www.instructables.com/id/DIY-Christmas-Truck/
431.-https://www.instructables.com/id/I-Made-a-Hardwood-Pok%C3%A9ball/
432.-https://www.instructables.com/id/Wooden-Toy-Fire-Truck/
433.-https://www.instructables.com/id/Hidden-Rotary-Post-Jewelry-Box-With-Three-Secret-C/
434.-https://www.instructables.com/id/How-to-Build-an-Enigma-Puzzle-Stand/
435.-https://www.instructables.com/id/Building-a-Sliding-Deadman/
436.-https://www.instructables.com/id/Guitar-Pick-up-Coil-Winder/
437.-https://www.instructables.com/id/Make-a-Scale-Electric-Guitar/
438.-https://www.instructables.com/id/Big-Screw-Nutcracker/
439.-https://www.instructables.com/id/Geometric-Globe-Firepit/
440.-https://www.instructables.com/id/Make-a-Wooden-Den-Den-Mushi-From-One-Piece/
441.-https://www.instructables.com/id/Quick-Wooden-Christmas-Tree/
442.-https://www.instructables.com/id/Wood-Calvin-and-Hobbes-Snowmen/
443.-https://www.instructables.com/id/Horseshoe-Heart/
444.-https://www.instructables.com/id/DIY-Wine-Rack/
445.-https://www.instructables.com/id/Customizable-Desk-Caddy/
446.-https://www.instructables.com/id/Bring-an-Old-Axe-Back-to-Life-Making-Your-Own-Batt/
447.-https://www.instructables.com/id/Greaseable-Steering-Joint-for-24v-Grave-Digger-Pow/
448.-https://www.instructables.com/id/How-to-Make-a-Toy-Dinosaur-by-Zachary/
449.-https://www.instructables.com/id/Cement-Casted-Lamp-Genteel/
450.-https://www.instructables.com/id/Swiss-Army-Knife-Made-From-Popsicles/
451.-https://www.instructables.com/id/Old-Hultsbruk-Axe-Restoration/
452.-https://www.instructables.com/id/How-to-Build-a-Motorized-Pedal-Car/
453.-https://www.instructables.com/id/Personal-Safe-Lock-Box-First-Time-Author/
454.-https://www.instructables.com/id/DIY-Cat-House-From-Cardboard/
455.-https://www.instructables.com/id/Building-a-Cottage-Style-Dog-House/
456.-https://www.instructables.com/id/Make-a-Shopvac-and-Cyclone-Shop-Cart/
457.-https://www.instructables.com/id/Welders-Third-Clamp-Thingy/
458.-https://www.instructables.com/id/SCREENED-IN-PORCH/
459.-https://www.instructables.com/id/Workbench-From-Various-Sources/
460.-https://www.instructables.com/id/Super-Easy-Wood-Spline-Jig/
461.-https://www.instructables.com/id/How-to-Make-a-Tool-Cabinet-Workbench-Using-Reclaim/
462.-https://www.instructables.com/id/Radiator-Steam-Shelf-Cover/
463.-https://www.instructables.com/id/C-Table-DIY-Slide-Under-Sofa-or-End-Table-Welding-/
464.-https://www.instructables.com/id/Wooden-Shop-Cart-Overview/
465.-https://www.instructables.com/id/Giant-4-X-8-Postcard/
466.-https://www.instructables.com/id/Bronze-Sword-Casting-Legionary-Aluminum-Bronze-Cas/
467.-https://www.instructables.com/id/Hybrid-Bandsaw-Box-Custom-Jewelry-Box/
468.-https://www.instructables.com/id/Making-and-Using-Inexpensive-Buff-Compounds-for-Wo/
469.-https://www.instructables.com/id/Building-a-7-sided-Wedding-Arbor/
470.-https://www.instructables.com/id/Screw-Bit-Box/
471.-https://www.instructables.com/id/How-to-Embed-Objects-in-Resin-Beach-Art/
472.-https://www.instructables.com/id/Minecraft-Ore-Lamp/
473.-https://www.instructables.com/id/Restoring-a-Mini-Ball-Peen-Hammer/
474.-https://www.instructables.com/id/How-to-Remove-Rusted-or-Seized-Truck-Bed-Bolts/
475.-https://www.instructables.com/id/Tangram-Puzzle-and-Gift-Box/
476.-https://www.instructables.com/id/Homemade-Cant-Hook-and-Optional-Log-Lifter/
477.-https://www.instructables.com/id/Mini-Sword-Made-From-Nail/
478.-https://www.instructables.com/id/Simple-DiY-Mobile-Monopod/
479.-https://www.instructables.com/id/Garage-DustSanding-Enclosure/
480.-https://www.instructables.com/id/Chair-Repair-Curbside-Rescue/
481.-https://www.instructables.com/id/Pixel-Art-Coasters/
482.-https://www.instructables.com/id/Toy-Monster-Truck-Arena/
483.-https://www.instructables.com/id/Plastic-Vise-From-2-IKEA-Cutting-Boards/
484.-https://www.instructables.com/id/Modular-Wall-Lighting/
485.-https://www.instructables.com/id/Twister-Blast-Gate/
486.-https://www.instructables.com/id/Mini-Khopesh-Sword-Letter-Opener/
487.-https://www.instructables.com/id/Mortise-and-Tenon-Joint/
488.-https://www.instructables.com/id/Shoo-Shoo-Bed-Train-Toddler-Bed/
489.-https://www.instructables.com/id/Cute-Wooden-Reindeer/
490.-https://www.instructables.com/id/Circular-Saw-Guide-Under-5-Dollars/
491.-https://www.instructables.com/id/Ajustable-Plinth-for-Parkour-Freerunning/
492.-https://www.instructables.com/id/Sterling-Silver-Ring-With-Koa-Wood-and-Blue-Opal/
493.-https://www.instructables.com/id/Diy-Tool-Caddy/
494.-https://www.instructables.com/id/Workbench-Leg-Vise/
495.-https://www.instructables.com/id/The-Butter-Knife/
496.-https://www.instructables.com/id/Making-Light-Catching-Laminated-Wood-Plastic-and-C/
497.-https://www.instructables.com/id/DIY-Tulsi-Manch/
498.-https://www.instructables.com/id/How-to-Make-a-Live-Edge-Slab-End-Table/
499.-https://www.instructables.com/id/Bluetooth-Speaker-6/
500.-https://www.instructables.com/id/Micro-Market-Truck/
501.-https://www.instructables.com/id/Toy-Fire-Engine/
502.-https://www.instructables.com/id/DIY-Adjustable-Focal-Length-Fluid-Lens/
503.-https://www.instructables.com/id/Do-Try-This-at-Home/
504.-https://www.instructables.com/id/Low-Energy-Slide-Projector/
505.-https://www.instructables.com/id/Recycled-Plastic-Pedals-and-Grips/
506.-https://www.instructables.com/id/Simple-Gifts-You-Can-Make-From-Wood/
507.-https://www.instructables.com/id/From-Tree-Bark-to-Comb/
508.-https://www.instructables.com/id/Custom-Photo-Slide-Containers/
509.-https://www.instructables.com/id/Making-Picture-Frames-for-Your-Home/
510.-https://www.instructables.com/id/Fixing-a-Rusted-Toolbox/
511.-https://www.instructables.com/id/DIY-PVC-Pipe-Dog-Canopy/
512.-https://www.instructables.com/id/How-to-Make-a-Wooden-Toy-Truck/
513.-https://www.instructables.com/id/Volcano-Hotend-for-Monoprice-Select-Mini-V2/
514.-https://www.instructables.com/id/Making-a-Document-Press-to-Protect-Your-Genealogic/
515.-https://www.instructables.com/id/How-to-Make-the-Perfect-Longboard-Deck/
516.-https://www.instructables.com/id/Modular-Dining-Tables/
517.-https://www.instructables.com/id/How-to-Make-a-Doweling-Jig/
518.-https://www.instructables.com/id/How-to-Design-and-Laser-Cut-a-Steampunk-Building-a/
519.-https://www.instructables.com/id/Concrete-Wood-IPad-Holder/
520.-https://www.instructables.com/id/Pogo-Stick-DIY/
521.-https://www.instructables.com/id/Build-Your-Death-Star-Shade/
522.-https://www.instructables.com/id/Cross-Puzzle/
523.-https://www.instructables.com/id/Tardis-Book-or-Movie-Shelf/
524.-https://www.instructables.com/id/Dust-Collector-ARM/
525.-https://www.instructables.com/id/Planer-Stand-Cabinet/
526.-https://www.instructables.com/id/Miniature-Anvil/
527.-https://www.instructables.com/id/Make-a-Resin-Ring-No-Lathe/
528.-https://www.instructables.com/id/3D-Printed-Doweling-Jig-With-Attachments/
529.-https://www.instructables.com/id/Parsons-Style-Coffee-Table/
530.-https://www.instructables.com/id/Router-Table-Jigsaw-45-Degree-Cuts-Rip-Cut-Blade-G/
531.-https://www.instructables.com/id/Modern-Wine-Box/
532.-https://www.instructables.com/id/Outside-Wood-Stove-Shop-Heater/
533.-https://www.instructables.com/id/How-to-Make-a-Pepper-Mill/
534.-https://www.instructables.com/id/Segmented-Log-Lamp/
535.-https://www.instructables.com/id/Truck-Canopy-Topper/
536.-https://www.instructables.com/id/Epoxy-Resin-Workshop-Floor/
537.-https://www.instructables.com/id/Wooden-Drinking-Coasters/
538.-https://www.instructables.com/id/Turning-an-Old-Table-Into-Zelda-Glow-Art/
539.-https://www.instructables.com/id/Steampunked-Fluorescence-Reactor-by-Junophor/
540.-https://www.instructables.com/id/Wood-Mug/
541.-https://www.instructables.com/id/10-Common-Plumbing-DIYer-Mistakes-and-How-to-Fix-T/
542.-https://www.instructables.com/id/DIY-WOOD-RESIN-COASTERS/
543.-https://www.instructables.com/id/Simple-Jewelry-Boxes/
544.-https://www.instructables.com/id/Uncle-Fester-Lamp/
545.-https://www.instructables.com/id/Pinewood-Desk/
546.-https://www.instructables.com/id/Minimal-EDC-Wood-Leather-Wallet/
547.-https://www.instructables.com/id/Remove-Those-Annoying-Securtity-Screws/
548.-https://www.instructables.com/id/DIY-Vacuum-Clamp-With-Toilet-Parts-My-Best-Shop-Ji/
549.-https://www.instructables.com/id/Kids-Bench-Toy-Chest-Desk/
550.-https://www.instructables.com/id/MIB-Orions-Galaxy/
551.-https://www.instructables.com/id/WILD-BOOKENDS/
552.-https://www.instructables.com/id/DIY-Steel-Wood-Bench/
553.-https://www.instructables.com/id/How-to-Mount-a-Neon-Sign-on-Acrylic/
554.-https://www.instructables.com/id/Automatic-Screw-Sorter/
555.-https://www.instructables.com/id/20-Sided-Lamp/
556.-https://www.instructables.com/id/Live-Edge-Inspired-Passive-Speaker/
557.-https://www.instructables.com/id/Solar-Water-Heater-2/
558.-https://www.instructables.com/id/Free-Standing-Cantilevered-Rear-Projection-Screen/
559.-https://www.instructables.com/id/How-to-Replace-Columns/
560.-https://www.instructables.com/id/Physical-GIF-Viewer-Zoetrope/
561.-https://www.instructables.com/id/DIY-SlingBow-From-Plywood/
562.-https://www.instructables.com/id/Hanging-Cam-Stand/
563.-https://www.instructables.com/id/Candle-Holder-9/
564.-https://www.instructables.com/id/Metal-Hammock-Stand-Easy-to-Make-With-Limited-Tool/
565.-https://www.instructables.com/id/Flip-Top-Planer-Stand/
566.-https://www.instructables.com/id/Wooden-Police-Car-Vehicle-Toy-for-PAW-Patrol/
567.-https://www.in