8850
0.-https://www.instructables.com/id/Winter-Wonderland-Tiered-Paper-Gown/
no info headers
1.-https://www.instructables.com/id/Weave-Your-Own-Wig/
no info headers
2.-https://www.instructables.com/id/All-Might-Wig-from-My-Hero-Academia-BNHA/
no info headers
3.-https://www.instructables.com/id/DIY-Projects-Inspired-by-Game-of-Thrones/
4.-https://www.instructables.com/id/Narrow-Overlap-Headwrap-for-Twilek-Lekku/
no info headers
5.-https://www.instructables.com/id/Ancient-Bladesaw-3d-Printed-Legend-of-Zelda-BotW/
no info headers
6.-https://www.instructables.com/id/Turn-a-Katana-Into-a-Cutlass/
no info headers
7.-https://www.instructables.com/id/Felted-Fuchsia-Fairy-Hat/
no info headers
8.-https://www.instructables.com/id/How-to-Paint-and-Finish-3D-Printed-Props/
no info headers
9.-https://www.instructables.com/id/Recreating-an-Antique-Divers-Helmet-From-Foam/
no info headers
10.-https://www.instructables.com/id/Cosplay-That-Looks-Like-Metal-or-Plastic/
no info headers
11.-https://www.instructables.com/id/Riveting-Cereal-Box-Top-Hat/
no info headers
12.-https://www.instructables.com/id/Portal-Cube/
no info headers
13.-https://www.instructables.com/id/Get-Rich-Quick-Gold-Bars/
no info headers
14.-https://www.instructables.com/id/Barbwire/
no info headers
15.-https://www.instructables.com/id/Creating-a-Broadway-themed-ZAZU-Puppet/
no info headers
16.-https://www.instructables.com/id/Papier-Mache-Hannya/
no info headers
17.-https://www.instructables.com/id/Ironman-Inspired-Nanoarcreactor/
no info headers
18.-https://www.instructables.com/id/DIY-Small-LARP-Shield-in-Under-an-Hour/
no info headers
19.-https://www.instructables.com/id/DIY-Black-Ops-4-Zombies-Monkey-Bone-Helmet/
no info headers
20.-https://www.instructables.com/id/Faux-Leather-Belts-and-Straps-With-Craft-Foam/
no info headers
21.-https://www.instructables.com/id/Power-Loader-Costume-1/
no info headers
22.-https://www.instructables.com/id/Cyberpunk-Jacket/
no info headers
23.-https://www.instructables.com/id/Tron-Legacy-Sam-Light-Suit/
no info headers
24.-https://www.instructables.com/id/Borderlands-Handsome-Jack-Shield-Generator-Prop-fo/
no info headers
25.-https://www.instructables.com/id/Build-a-Fireplace-for-the-Stage/
no info headers
26.-https://www.instructables.com/id/Spiderman-Facemask/
no info headers
27.-https://www.instructables.com/id/Dinosaur-Skull-Headdress/
no info headers
28.-https://www.instructables.com/id/Star-lords-Blasters/
no info headers
29.-https://www.instructables.com/id/Whoville-Entrance-Arch-Out-of-Foam/
no info headers
30.-https://www.instructables.com/id/God-of-War-Blades-of-Chaos-Hand-Sculpted-and-Resin/
no info headers
31.-https://www.instructables.com/id/Giant-Christmas-Ornament-Bobblehead-Costume/
no info headers
32.-https://www.instructables.com/id/Iron-Man-Mask-Repaint-Mod/
no info headers
33.-https://www.instructables.com/id/Illuminati-Headdress/
no info headers
34.-https://www.instructables.com/id/How-to-Dress-in-a-Yukata/
no info headers
35.-https://www.instructables.com/id/How-to-Make-a-Halo-Universe-Plasma-Rifle/
no info headers
36.-https://www.instructables.com/id/DISTRICT-9-Inspired-NERF-Remake/
no info headers
37.-https://www.instructables.com/id/Sonic-Screwdriver-Wand-2-the-FDM-Redux/
no info headers
38.-https://www.instructables.com/id/Wonder-Woman-Cosplay-Shield-Bracers-Shin-Guard-Har/
no info headers
39.-https://www.instructables.com/id/Daft-Punk-Helmet-2/
no info headers
Traceback (most recent call last):
  File "gettodo.py", line 22, in <module>
    driver.get(data[p]['url'])
  File "/usr/local/lib/python2.7/dist-packages/selenium/webdriver/remote/webdriver.py", line 333, in get
    self.execute(Command.GET, {'url': url})
  File "/usr/local/lib/python2.7/dist-packages/selenium/webdriver/remote/webdriver.py", line 321, in execute
    self.error_handler.check_response(response)
  File "/usr/local/lib/python2.7/dist-packages/selenium/webdriver/remote/errorhandler.py", line 242, in check_response
    raise exception_class(message, screen, stacktrace)
selenium.common.exceptions.TimeoutException: Message: timeout
  (Session info: headless chrome=73.0.3683.86)
  (Driver info: chromedriver=73.0.3683.68 (47787ec04b6e38e22703e856e101e840b65afe72),platform=Linux 4.15.0-46-generic x86_64)

