41890
0.-https://www.instructables.com/id/Leather-Cardholder-Wallet/
no info headers
1.-https://www.instructables.com/id/DIY-Spats-Save-1786/
no info headers
2.-https://www.instructables.com/id/Resin-Geode-Book-Cover-1/
no info headers
3.-https://www.instructables.com/id/Bead-Woven-Mixtape-Pendant/
no info headers
4.-https://www.instructables.com/id/Star-Cluster-Pendant/
no info headers
5.-https://www.instructables.com/id/Weighted-Blanket-Woven-With-Polyester-Lashing/
no info headers
6.-https://www.instructables.com/id/Weaving-Wool-Vase-or-Pencil-Holder/
no info headers
7.-https://www.instructables.com/id/DIY-Woven-Paper-Basket/
no info headers
8.-https://www.instructables.com/id/Mini-Garden-With-3D-Quilling-Figures/
no info headers
9.-https://www.instructables.com/id/How-to-Make-an-Inkle-Loom-and-Weaving-a-Simple-Ban/
no info headers
10.-https://www.instructables.com/id/Brooch-Weaving/
no info headers
11.-https://www.instructables.com/id/The-Multiverse-Blanket/
no info headers
12.-https://www.instructables.com/id/Woven-Fabric-Storage-Cubes/
no info headers
13.-https://www.instructables.com/id/PAPER-DANDELION-STANDARD-LAMP/
no info headers
14.-https://www.instructables.com/id/DIY-Papercut-Bookcase-Scene-Light-Up-Ornament-Pape/
no info headers
15.-https://www.instructables.com/id/Easy-Paper-Boxes/
no info headers
16.-https://www.instructables.com/id/Tree-of-Life-Pendant-1/
no info headers
17.-https://www.instructables.com/id/Paper-Transformer-Bot/
no info headers
18.-https://www.instructables.com/id/Life-Size-Paper-Nutcracker/
no info headers
19.-https://www.instructables.com/id/Paper-Origami-Moravian-Star-Aka-Fold-Paper-a-Billi/
no info headers
20.-https://www.instructables.com/id/Mechard-Mechanical-Greetings-Card/
no info headers
21.-https://www.instructables.com/id/Abstract-Origami-Wall-Decor/
no info headers
22.-https://www.instructables.com/id/Move-and-Blink-Paper-Robot/
no info headers
23.-https://www.instructables.com/id/Origami-Sonobe-Lamp/
no info headers
24.-https://www.instructables.com/id/Saul-the-Sloth-Hanging-Humor/
no info headers
25.-https://www.instructables.com/id/Fancy-Paper-Bag/
no info headers
26.-https://www.instructables.com/id/Make-a-Clay-or-Sediment-Trap-for-Your-Sink/
no info headers
27.-https://www.instructables.com/id/Be-a-Zoomin-Loomin-Human-Weaving-Pin-Loom-Squares/
no info headers
28.-https://www.instructables.com/id/Fantastic-Plastic-Basket-Woven-With-Polyester-Stra/
no info headers
29.-https://www.instructables.com/id/Paper-Quilled-Grand-Piano/
no info headers
Traceback (most recent call last):
  File "gettodo.py", line 22, in <module>
    driver.get(data[p]['url'])
  File "/usr/local/lib/python2.7/dist-packages/selenium/webdriver/remote/webdriver.py", line 333, in get
    self.execute(Command.GET, {'url': url})
  File "/usr/local/lib/python2.7/dist-packages/selenium/webdriver/remote/webdriver.py", line 321, in execute
    self.error_handler.check_response(response)
  File "/usr/local/lib/python2.7/dist-packages/selenium/webdriver/remote/errorhandler.py", line 242, in check_response
    raise exception_class(message, screen, stacktrace)
selenium.common.exceptions.TimeoutException: Message: timeout
  (Session info: headless chrome=73.0.3683.86)
  (Driver info: chromedriver=73.0.3683.68 (47787ec04b6e38e22703e856e101e840b65afe72),platform=Linux 4.15.0-46-generic x86_64)

