33040
0.-https://www.instructables.com/id/Oreo-Mnms-Cheesecake-Pie/
no info headers
1.-https://www.instructables.com/id/Easy-Pop-Tarts/
no info headers
2.-https://www.instructables.com/id/Homemade-Nut-Thins-Recipe/
no info headers
3.-https://www.instructables.com/id/Cream-Cheese-Marshmallow-Fruit-Dip/
no info headers
4.-https://www.instructables.com/id/Potato-and-Leek-Soup-Reloaded/
no info headers
5.-https://www.instructables.com/id/Cottage-Cheese-and-Black-Currant-Pie/
no info headers
6.-https://www.instructables.com/id/Caramel-Brownie-Pie/
no info headers
7.-https://www.instructables.com/id/Strawberry-Napoleon/
no info headers
8.-https://www.instructables.com/id/Greek-Inspired-Pie-for-Pi-Day/
no info headers
9.-https://www.instructables.com/id/Key-Lime-Meringue-Pie-or-Tartlets/
no info headers
10.-https://www.instructables.com/id/Sous-Vide-Apple-Pie/
no info headers
11.-https://www.instructables.com/id/Homemade-Salsa-From-Scratch/
no info headers
12.-https://www.instructables.com/id/Arkansas-Mudpies/
no info headers
13.-https://www.instructables.com/id/Lemon-Mousse-Pie/
no info headers
14.-https://www.instructables.com/id/Easy-to-Make-Salmon-Pie/
no info headers
15.-https://www.instructables.com/id/Easy-Apple-Roses/
no info headers
16.-https://www.instructables.com/id/How-to-Make-Dulce-De-Leche-in-the-Instant-Pot/
no info headers
17.-https://www.instructables.com/id/Clear-Lime-Pie/
no info headers
18.-https://www.instructables.com/id/Italian-Ricotta-Pie/
no info headers
19.-https://www.instructables.com/id/Clover-Pie/
no info headers
20.-https://www.instructables.com/id/Peanut-Pie/
no info headers
21.-https://www.instructables.com/id/Easy-Omelet-Omelette/
no info headers
22.-https://www.instructables.com/id/Cherry-Pie-2/
no info headers
23.-https://www.instructables.com/id/Caramel-Rose-Apple-Pie/
no info headers
24.-https://www.instructables.com/id/Coconut-Thai-Curry-Gnocchi/
no info headers
25.-https://www.instructables.com/id/Greek-Bougatsa/
no info headers
26.-https://www.instructables.com/id/No-Bake-Birthday-Cake/
no info headers
Traceback (most recent call last):
  File "gettodo.py", line 22, in <module>
    driver.get(data[p]['url'])
  File "/usr/local/lib/python2.7/dist-packages/selenium/webdriver/remote/webdriver.py", line 333, in get
    self.execute(Command.GET, {'url': url})
  File "/usr/local/lib/python2.7/dist-packages/selenium/webdriver/remote/webdriver.py", line 321, in execute
    self.error_handler.check_response(response)
  File "/usr/local/lib/python2.7/dist-packages/selenium/webdriver/remote/errorhandler.py", line 242, in check_response
    raise exception_class(message, screen, stacktrace)
selenium.common.exceptions.TimeoutException: Message: timeout
  (Session info: headless chrome=73.0.3683.86)
  (Driver info: chromedriver=73.0.3683.68 (47787ec04b6e38e22703e856e101e840b65afe72),platform=Linux 4.15.0-46-generic x86_64)

