0.-https://www.instructables.com/id/Camera-Flash-to-Flashlight/
no info headers
1.-https://www.instructables.com/id/Micro-Cassette-USB-Music-Drive/
no info headers
2.-https://www.instructables.com/id/DIY-Breath-Sensor-with-Arduino-Conductive-Knitted-/
no info headers
3.-https://www.instructables.com/id/3D-Print-Smoothing-Polymer-Clay/
no info headers
4.-https://www.instructables.com/id/Musical-Painting-Canvas-With-Makey-Makey/
no info headers
5.-https://www.instructables.com/id/DIY-PWM-SPEED-CONTROLLER/
no info headers
6.-https://www.instructables.com/id/Automatic-Promotional-Button-Dispenser/
no info headers
7.-https://www.instructables.com/id/Arduino-Based-Wireless-RF-Weather-Station-Network/
no info headers
8.-https://www.instructables.com/id/Persistence-of-Vision-PoV-Display-Using-Arduino/
no info headers
9.-https://www.instructables.com/id/OHLOOM-an-Open-Hardware-Loom/
no info headers
10.-https://www.instructables.com/id/How-to-Make-Interlock-Safety-Switches-for-K40-Lase/
no info headers
11.-https://www.instructables.com/id/FindyBot3000-a-Voice-Controlled-Organizer/
no info headers
12.-https://www.instructables.com/id/Automaton-Origami/
no info headers
13.-https://www.instructables.com/id/Polygonia-Cube/
no info headers
14.-https://www.instructables.com/id/3D-Printer-Insulator-Replacement-Monoprice-Select-/
no info headers
15.-https://www.instructables.com/id/DIY-Arduino-Mini-Laser-Engraver/
no info headers
16.-https://www.instructables.com/id/Photogrammetry-HID-Tool/
no info headers
17.-https://www.instructables.com/id/Childs-Toy-Light-Switch-Box-Remix/
no info headers
18.-https://www.instructables.com/id/Automated-Cocktail-Drink-Machine/
no info headers
19.-https://www.instructables.com/id/How-to-Repairresurrect-Li-ion-Screwdriver-IXO-Bosc/
no info headers
20.-https://www.instructables.com/id/Pocket-Volt-Meter/
no info headers
21.-https://www.instructables.com/id/Balloon-Cars/
no info headers
22.-https://www.instructables.com/id/Arduino-TFT-Interfacing-Basics/
no info headers
23.-https://www.instructables.com/id/Interactive-Dandelion/
no info headers
24.-https://www.instructables.com/id/Rubens-Tube-5/
no info headers
25.-https://www.instructables.com/id/YouTube-Counter-Bubble-Machine/
no info headers
26.-https://www.instructables.com/id/Security-Check-RFID-System-Based-on-Arduino-and-RS/
no info headers
27.-https://www.instructables.com/id/Diving-Mask-With-Custom-Add-on-Lenses-V20-Made-Usi/
no info headers
28.-https://www.instructables.com/id/DIY-Arduino-2/
no info headers
29.-https://www.instructables.com/id/RGB-LED-Cube-With-Bluetooth-App-AnimationCreator/
no info headers
30.-https://www.instructables.com/id/Vacuum-Cleaner-From-a-Hairdryer/
no info headers
31.-https://www.instructables.com/id/Transparent-3D-Volumetric-POV/
no info headers
32.-https://www.instructables.com/id/Ikea-Kids-Kitchen-Lights-Mod/
no info headers
33.-https://www.instructables.com/id/Green-Core-XY-a-3D-Printer-With-Recycled-Component/
no info headers
34.-https://www.instructables.com/id/Articulating-LED-Lamp-REMIXED/
no info headers
35.-https://www.instructables.com/id/Huge-Flexible-Transparent-LED-Matrix-Under-150-Eas-1/
no info headers
36.-https://www.instructables.com/id/Vertical-Bartop-Arcade-With-Integrated-PIXEL-LED-D/
no info headers
37.-https://www.instructables.com/id/Dronecoria-Drone-for-Forest-Restoration/
no info headers
38.-https://www.instructables.com/id/The-Ultimate-Guide-to-Building-a-Quadcopter-From-S/
no info headers
39.-https://www.instructables.com/id/Disco-Desktop-Organiser/
no info headers
40.-https://www.instructables.com/id/Lazy-Mans-Portable-Bicycle-Pump/
no info headers
41.-https://www.instructables.com/id/The-First-Color-Photograph/
no info headers
42.-https://www.instructables.com/id/Dancing-Ballerina-Light-Music-Action/
no info headers
43.-https://www.instructables.com/id/How-to-Make-a-Picoballoon/
no info headers
44.-https://www.instructables.com/id/100-Switches-in-a-Single-Pin-of-Arduino/
no info headers
45.-https://www.instructables.com/id/Build-a-Cloud-Connected-WiFi-Doorbell/
no info headers
46.-https://www.instructables.com/id/Laser-Spiked-Jacket/
no info headers
47.-https://www.instructables.com/id/Word-Clock-Controlled-by-114-Servos/
no info headers
48.-https://www.instructables.com/id/Fizzle-Loop-Synth-V3/
no info headers
49.-https://www.instructables.com/id/How-to-Refill-Your-Printer-Toner-Cartridge-the-Eas/
no info headers
50.-https://www.instructables.com/id/JALPIC-One-Development-Board/
no info headers
51.-https://www.instructables.com/id/Candy-Casts/
no info headers
52.-https://www.instructables.com/id/Understanding-the-Concept-of-Electromagnetic-Induc/
no info headers
53.-https://www.instructables.com/id/3D-Printer-Bed-Leveling-Assistance-Tool/
no info headers
54.-https://www.instructables.com/id/How-I-Designed-a-3D-Printed-Windup-Car-Using-Autod/
no info headers
55.-https://www.instructables.com/id/DIY-Holographic-Car-Heads-Up-Display-HUD/
no info headers
56.-https://www.instructables.com/id/SockBot-Sidekick/
no info headers
57.-https://www.instructables.com/id/Make-a-TARDIS-Infinity-Box/
no info headers
58.-https://www.instructables.com/id/Adding-a-Analog-Milliamp-for-Your-Laser-Cutter/
no info headers
59.-https://www.instructables.com/id/DIY-Bluetooth-Modification-Sony-MDR-7506-Headphone/
no info headers
60.-https://www.instructables.com/id/Mostly-3D-Printed-Rotary-Switch/
no info headers
61.-https://www.instructables.com/id/Google-Forms-in-the-Classroom/
no info headers
62.-https://www.instructables.com/id/DIY-3D-Printed-Dremel-CNC/
no info headers
63.-https://www.instructables.com/id/Greatest-Holdies-I-Hacked-an-Old-Phone-to-Play-the/
no info headers
64.-https://www.instructables.com/id/The-Thinnest-Narrowest-Portable-Nes/
no info headers
65.-https://www.instructables.com/id/DIY-Animatronic-Dragon/
no info headers
66.-https://www.instructables.com/id/Microbit-Compass/
no info headers
67.-https://www.instructables.com/id/DIY-Mini-CNC-Laser-Engraver/
no info headers
68.-https://www.instructables.com/id/Mjolnir-Baby-Rattle/
no info headers
69.-https://www.instructables.com/id/Focus-a-Telescope-With-Tape/
no info headers
70.-https://www.instructables.com/id/Mikes-Robot-Dog/
no info headers
71.-https://www.instructables.com/id/Coke-Machine-Level-Detector-Now-With-Speech/
no info headers
72.-https://www.instructables.com/id/Motion-Sensing-Under-Bed-Lighting/
no info headers
73.-https://www.instructables.com/id/Vibrating-Watch-to-Remind-Wearer-Not-to-Waste-Time/
no info headers
74.-https://www.instructables.com/id/How-to-Make-High-Power-LED-Headlight-for-Bicycle/
no info headers
75.-https://www.instructables.com/id/Metal-Speakes-Stands-No-Welding/
no info headers
76.-https://www.instructables.com/id/How-to-Fix-DJI-Spark-ESC-Status-Error-Replacement/
no info headers
77.-https://www.instructables.com/id/Perfect-Compact-Circular-Saw-From-a-Dinosaur/
no info headers
78.-https://www.instructables.com/id/Mid-Century-Modern-Nixie-Clock/
no info headers
79.-https://www.instructables.com/id/Simple-Garage-Door-Hack/
no info headers
80.-https://www.instructables.com/id/Circuit-Boards-My-Way/
no info headers
81.-https://www.instructables.com/id/Laserweld-Your-Own-Inflatables/
no info headers
82.-https://www.instructables.com/id/3D-Printed-Electric-Motor/
no info headers
83.-https://www.instructables.com/id/DIY-Emergency-Pocket-Power-Bank/
no info headers
84.-https://www.instructables.com/id/Robotic-Rat/
no info headers
85.-https://www.instructables.com/id/Positioning-System/
no info headers
86.-https://www.instructables.com/id/Smart-Charger-for-Alkaline-Batteries/
no info headers
87.-https://www.instructables.com/id/Kids-Wooden-Radio/
no info headers
88.-https://www.instructables.com/id/Insane-Electric-Longboard-Budet-With-Carbon-Fiber-/
no info headers
89.-https://www.instructables.com/id/Beginners-Guide-to-Raspberry-Pi/
no info headers
90.-https://www.instructables.com/id/3D-Printed-Projector-Geneva-Drive/
no info headers
91.-https://www.instructables.com/id/Working-RC-Car-Speedometer/
no info headers
92.-https://www.instructables.com/id/ADS1115-InstESRE-Pyranometer/
no info headers
93.-https://www.instructables.com/id/Remote-Sensing-for-Korad-Power-Supply/
no info headers
94.-https://www.instructables.com/id/Ultrasonic-Theremin-Teach-Sound/
no info headers
95.-https://www.instructables.com/id/The-KUNAI-MIDI-CONTROLLER/
no info headers
96.-https://www.instructables.com/id/Autodesk-Workshop-Guide-Ultimaker-S5-3D-Printer/
no info headers
97.-https://www.instructables.com/id/Easily-3Dprint-2k-4k-Uhd-Projector-Part-1the-Light/
no info headers
98.-https://www.instructables.com/id/An-IoT-powered-Desktop-Model-of-a-Garage-Door-Open/
no info headers
99.-https://www.instructables.com/id/Colorizing-Old-BW-Photos-and-Videos-With-the-Help-/
no info headers
100.-https://www.instructables.com/id/Smart-Contact-Dispenser/
no info headers
101.-https://www.instructables.com/id/Eeg-Turner-for-Incubator/
no info headers
102.-https://www.instructables.com/id/Generalising-the-Jitterbug-Deployable-Structures-U/
no info headers
103.-https://www.instructables.com/id/Temperature-and-Servos/
no info headers
104.-https://www.instructables.com/id/Ping-Pong-Ball-LED-Clock/
no info headers
105.-https://www.instructables.com/id/DIY-Acoustic-Panels-1/
no info headers
106.-https://www.instructables.com/id/IoT-Based-Fingerprint-Attendance-System-Using-Eviv/
no info headers
107.-https://www.instructables.com/id/Hack-Any-Radio-Into-a-Guitar-Amp-V2/
no info headers
108.-https://www.instructables.com/id/Oceania-Midi-Controller-for-Make-Noise-0-Coast-and/
no info headers
109.-https://www.instructables.com/id/Steampunk-Voltaic-Arc-Spectator-indispensable-for-/
no info headers
110.-https://www.instructables.com/id/Designing-a-Simple-3D-Printed-Rubber-Band-Car-Usin/
no info headers
111.-https://www.instructables.com/id/Custom-Coins-and-Medallions/
no info headers
112.-https://www.instructables.com/id/A-Menu-in-Arduino-and-How-to-Use-Buttons/
no info headers
113.-https://www.instructables.com/id/Build-a-Vacuum-Chamber/
no info headers
114.-https://www.instructables.com/id/Easy-Resistor-Assortment-Organization-With-Index-C/
no info headers
115.-https://www.instructables.com/id/Rover-Design-Challenge/
no info headers
116.-https://www.instructables.com/id/DIY-STEPDIR-LASER-GALVO-CONTROLLER/
no info headers
117.-https://www.instructables.com/id/Z-light-alpha/
no info headers
118.-https://www.instructables.com/id/XIV-Nixie-Clock/
no info headers
119.-https://www.instructables.com/id/Smart-Coffee-Table/
no info headers
120.-https://www.instructables.com/id/High-Gain-Subminiature-Amplifier/
no info headers
121.-https://www.instructables.com/id/Creating-a-Unique-Hairdressing-Tool/
no info headers
122.-https://www.instructables.com/id/Rope-climbing-Robot-From-a-Broken-3D-Pen/
no info headers
123.-https://www.instructables.com/id/Bantmobile-1957-Corvette/
no info headers
124.-https://www.instructables.com/id/Windup-Bunny-2/
no info headers
125.-https://www.instructables.com/id/Mini-Bench-Power-Supply/
no info headers
126.-https://www.instructables.com/id/Mechanical-Cam-Toys/
no info headers
127.-https://www.instructables.com/id/Infinity-Mirror-Pentagon-Shape/
no info headers
128.-https://www.instructables.com/id/How-to-Make-Led-Strip-Quick-and-Easy/
no info headers
129.-https://www.instructables.com/id/Starry-Sky-Led-Tie/
no info headers
130.-https://www.instructables.com/id/Keyboard-Controlled-Model-Train-PS2-Interface/
no info headers
131.-https://www.instructables.com/id/Make-a-Breadboard-for-Electronic-Circuits-Papercli/
no info headers
132.-https://www.instructables.com/id/Make-a-Custom-Arduino-Test-Bench-Using-Wirewrappin/
no info headers
133.-https://www.instructables.com/id/Steampunk-Oriental-Night-Light-Nur-al-Andalus/
no info headers
134.-https://www.instructables.com/id/Q-Bot-the-Open-Source-Rubiks-Cube-Solver/
no info headers
135.-https://www.instructables.com/id/RC-Plane-FPV-INAV-on-a-Z-84-Wing/
no info headers
136.-https://www.instructables.com/id/Braille-Astronomy/
no info headers
137.-https://www.instructables.com/id/Voice-Controlled-Smart-Key-Holder/
no info headers
138.-https://www.instructables.com/id/DIY-Quantum-DotsNanotech-in-Your-Kitchen/
no info headers
139.-https://www.instructables.com/id/The-Chug-O-Meter/
no info headers
140.-https://www.instructables.com/id/RPM-Checker-for-Mini-Motor-Dc/
no info headers
141.-https://www.instructables.com/id/For-Newbies-at-Arduino-Programming-Telling-the-Dir/
no info headers
142.-https://www.instructables.com/id/Gesture-Controlled-Maze/
no info headers
143.-https://www.instructables.com/id/How-to-Make-a-Minimum-OTG-Connector/
no info headers
144.-https://www.instructables.com/id/Contactless-Voltage-Detector/
no info headers
145.-https://www.instructables.com/id/Earbud-Buddies/
no info headers
146.-https://www.instructables.com/id/Variable-Power-Supply-Nintendo-Style/
no info headers
147.-https://www.instructables.com/id/Simple-Automated-Model-Railway-Layout-Arduino-Cont/
no info headers
148.-https://www.instructables.com/id/Ring-of-Fire-REMIX/
no info headers
149.-https://www.instructables.com/id/Cooperative-Multitasking-on-Arduino-With-Pretty-Bl/
no info headers
150.-https://www.instructables.com/id/The-Christmas-Box/
no info headers
151.-https://www.instructables.com/id/Portal-2-Turret-Master-Turret-Control/
no info headers
152.-https://www.instructables.com/id/Cheapest-Solar-Powered-Weather-Monitoring-System-U/
no info headers
153.-https://www.instructables.com/id/Dutch-8x8-Neopixel-Word-Clock/
no info headers
154.-https://www.instructables.com/id/A-Raspberry-Pi-Powered-Junk-Drum-Machine/
no info headers
176.-https://www.instructables.com/id/Angstrom-a-Tuneable-LED-Light-Source/
