0
https://www.hackster.io/Urdragon2/venturearia-b96315
https://www.hackster.io/blenster/derbycon-legacy-black-badge-ca2917
https://www.hackster.io/kutluhan-aktar/iot-remote-bookcase-light-and-message-panel-c22a91
https://www.hackster.io/Ingeimaks/diy-3d-printer-c351c2
https://www.hackster.io/balearicdynamics/pi-vision-961c7e
https://www.hackster.io/tolgadurudogan/a-chronicle-of-fails-401a59
https://www.hackster.io/prasimix/diy-power-pre-regulator-055c16
https://www.hackster.io/jiripraus/ever-blooming-mechanical-tulip-1b0323
https://www.hackster.io/petoi/opencat-845129
https://www.hackster.io/BobB/arduino-controlled-pinball-machine-525863
https://www.hackster.io/Domino60/uav-arduino-6432b5
https://www.hackster.io/chnry/ocs-2-a-digital-semi-modular-synthesizer-733ba9
https://www.hackster.io/matt-farley/world-s-smartest-home-feat-blockchain-chores-kids-crypto-025e83
https://www.hackster.io/temucin/arduino-uno-with-8-times-more-memory-f164b6
https://www.hackster.io/aldoz/jqr-quadruped-autonomous-robot-7475a5
https://www.hackster.io/dmoroni/retracts-55da12
https://www.hackster.io/robocircuits/arduino-quadcopter-e618c6
https://www.hackster.io/hivwolf/home-security-system-4c44d7
https://www.hackster.io/Biscuits24_/c-net-quadcopter-ead82c
https://www.hackster.io/cyborg-gibson-11/ultimate-kegerator-4a86e8
1
https://www.hackster.io/53982/autonomous-high-altitude-glider-055aa3
https://www.hackster.io/team-fluxx/fluxx-005ac5
https://www.hackster.io/user883426442/smart-fridge-self-replenishing-amazon-drs-php-api-4ed4e0
https://www.hackster.io/microlab-greece/arduino-two-ultrasonic-sensor-radar-continuous-rotation-de16ae
https://www.hackster.io/windowsiot/air-hockey-robot-7d7a24
https://www.hackster.io/kutluhan-aktar/how-to-create-a-website-communicating-arduino-by-using-php-ce5232
https://www.hackster.io/danionescu/mobile-remote-surveillance-camera-35519d
https://www.hackster.io/kimbab-studio/80-80-interactive-wall-61284b
https://www.hackster.io/SmarTech/deep-neural-network-hardware-accelerator-bda5e8
https://www.hackster.io/RFCaldas/suzie-model-one-cnc-machine-b4536f
https://www.hackster.io/zapwizard/functional-pip-boy-3000-mk4-from-fallout-4-5029aa
https://www.hackster.io/team-seeed-ae/a-plant-box-with-lighting-and-raining-bfc59b
https://www.hackster.io/Djpredator69/terrarium-with-linkit-one-9370bd
https://www.hackster.io/alvaroferran/intelliservo-upgrade-your-servos-3114b6
https://www.hackster.io/christopher-natan/android-and-raspberry-pi-vending-machine-kiosk-868f19
https://www.hackster.io/6332/guitar-hero-5c9a1d
https://www.hackster.io/sean_2050221/smart-braille-display-for-the-blind-b761aa
https://www.hackster.io/skyhoshi/automated-pet-feeder-00300f
https://www.hackster.io/RoboCircuits/arduino-digital-voltmeter-5v-85a39c
https://www.hackster.io/alirezakarkon/phantom-bat-0ff0fd
2
https://www.hackster.io/natthakit-kim-kang/click-canvas-an-interactive-wall-04332c
https://www.hackster.io/RolfK/two-wheeled-self-balancing-robot-with-stepper-motor-0c61ca
https://www.hackster.io/thinkberg/calliope-mini-bc95-nb-iot-module-14a784
https://www.hackster.io/Sverd_Industries/binary-wrist-watch-6f1f68
https://www.hackster.io/automaters/automated-chess-play-using-alexa-5dbd7a
https://www.hackster.io/mike-rigsby/mike-s-robot-dog-5fc8fc
https://www.hackster.io/kimbab-studio/pixel-blast-860b5a
https://www.hackster.io/dr-duino/gooniebox-can-you-solve-the-riddles-a94f56
https://www.hackster.io/ElvisWolcott/voice-activated-drink-mixer-d0d421
https://www.hackster.io/robocircuits/collision-avoidance-system-for-drones-7fede1
https://www.hackster.io/SeeedStudio/seeed-iotea-lora-solution-update-1811-860035
https://www.hackster.io/gauravmishra/cloud-connected-vaccine-monitoring-185ef9
https://www.hackster.io/eddy47/water-app-75c95d
https://www.hackster.io/otto-pcb/otto-diy-diy-pcb-7f95a1
https://www.hackster.io/YasithLokuge/navisys-03aa5f
https://www.hackster.io/robocircuits/8x8-dot-matrix-86ce7d
https://www.hackster.io/182654/intelligent-ac-solid-state-switch-64f028
https://www.hackster.io/faweiz/arduino-smart-car-9496c4
https://www.hackster.io/SeeedStudio/seeed-iotea-lora-solution-with-azure-update-1812-9bfc5d
https://www.hackster.io/salahuddin/ar-drone-controlling-system-based-on-3d-magnetic-sensor-fcd5fb
3
https://www.hackster.io/gniibe/bbg-swd-93bcea
https://www.hackster.io/thekidtonystark/iron-man-armor-mark-42-cfb09b
https://www.hackster.io/gniibe/bbg-swd-f6a408
https://www.hackster.io/4378/3d-controller-bot-8e0ee1
https://www.hackster.io/windows-iot/led-matrix-c00e39
https://www.hackster.io/7291/jarvis-c44cd8
https://www.hackster.io/team-fitpay/pebble-smartstrap-nfc-payments-746b7b
https://www.hackster.io/Anderson69s/jewel85-4aa71e
https://www.hackster.io/cvoinea/ultra96-speech-recognition-at-the-edge-27b3ac
https://www.hackster.io/adamjohns/lcd-display-distance-of-an-ultrasonic-sensor-a11459
https://www.hackster.io/Picaroon/surface-x-811e8c
https://www.hackster.io/Nyceane/walabot-ai-deadbolt-7a3e43
https://www.hackster.io/seanhodgins/christmas-ornament-that-3d-prints-christmas-ornaments-a82ad1
https://www.hackster.io/secured-pi/facial-recognition-rfid-lock-with-raspberry-pi-e81f98
https://www.hackster.io/fablab_irbid/kinetic-wave-sculpture-20a2e2
https://www.hackster.io/tiny-ants/reprap-3-dimentional-additive-manufacturing-printer-with-iot-e73d42
https://www.hackster.io/pianodevoyage/portable-midi-ble-keyboard-9d2a32
https://www.hackster.io/safer-drivers/vehicle-rear-vision-530a18
https://www.hackster.io/AlexisTM/the-autonomous-home-robot-e3390c
https://www.hackster.io/team-windows-iot/windows-iot-build-2015-b15-holobot-d41d84
4
https://www.hackster.io/raffaellob86/panther-b3a84e
https://www.hackster.io/colossus-davinci-553178/nextion-intelligent-fish-tank-project-5f43a0
https://www.hackster.io/jasper/jttqe-smart-home-b6ae2f
https://www.hackster.io/jd-sweet/armduino-api-a0e753
https://www.hackster.io/rishabhbanga/photon-powered-millennium-falcon-drone-012e7a
https://www.hackster.io/rickylqhan/wall-plotter-81c67c
https://www.hackster.io/madhuranga37/computer-vision-based-navigation-system-for-industrial-agvs-8dc4b3
https://www.hackster.io/gms-bionics/alexa-skill-for-seizure-risk-users-requires-wristband-c7f9c3
https://www.hackster.io/JeremySCook/clearwalker-polycarbonate-strandbeest-05225a
https://www.hackster.io/blue-scan/ultra96-skin-cancer-ai-06d4d4
https://www.hackster.io/jendeegan/focus-stacking-system-for-gametophyte-ferns-1bc883
https://www.hackster.io/kutluhan-aktar/make-an-enhanced-r2-d2-to-be-controlled-by-an-android-app-e54b3d
https://www.hackster.io/team-advanced-hackers/hacknet-4bcc5e
https://www.hackster.io/Arduino_Genuino/intel-math-kernel-library-on-arduino-1d0be4
https://www.hackster.io/gms-bionics/alexa-skill-for-seizure-risk-users-requires-wristband-8b64a1
https://www.hackster.io/anas2/smart-kickboxing-pad-2db483
https://www.hackster.io/we-simply-want-our-team-to-have-the-longest-name-ever/smart-sitrep-b508b2
https://www.hackster.io/faweiz/yun-motor-arduino-compatible-motor-shield-in-the-cloud-601d3e
https://www.hackster.io/darian-johnson/the-compost-professor-a-smart-composting-system-6a02f9
https://www.hackster.io/graham_chow/spooky-keyboard-229483
5
https://www.hackster.io/mhanuel/nxp-kinetics-smart-web-multimedia-iot-flexduino-platform-1a76f7
https://www.hackster.io/arnecaluwe/eventcheck-82cb5a
https://www.hackster.io/ElvisWolcott/random-rumble-generator-5b281a
https://www.hackster.io/aakash11/how-to-make-line-follower-a2f5bf
https://www.hackster.io/simp-team/how-to-make-an-arduino-japanese-kotatsu-heating-table-9cd54f
https://www.hackster.io/robocircuits/make-your-own-arduino-f6845a
https://www.hackster.io/skywalker-efe247/marveloucycle-4aafdb
https://www.hackster.io/super-kid/azure-uwp-coffee-shop-b50224
https://www.hackster.io/karimmufte/makes-ftp-server-using-windows-e7d086
https://www.hackster.io/team-artoo/artoo-2-0-bc6fba
https://www.hackster.io/east-west-university/walabot-powered-smart-camping-safety-device-f0c56b
https://www.hackster.io/hivwolf/smart-plant-house-e77b0d
https://www.hackster.io/irobot-team/iot-robot-8715a6
https://www.hackster.io/robocircuits/quadcopter-e33f4b
https://www.hackster.io/chathuranga-liyanage/compound-level-mapping-boat-835ca3
https://www.hackster.io/fdevtech/virtual-assistant-in-smart-home-d5292a
https://www.hackster.io/i2pi/phone-it-in-490214
https://www.hackster.io/waiyung/a-community-data-driven-air-quality-monitoring-system-6f8d45
https://www.hackster.io/wooknotes/the-first-smart-notebook-d86ae3
https://www.hackster.io/vslcreations/brain-game-simulator-87bec3
6
https://www.hackster.io/alvaroferran/motiosuit-82fe75
https://www.hackster.io/techiesms/connected-message-lamps-using-esp8266-iot-projects-6ca1e1
https://www.hackster.io/Synner/solar-powered-ai-managed-aquaponics-farm-bot-093519
https://www.hackster.io/project-brazil-team/gramado-f0ce07
https://www.hackster.io/alirezakarkon/flight-helmet-mayday-project-smart-flight-helmet-4bde89
https://www.hackster.io/Dhiraj_lpu/mark-pro-52-smart-agv-576d8e
https://www.hackster.io/arunkumarramanan/universal-ai-c1483c
https://www.hackster.io/vandenbrande/photo-electric-alarm-using-the-ky-010-sensor-16780a
https://www.hackster.io/feilipu/goldilocks-analogue-prototyping-3-8368cf
https://www.hackster.io/ewu-makers/voice-based-home-appliances-controlling-system-3cad05
https://www.hackster.io/robocircuits/arduino-drone-4c0ccb
https://www.hackster.io/Inner-Circle-187/hoverboard-x6-inner-circle-b36865
https://www.hackster.io/pvrego/dogrobot-a-home-c4isr-system-027d6f
https://www.hackster.io/128344/control-arduino-robot-arms-and-legs-with-your-body-movement-00c791
https://www.hackster.io/phillip-funkhouser/world-s-first-mobile-rollable-digital-display-a64da5
https://www.hackster.io/synerfaan/egfi-student-blog-palestinian-girls-invent-smart-cane-b395c7
https://www.hackster.io/reubenongexe/ultimate-security-home-5dca0f
https://www.hackster.io/PSoC_Rocks/utility-scale-solar-power-plant-s-arrays-dry-cleaning-robot-2e5289
https://www.hackster.io/RoboCircuits/ultimate-object-sensing-80f991
https://www.hackster.io/object-syndicate-llc/crop-watch-ff9002
7
https://www.hackster.io/gac-squad/the-light-that-brightened-the-gac-7e3292
https://www.hackster.io/the-ohmonics/the-ohminator-analog-synthesizer-142dc7
https://www.hackster.io/ewu-makers/environmental-robot-for-detecting-toxic-gases-109d83
https://www.hackster.io/presshatdotnet/armyo-e23427
https://www.hackster.io/prasannaa-kumar/color-sensor-with-particle-boron-a63e10
https://www.hackster.io/terren/crash-some-bowling-pins-with-an-alexa-and-echo-buttons-bb2d82
https://www.hackster.io/FutureSharks/hifi-preamplifier-6a236a
https://www.hackster.io/pars/neurosurgical-instrument-re-design-4d57f8
https://www.hackster.io/eformula/formula-sae-electric-quad-inverter-593f40
https://www.hackster.io/waltervieteshen/endgame-d10f03
https://www.hackster.io/theSTEMpedia/candy-claw-machine-arduino-based-arcade-game-f51ee6
https://www.hackster.io/radiona/ulx3s-project-f946c2
https://www.hackster.io/ray-brown/arduino-based-direct-kinematics-animatronic-worm-f2af04
https://www.hackster.io/robocircuits/soldering-atmega328p-smd-5eb3e8
https://www.hackster.io/jendeegan/testing-and-operating-my-focus-stacking-mechanism-c30c5b
https://www.hackster.io/logan-baldridge/spotify-pod-streaming-music-to-the-pocketbeagle-57a180
https://www.hackster.io/d3cline/luciscan-ble-spectrometer-d056d5
https://www.hackster.io/mohamadbagher/two-rocket-gauge-device-in-a-laboratory-424244
https://www.hackster.io/ewu-makers/interactive-music-robot-musicbot-41b89a
https://www.hackster.io/mahdihir/medical-adhesive-tape-test-2e5321
8
https://www.hackster.io/Pigeon-Kicker/decoupled-modded-split-rail-power-pack-be5074
https://www.hackster.io/ken-reiss/olympic-trainer-my-echo-button-contest-skill-bfc14d
